The system is: Linux - 6.8.0-59-generic - x86_64
Compiling the C compiler identification source file "CMakeCCompilerId.c" succeeded.
Compiler: /home/toolchain/S73/SGW/gcc-linaro-7.3.1-2018.05-x86_64_aarch64-linux-gnu/bin/aarch64-linux-gnu-gcc 
Build flags: ;-O2;-pipe;-g;-feliminate-unused-debug-types;;-DMTK_BOOTDEV_TYPE=1;-Os
Id flags:  

The output was:
0


Compilation of the C compiler identification source "CMakeCCompilerId.c" produced "a.out"

The C compiler identification is GNU, found in "/home/nvidia/df/S73_SGW/build/CMakeFiles/3.12.2/CompilerIdC/a.out"

Compiling the CXX compiler identification source file "CMakeCXXCompilerId.cpp" succeeded.
Compiler: /home/toolchain/S73/SGW/gcc-linaro-7.3.1-2018.05-x86_64_aarch64-linux-gnu/bin/aarch64-linux-gnu-g++ 
Build flags: ;-O2;-pipe;-g;-feliminate-unused-debug-types;;-DMTK_BOOTDEV_TYPE=1;-Os
Id flags:  

The output was:
0


Compilation of the CXX compiler identification source "CMakeCXXCompilerId.cpp" produced "a.out"

The CXX compiler identification is GNU, found in "/home/nvidia/df/S73_SGW/build/CMakeFiles/3.12.2/CompilerIdCXX/a.out"

Determining if the C compiler works passed with the following output:
Change Dir: /home/nvidia/df/S73_SGW/build/CMakeFiles/CMakeTmp

Run Build Command:"/usr/bin/gmake" "cmTC_2dd70/fast"
/usr/bin/gmake -f CMakeFiles/cmTC_2dd70.dir/build.make CMakeFiles/cmTC_2dd70.dir/build
gmake[1]: Entering directory '/home/nvidia/df/S73_SGW/build/CMakeFiles/CMakeTmp'
Building C object CMakeFiles/cmTC_2dd70.dir/testCCompiler.c.o
/home/toolchain/S73/SGW/gcc-linaro-7.3.1-2018.05-x86_64_aarch64-linux-gnu/bin/aarch64-linux-gnu-gcc   -O2 -pipe -g -feliminate-unused-debug-types  -DMTK_BOOTDEV_TYPE=1 -Os    -o CMakeFiles/cmTC_2dd70.dir/testCCompiler.c.o   -c /home/nvidia/df/S73_SGW/build/CMakeFiles/CMakeTmp/testCCompiler.c
Linking C executable cmTC_2dd70
/home/toolchain/S73/TBOX/oecore-x86_64/ql-ol-crosstool/sysroots/x86_64-oesdk-linux/usr/bin/cmake -E cmake_link_script CMakeFiles/cmTC_2dd70.dir/link.txt --verbose=1
/home/toolchain/S73/SGW/gcc-linaro-7.3.1-2018.05-x86_64_aarch64-linux-gnu/bin/aarch64-linux-gnu-gcc -O2 -pipe -g -feliminate-unused-debug-types  -DMTK_BOOTDEV_TYPE=1 -Os   -Wl,-O1 -Wl,--hash-style=gnu -Wl,--as-needed  -rdynamic CMakeFiles/cmTC_2dd70.dir/testCCompiler.c.o  -o cmTC_2dd70 
gmake[1]: Leaving directory '/home/nvidia/df/S73_SGW/build/CMakeFiles/CMakeTmp'


Detecting C compiler ABI info compiled with the following output:
Change Dir: /home/nvidia/df/S73_SGW/build/CMakeFiles/CMakeTmp

Run Build Command:"/usr/bin/gmake" "cmTC_6e457/fast"
/usr/bin/gmake -f CMakeFiles/cmTC_6e457.dir/build.make CMakeFiles/cmTC_6e457.dir/build
gmake[1]: Entering directory '/home/nvidia/df/S73_SGW/build/CMakeFiles/CMakeTmp'
Building C object CMakeFiles/cmTC_6e457.dir/CMakeCCompilerABI.c.o
/home/toolchain/S73/SGW/gcc-linaro-7.3.1-2018.05-x86_64_aarch64-linux-gnu/bin/aarch64-linux-gnu-gcc   -O2 -pipe -g -feliminate-unused-debug-types  -DMTK_BOOTDEV_TYPE=1 -Os    -o CMakeFiles/cmTC_6e457.dir/CMakeCCompilerABI.c.o   -c /home/toolchain/S73/TBOX/oecore-x86_64/ql-ol-crosstool/sysroots/x86_64-oesdk-linux/usr/share/cmake-3.12/Modules/CMakeCCompilerABI.c
Linking C executable cmTC_6e457
/home/toolchain/S73/TBOX/oecore-x86_64/ql-ol-crosstool/sysroots/x86_64-oesdk-linux/usr/bin/cmake -E cmake_link_script CMakeFiles/cmTC_6e457.dir/link.txt --verbose=1
/home/toolchain/S73/SGW/gcc-linaro-7.3.1-2018.05-x86_64_aarch64-linux-gnu/bin/aarch64-linux-gnu-gcc -O2 -pipe -g -feliminate-unused-debug-types  -DMTK_BOOTDEV_TYPE=1 -Os   -Wl,-O1 -Wl,--hash-style=gnu -Wl,--as-needed -v -rdynamic CMakeFiles/cmTC_6e457.dir/CMakeCCompilerABI.c.o  -o cmTC_6e457 
Using built-in specs.
COLLECT_GCC=/home/toolchain/S73/SGW/gcc-linaro-7.3.1-2018.05-x86_64_aarch64-linux-gnu/bin/aarch64-linux-gnu-gcc
COLLECT_LTO_WRAPPER=/home/toolchain/S73/SGW/gcc-linaro-7.3.1-2018.05-x86_64_aarch64-linux-gnu/bin/../libexec/gcc/aarch64-linux-gnu/7.3.1/lto-wrapper
Target: aarch64-linux-gnu
Configured with: '/home/tcwg-buildslave/workspace/tcwg-make-release/builder_arch/amd64/label/tcwg-x86_64-build/target/aarch64-linux-gnu/snapshots/gcc.git~linaro-7.3-2018.05/configure' SHELL=/bin/bash --with-mpc=/home/tcwg-buildslave/workspace/tcwg-make-release/builder_arch/amd64/label/tcwg-x86_64-build/target/aarch64-linux-gnu/_build/builds/destdir/x86_64-unknown-linux-gnu --with-mpfr=/home/tcwg-buildslave/workspace/tcwg-make-release/builder_arch/amd64/label/tcwg-x86_64-build/target/aarch64-linux-gnu/_build/builds/destdir/x86_64-unknown-linux-gnu --with-gmp=/home/tcwg-buildslave/workspace/tcwg-make-release/builder_arch/amd64/label/tcwg-x86_64-build/target/aarch64-linux-gnu/_build/builds/destdir/x86_64-unknown-linux-gnu --with-gnu-as --with-gnu-ld --disable-libmudflap --enable-lto --enable-shared --without-included-gettext --enable-nls --with-system-zlib --disable-sjlj-exceptions --enable-gnu-unique-object --enable-linker-build-id --disable-libstdcxx-pch --enable-c99 --enable-clocale=gnu --enable-libstdcxx-debug --enable-long-long --with-cloog=no --with-ppl=no --with-isl=no --disable-multilib --enable-fix-cortex-a53-835769 --enable-fix-cortex-a53-843419 --with-arch=armv8-a --enable-threads=posix --enable-multiarch --enable-libstdcxx-time=yes --enable-gnu-indirect-function --with-build-sysroot=/home/tcwg-buildslave/workspace/tcwg-make-release/builder_arch/amd64/label/tcwg-x86_64-build/target/aarch64-linux-gnu/_build/sysroots/aarch64-linux-gnu --with-sysroot=/home/tcwg-buildslave/workspace/tcwg-make-release/builder_arch/amd64/label/tcwg-x86_64-build/target/aarch64-linux-gnu/_build/builds/destdir/x86_64-unknown-linux-gnu/aarch64-linux-gnu/libc --enable-checking=release --disable-bootstrap --enable-languages=c,c++,fortran,lto --build=x86_64-unknown-linux-gnu --host=x86_64-unknown-linux-gnu --target=aarch64-linux-gnu --prefix=/home/tcwg-buildslave/workspace/tcwg-make-release/builder_arch/amd64/label/tcwg-x86_64-build/target/aarch64-linux-gnu/_build/builds/destdir/x86_64-unknown-linux-gnu
Thread model: posix
gcc version 7.3.1 20180425 [linaro-7.3-2018.05 revision d29120a424ecfbc167ef90065c0eeb7f91977701] (Linaro GCC 7.3-2018.05) 
COMPILER_PATH=/home/toolchain/S73/SGW/gcc-linaro-7.3.1-2018.05-x86_64_aarch64-linux-gnu/bin/../libexec/gcc/aarch64-linux-gnu/7.3.1/:/home/toolchain/S73/SGW/gcc-linaro-7.3.1-2018.05-x86_64_aarch64-linux-gnu/bin/../libexec/gcc/aarch64-linux-gnu/:/home/toolchain/S73/SGW/gcc-linaro-7.3.1-2018.05-x86_64_aarch64-linux-gnu/bin/../libexec/gcc/:/home/toolchain/S73/SGW/gcc-linaro-7.3.1-2018.05-x86_64_aarch64-linux-gnu/bin/../lib/gcc/aarch64-linux-gnu/7.3.1/../../../../aarch64-linux-gnu/bin/
LIBRARY_PATH=/home/toolchain/S73/SGW/gcc-linaro-7.3.1-2018.05-x86_64_aarch64-linux-gnu/bin/../lib/gcc/aarch64-linux-gnu/7.3.1/:/home/toolchain/S73/SGW/gcc-linaro-7.3.1-2018.05-x86_64_aarch64-linux-gnu/bin/../lib/gcc/aarch64-linux-gnu/:/home/toolchain/S73/SGW/gcc-linaro-7.3.1-2018.05-x86_64_aarch64-linux-gnu/bin/../lib/gcc/:/home/toolchain/S73/SGW/gcc-linaro-7.3.1-2018.05-x86_64_aarch64-linux-gnu/bin/../lib/gcc/aarch64-linux-gnu/7.3.1/../../../../aarch64-linux-gnu/lib/../lib64/:/home/toolchain/S73/SGW/gcc-linaro-7.3.1-2018.05-x86_64_aarch64-linux-gnu/bin/../lib/gcc/aarch64-linux-gnu/7.3.1/../../../../aarch64-linux-gnu/lib/:/home/toolchain/S73/SGW/gcc-linaro-7.3.1-2018.05-x86_64_aarch64-linux-gnu/bin/../aarch64-linux-gnu/libc/lib/:/home/toolchain/S73/SGW/gcc-linaro-7.3.1-2018.05-x86_64_aarch64-linux-gnu/bin/../aarch64-linux-gnu/libc/usr/lib/
COLLECT_GCC_OPTIONS='-O2' '-pipe' '-g' '-feliminate-unused-debug-types' '-D' 'MTK_BOOTDEV_TYPE=1' '-Os' '-v' '-rdynamic' '-o' 'cmTC_6e457' '-march=armv8-a' '-mlittle-endian' '-mabi=lp64'
 /home/toolchain/S73/SGW/gcc-linaro-7.3.1-2018.05-x86_64_aarch64-linux-gnu/bin/../libexec/gcc/aarch64-linux-gnu/7.3.1/collect2 -plugin /home/toolchain/S73/SGW/gcc-linaro-7.3.1-2018.05-x86_64_aarch64-linux-gnu/bin/../libexec/gcc/aarch64-linux-gnu/7.3.1/liblto_plugin.so -plugin-opt=/home/toolchain/S73/SGW/gcc-linaro-7.3.1-2018.05-x86_64_aarch64-linux-gnu/bin/../libexec/gcc/aarch64-linux-gnu/7.3.1/lto-wrapper -plugin-opt=-fresolution=/tmp/ccQWGXAC.res -plugin-opt=-pass-through=-lgcc -plugin-opt=-pass-through=-lgcc_s -plugin-opt=-pass-through=-lc -plugin-opt=-pass-through=-lgcc -plugin-opt=-pass-through=-lgcc_s --sysroot=/home/toolchain/S73/SGW/gcc-linaro-7.3.1-2018.05-x86_64_aarch64-linux-gnu/bin/../aarch64-linux-gnu/libc --build-id --eh-frame-hdr -export-dynamic -dynamic-linker /lib/ld-linux-aarch64.so.1 -X -EL -maarch64linux --fix-cortex-a53-835769 --fix-cortex-a53-843419 -o cmTC_6e457 /home/toolchain/S73/SGW/gcc-linaro-7.3.1-2018.05-x86_64_aarch64-linux-gnu/bin/../aarch64-linux-gnu/libc/usr/lib/crt1.o /home/toolchain/S73/SGW/gcc-linaro-7.3.1-2018.05-x86_64_aarch64-linux-gnu/bin/../aarch64-linux-gnu/libc/usr/lib/crti.o /home/toolchain/S73/SGW/gcc-linaro-7.3.1-2018.05-x86_64_aarch64-linux-gnu/bin/../lib/gcc/aarch64-linux-gnu/7.3.1/crtbegin.o -L/home/toolchain/S73/SGW/gcc-linaro-7.3.1-2018.05-x86_64_aarch64-linux-gnu/bin/../lib/gcc/aarch64-linux-gnu/7.3.1 -L/home/toolchain/S73/SGW/gcc-linaro-7.3.1-2018.05-x86_64_aarch64-linux-gnu/bin/../lib/gcc/aarch64-linux-gnu -L/home/toolchain/S73/SGW/gcc-linaro-7.3.1-2018.05-x86_64_aarch64-linux-gnu/bin/../lib/gcc -L/home/toolchain/S73/SGW/gcc-linaro-7.3.1-2018.05-x86_64_aarch64-linux-gnu/bin/../lib/gcc/aarch64-linux-gnu/7.3.1/../../../../aarch64-linux-gnu/lib/../lib64 -L/home/toolchain/S73/SGW/gcc-linaro-7.3.1-2018.05-x86_64_aarch64-linux-gnu/bin/../lib/gcc/aarch64-linux-gnu/7.3.1/../../../../aarch64-linux-gnu/lib -L/home/toolchain/S73/SGW/gcc-linaro-7.3.1-2018.05-x86_64_aarch64-linux-gnu/bin/../aarch64-linux-gnu/libc/lib -L/home/toolchain/S73/SGW/gcc-linaro-7.3.1-2018.05-x86_64_aarch64-linux-gnu/bin/../aarch64-linux-gnu/libc/usr/lib -O1 --hash-style=gnu --as-needed CMakeFiles/cmTC_6e457.dir/CMakeCCompilerABI.c.o -lgcc --as-needed -lgcc_s --no-as-needed -lc -lgcc --as-needed -lgcc_s --no-as-needed /home/toolchain/S73/SGW/gcc-linaro-7.3.1-2018.05-x86_64_aarch64-linux-gnu/bin/../lib/gcc/aarch64-linux-gnu/7.3.1/crtend.o /home/toolchain/S73/SGW/gcc-linaro-7.3.1-2018.05-x86_64_aarch64-linux-gnu/bin/../aarch64-linux-gnu/libc/usr/lib/crtn.o
COLLECT_GCC_OPTIONS='-O2' '-pipe' '-g' '-feliminate-unused-debug-types' '-D' 'MTK_BOOTDEV_TYPE=1' '-Os' '-v' '-rdynamic' '-o' 'cmTC_6e457' '-march=armv8-a' '-mlittle-endian' '-mabi=lp64'
gmake[1]: Leaving directory '/home/nvidia/df/S73_SGW/build/CMakeFiles/CMakeTmp'


Parsed C implicit link information from above output:
  link line regex: [^( *|.*[/\])(CMAKE_LINKER-NOTFOUND|CMAKE_LINK_STARTFILE-NOTFOUND|([^/\]+-)?ld|collect2)[^/\]*( |$)]
  ignore line: [Change Dir: /home/nvidia/df/S73_SGW/build/CMakeFiles/CMakeTmp]
  ignore line: []
  ignore line: [Run Build Command:"/usr/bin/gmake" "cmTC_6e457/fast"]
  ignore line: [/usr/bin/gmake -f CMakeFiles/cmTC_6e457.dir/build.make CMakeFiles/cmTC_6e457.dir/build]
  ignore line: [gmake[1]: Entering directory '/home/nvidia/df/S73_SGW/build/CMakeFiles/CMakeTmp']
  ignore line: [Building C object CMakeFiles/cmTC_6e457.dir/CMakeCCompilerABI.c.o]
  ignore line: [/home/toolchain/S73/SGW/gcc-linaro-7.3.1-2018.05-x86_64_aarch64-linux-gnu/bin/aarch64-linux-gnu-gcc   -O2 -pipe -g -feliminate-unused-debug-types  -DMTK_BOOTDEV_TYPE=1 -Os    -o CMakeFiles/cmTC_6e457.dir/CMakeCCompilerABI.c.o   -c /home/toolchain/S73/TBOX/oecore-x86_64/ql-ol-crosstool/sysroots/x86_64-oesdk-linux/usr/share/cmake-3.12/Modules/CMakeCCompilerABI.c]
  ignore line: [Linking C executable cmTC_6e457]
  ignore line: [/home/toolchain/S73/TBOX/oecore-x86_64/ql-ol-crosstool/sysroots/x86_64-oesdk-linux/usr/bin/cmake -E cmake_link_script CMakeFiles/cmTC_6e457.dir/link.txt --verbose=1]
  ignore line: [/home/toolchain/S73/SGW/gcc-linaro-7.3.1-2018.05-x86_64_aarch64-linux-gnu/bin/aarch64-linux-gnu-gcc -O2 -pipe -g -feliminate-unused-debug-types  -DMTK_BOOTDEV_TYPE=1 -Os   -Wl,-O1 -Wl,--hash-style=gnu -Wl,--as-needed -v -rdynamic CMakeFiles/cmTC_6e457.dir/CMakeCCompilerABI.c.o  -o cmTC_6e457 ]
  ignore line: [Using built-in specs.]
  ignore line: [COLLECT_GCC=/home/toolchain/S73/SGW/gcc-linaro-7.3.1-2018.05-x86_64_aarch64-linux-gnu/bin/aarch64-linux-gnu-gcc]
  ignore line: [COLLECT_LTO_WRAPPER=/home/toolchain/S73/SGW/gcc-linaro-7.3.1-2018.05-x86_64_aarch64-linux-gnu/bin/../libexec/gcc/aarch64-linux-gnu/7.3.1/lto-wrapper]
  ignore line: [Target: aarch64-linux-gnu]
  ignore line: [Configured with: '/home/tcwg-buildslave/workspace/tcwg-make-release/builder_arch/amd64/label/tcwg-x86_64-build/target/aarch64-linux-gnu/snapshots/gcc.git~linaro-7.3-2018.05/configure' SHELL=/bin/bash --with-mpc=/home/tcwg-buildslave/workspace/tcwg-make-release/builder_arch/amd64/label/tcwg-x86_64-build/target/aarch64-linux-gnu/_build/builds/destdir/x86_64-unknown-linux-gnu --with-mpfr=/home/tcwg-buildslave/workspace/tcwg-make-release/builder_arch/amd64/label/tcwg-x86_64-build/target/aarch64-linux-gnu/_build/builds/destdir/x86_64-unknown-linux-gnu --with-gmp=/home/tcwg-buildslave/workspace/tcwg-make-release/builder_arch/amd64/label/tcwg-x86_64-build/target/aarch64-linux-gnu/_build/builds/destdir/x86_64-unknown-linux-gnu --with-gnu-as --with-gnu-ld --disable-libmudflap --enable-lto --enable-shared --without-included-gettext --enable-nls --with-system-zlib --disable-sjlj-exceptions --enable-gnu-unique-object --enable-linker-build-id --disable-libstdcxx-pch --enable-c99 --enable-clocale=gnu --enable-libstdcxx-debug --enable-long-long --with-cloog=no --with-ppl=no --with-isl=no --disable-multilib --enable-fix-cortex-a53-835769 --enable-fix-cortex-a53-843419 --with-arch=armv8-a --enable-threads=posix --enable-multiarch --enable-libstdcxx-time=yes --enable-gnu-indirect-function --with-build-sysroot=/home/tcwg-buildslave/workspace/tcwg-make-release/builder_arch/amd64/label/tcwg-x86_64-build/target/aarch64-linux-gnu/_build/sysroots/aarch64-linux-gnu --with-sysroot=/home/tcwg-buildslave/workspace/tcwg-make-release/builder_arch/amd64/label/tcwg-x86_64-build/target/aarch64-linux-gnu/_build/builds/destdir/x86_64-unknown-linux-gnu/aarch64-linux-gnu/libc --enable-checking=release --disable-bootstrap --enable-languages=c,c++,fortran,lto --build=x86_64-unknown-linux-gnu --host=x86_64-unknown-linux-gnu --target=aarch64-linux-gnu --prefix=/home/tcwg-buildslave/workspace/tcwg-make-release/builder_arch/amd64/label/tcwg-x86_64-build/target/aarch64-linux-gnu/_build/builds/destdir/x86_64-unknown-linux-gnu]
  ignore line: [Thread model: posix]
  ignore line: [gcc version 7.3.1 20180425 [linaro-7.3-2018.05 revision d29120a424ecfbc167ef90065c0eeb7f91977701] (Linaro GCC 7.3-2018.05) ]
  ignore line: [COMPILER_PATH=/home/toolchain/S73/SGW/gcc-linaro-7.3.1-2018.05-x86_64_aarch64-linux-gnu/bin/../libexec/gcc/aarch64-linux-gnu/7.3.1/:/home/toolchain/S73/SGW/gcc-linaro-7.3.1-2018.05-x86_64_aarch64-linux-gnu/bin/../libexec/gcc/aarch64-linux-gnu/:/home/toolchain/S73/SGW/gcc-linaro-7.3.1-2018.05-x86_64_aarch64-linux-gnu/bin/../libexec/gcc/:/home/toolchain/S73/SGW/gcc-linaro-7.3.1-2018.05-x86_64_aarch64-linux-gnu/bin/../lib/gcc/aarch64-linux-gnu/7.3.1/../../../../aarch64-linux-gnu/bin/]
  ignore line: [LIBRARY_PATH=/home/toolchain/S73/SGW/gcc-linaro-7.3.1-2018.05-x86_64_aarch64-linux-gnu/bin/../lib/gcc/aarch64-linux-gnu/7.3.1/:/home/toolchain/S73/SGW/gcc-linaro-7.3.1-2018.05-x86_64_aarch64-linux-gnu/bin/../lib/gcc/aarch64-linux-gnu/:/home/toolchain/S73/SGW/gcc-linaro-7.3.1-2018.05-x86_64_aarch64-linux-gnu/bin/../lib/gcc/:/home/toolchain/S73/SGW/gcc-linaro-7.3.1-2018.05-x86_64_aarch64-linux-gnu/bin/../lib/gcc/aarch64-linux-gnu/7.3.1/../../../../aarch64-linux-gnu/lib/../lib64/:/home/toolchain/S73/SGW/gcc-linaro-7.3.1-2018.05-x86_64_aarch64-linux-gnu/bin/../lib/gcc/aarch64-linux-gnu/7.3.1/../../../../aarch64-linux-gnu/lib/:/home/toolchain/S73/SGW/gcc-linaro-7.3.1-2018.05-x86_64_aarch64-linux-gnu/bin/../aarch64-linux-gnu/libc/lib/:/home/toolchain/S73/SGW/gcc-linaro-7.3.1-2018.05-x86_64_aarch64-linux-gnu/bin/../aarch64-linux-gnu/libc/usr/lib/]
  ignore line: [COLLECT_GCC_OPTIONS='-O2' '-pipe' '-g' '-feliminate-unused-debug-types' '-D' 'MTK_BOOTDEV_TYPE=1' '-Os' '-v' '-rdynamic' '-o' 'cmTC_6e457' '-march=armv8-a' '-mlittle-endian' '-mabi=lp64']
  link line: [ /home/toolchain/S73/SGW/gcc-linaro-7.3.1-2018.05-x86_64_aarch64-linux-gnu/bin/../libexec/gcc/aarch64-linux-gnu/7.3.1/collect2 -plugin /home/toolchain/S73/SGW/gcc-linaro-7.3.1-2018.05-x86_64_aarch64-linux-gnu/bin/../libexec/gcc/aarch64-linux-gnu/7.3.1/liblto_plugin.so -plugin-opt=/home/toolchain/S73/SGW/gcc-linaro-7.3.1-2018.05-x86_64_aarch64-linux-gnu/bin/../libexec/gcc/aarch64-linux-gnu/7.3.1/lto-wrapper -plugin-opt=-fresolution=/tmp/ccQWGXAC.res -plugin-opt=-pass-through=-lgcc -plugin-opt=-pass-through=-lgcc_s -plugin-opt=-pass-through=-lc -plugin-opt=-pass-through=-lgcc -plugin-opt=-pass-through=-lgcc_s --sysroot=/home/toolchain/S73/SGW/gcc-linaro-7.3.1-2018.05-x86_64_aarch64-linux-gnu/bin/../aarch64-linux-gnu/libc --build-id --eh-frame-hdr -export-dynamic -dynamic-linker /lib/ld-linux-aarch64.so.1 -X -EL -maarch64linux --fix-cortex-a53-835769 --fix-cortex-a53-843419 -o cmTC_6e457 /home/toolchain/S73/SGW/gcc-linaro-7.3.1-2018.05-x86_64_aarch64-linux-gnu/bin/../aarch64-linux-gnu/libc/usr/lib/crt1.o /home/toolchain/S73/SGW/gcc-linaro-7.3.1-2018.05-x86_64_aarch64-linux-gnu/bin/../aarch64-linux-gnu/libc/usr/lib/crti.o /home/toolchain/S73/SGW/gcc-linaro-7.3.1-2018.05-x86_64_aarch64-linux-gnu/bin/../lib/gcc/aarch64-linux-gnu/7.3.1/crtbegin.o -L/home/toolchain/S73/SGW/gcc-linaro-7.3.1-2018.05-x86_64_aarch64-linux-gnu/bin/../lib/gcc/aarch64-linux-gnu/7.3.1 -L/home/toolchain/S73/SGW/gcc-linaro-7.3.1-2018.05-x86_64_aarch64-linux-gnu/bin/../lib/gcc/aarch64-linux-gnu -L/home/toolchain/S73/SGW/gcc-linaro-7.3.1-2018.05-x86_64_aarch64-linux-gnu/bin/../lib/gcc -L/home/toolchain/S73/SGW/gcc-linaro-7.3.1-2018.05-x86_64_aarch64-linux-gnu/bin/../lib/gcc/aarch64-linux-gnu/7.3.1/../../../../aarch64-linux-gnu/lib/../lib64 -L/home/toolchain/S73/SGW/gcc-linaro-7.3.1-2018.05-x86_64_aarch64-linux-gnu/bin/../lib/gcc/aarch64-linux-gnu/7.3.1/../../../../aarch64-linux-gnu/lib -L/home/toolchain/S73/SGW/gcc-linaro-7.3.1-2018.05-x86_64_aarch64-linux-gnu/bin/../aarch64-linux-gnu/libc/lib -L/home/toolchain/S73/SGW/gcc-linaro-7.3.1-2018.05-x86_64_aarch64-linux-gnu/bin/../aarch64-linux-gnu/libc/usr/lib -O1 --hash-style=gnu --as-needed CMakeFiles/cmTC_6e457.dir/CMakeCCompilerABI.c.o -lgcc --as-needed -lgcc_s --no-as-needed -lc -lgcc --as-needed -lgcc_s --no-as-needed /home/toolchain/S73/SGW/gcc-linaro-7.3.1-2018.05-x86_64_aarch64-linux-gnu/bin/../lib/gcc/aarch64-linux-gnu/7.3.1/crtend.o /home/toolchain/S73/SGW/gcc-linaro-7.3.1-2018.05-x86_64_aarch64-linux-gnu/bin/../aarch64-linux-gnu/libc/usr/lib/crtn.o]
    arg [/home/toolchain/S73/SGW/gcc-linaro-7.3.1-2018.05-x86_64_aarch64-linux-gnu/bin/../libexec/gcc/aarch64-linux-gnu/7.3.1/collect2] ==> ignore
    arg [-plugin] ==> ignore
    arg [/home/toolchain/S73/SGW/gcc-linaro-7.3.1-2018.05-x86_64_aarch64-linux-gnu/bin/../libexec/gcc/aarch64-linux-gnu/7.3.1/liblto_plugin.so] ==> ignore
    arg [-plugin-opt=/home/toolchain/S73/SGW/gcc-linaro-7.3.1-2018.05-x86_64_aarch64-linux-gnu/bin/../libexec/gcc/aarch64-linux-gnu/7.3.1/lto-wrapper] ==> ignore
    arg [-plugin-opt=-fresolution=/tmp/ccQWGXAC.res] ==> ignore
    arg [-plugin-opt=-pass-through=-lgcc] ==> ignore
    arg [-plugin-opt=-pass-through=-lgcc_s] ==> ignore
    arg [-plugin-opt=-pass-through=-lc] ==> ignore
    arg [-plugin-opt=-pass-through=-lgcc] ==> ignore
    arg [-plugin-opt=-pass-through=-lgcc_s] ==> ignore
    arg [--sysroot=/home/toolchain/S73/SGW/gcc-linaro-7.3.1-2018.05-x86_64_aarch64-linux-gnu/bin/../aarch64-linux-gnu/libc] ==> ignore
    arg [--build-id] ==> ignore
    arg [--eh-frame-hdr] ==> ignore
    arg [-export-dynamic] ==> ignore
    arg [-dynamic-linker] ==> ignore
    arg [/lib/ld-linux-aarch64.so.1] ==> ignore
    arg [-X] ==> ignore
    arg [-EL] ==> ignore
    arg [-maarch64linux] ==> ignore
    arg [--fix-cortex-a53-835769] ==> ignore
    arg [--fix-cortex-a53-843419] ==> ignore
    arg [-o] ==> ignore
    arg [cmTC_6e457] ==> ignore
    arg [/home/toolchain/S73/SGW/gcc-linaro-7.3.1-2018.05-x86_64_aarch64-linux-gnu/bin/../aarch64-linux-gnu/libc/usr/lib/crt1.o] ==> ignore
    arg [/home/toolchain/S73/SGW/gcc-linaro-7.3.1-2018.05-x86_64_aarch64-linux-gnu/bin/../aarch64-linux-gnu/libc/usr/lib/crti.o] ==> ignore
    arg [/home/toolchain/S73/SGW/gcc-linaro-7.3.1-2018.05-x86_64_aarch64-linux-gnu/bin/../lib/gcc/aarch64-linux-gnu/7.3.1/crtbegin.o] ==> ignore
    arg [-L/home/toolchain/S73/SGW/gcc-linaro-7.3.1-2018.05-x86_64_aarch64-linux-gnu/bin/../lib/gcc/aarch64-linux-gnu/7.3.1] ==> dir [/home/toolchain/S73/SGW/gcc-linaro-7.3.1-2018.05-x86_64_aarch64-linux-gnu/bin/../lib/gcc/aarch64-linux-gnu/7.3.1]
    arg [-L/home/toolchain/S73/SGW/gcc-linaro-7.3.1-2018.05-x86_64_aarch64-linux-gnu/bin/../lib/gcc/aarch64-linux-gnu] ==> dir [/home/toolchain/S73/SGW/gcc-linaro-7.3.1-2018.05-x86_64_aarch64-linux-gnu/bin/../lib/gcc/aarch64-linux-gnu]
    arg [-L/home/toolchain/S73/SGW/gcc-linaro-7.3.1-2018.05-x86_64_aarch64-linux-gnu/bin/../lib/gcc] ==> dir [/home/toolchain/S73/SGW/gcc-linaro-7.3.1-2018.05-x86_64_aarch64-linux-gnu/bin/../lib/gcc]
    arg [-L/home/toolchain/S73/SGW/gcc-linaro-7.3.1-2018.05-x86_64_aarch64-linux-gnu/bin/../lib/gcc/aarch64-linux-gnu/7.3.1/../../../../aarch64-linux-gnu/lib/../lib64] ==> dir [/home/toolchain/S73/SGW/gcc-linaro-7.3.1-2018.05-x86_64_aarch64-linux-gnu/bin/../lib/gcc/aarch64-linux-gnu/7.3.1/../../../../aarch64-linux-gnu/lib/../lib64]
    arg [-L/home/toolchain/S73/SGW/gcc-linaro-7.3.1-2018.05-x86_64_aarch64-linux-gnu/bin/../lib/gcc/aarch64-linux-gnu/7.3.1/../../../../aarch64-linux-gnu/lib] ==> dir [/home/toolchain/S73/SGW/gcc-linaro-7.3.1-2018.05-x86_64_aarch64-linux-gnu/bin/../lib/gcc/aarch64-linux-gnu/7.3.1/../../../../aarch64-linux-gnu/lib]
    arg [-L/home/toolchain/S73/SGW/gcc-linaro-7.3.1-2018.05-x86_64_aarch64-linux-gnu/bin/../aarch64-linux-gnu/libc/lib] ==> dir [/home/toolchain/S73/SGW/gcc-linaro-7.3.1-2018.05-x86_64_aarch64-linux-gnu/bin/../aarch64-linux-gnu/libc/lib]
    arg [-L/home/toolchain/S73/SGW/gcc-linaro-7.3.1-2018.05-x86_64_aarch64-linux-gnu/bin/../aarch64-linux-gnu/libc/usr/lib] ==> dir [/home/toolchain/S73/SGW/gcc-linaro-7.3.1-2018.05-x86_64_aarch64-linux-gnu/bin/../aarch64-linux-gnu/libc/usr/lib]
    arg [-O1] ==> ignore
    arg [--hash-style=gnu] ==> ignore
    arg [--as-needed] ==> ignore
    arg [CMakeFiles/cmTC_6e457.dir/CMakeCCompilerABI.c.o] ==> ignore
    arg [-lgcc] ==> lib [gcc]
    arg [--as-needed] ==> ignore
    arg [-lgcc_s] ==> lib [gcc_s]
    arg [--no-as-needed] ==> ignore
    arg [-lc] ==> lib [c]
    arg [-lgcc] ==> lib [gcc]
    arg [--as-needed] ==> ignore
    arg [-lgcc_s] ==> lib [gcc_s]
    arg [--no-as-needed] ==> ignore
    arg [/home/toolchain/S73/SGW/gcc-linaro-7.3.1-2018.05-x86_64_aarch64-linux-gnu/bin/../lib/gcc/aarch64-linux-gnu/7.3.1/crtend.o] ==> ignore
    arg [/home/toolchain/S73/SGW/gcc-linaro-7.3.1-2018.05-x86_64_aarch64-linux-gnu/bin/../aarch64-linux-gnu/libc/usr/lib/crtn.o] ==> ignore
  collapse library dir [/home/toolchain/S73/SGW/gcc-linaro-7.3.1-2018.05-x86_64_aarch64-linux-gnu/bin/../lib/gcc/aarch64-linux-gnu/7.3.1] ==> [/home/toolchain/S73/SGW/gcc-linaro-7.3.1-2018.05-x86_64_aarch64-linux-gnu/lib/gcc/aarch64-linux-gnu/7.3.1]
  collapse library dir [/home/toolchain/S73/SGW/gcc-linaro-7.3.1-2018.05-x86_64_aarch64-linux-gnu/bin/../lib/gcc/aarch64-linux-gnu] ==> [/home/toolchain/S73/SGW/gcc-linaro-7.3.1-2018.05-x86_64_aarch64-linux-gnu/lib/gcc/aarch64-linux-gnu]
  collapse library dir [/home/toolchain/S73/SGW/gcc-linaro-7.3.1-2018.05-x86_64_aarch64-linux-gnu/bin/../lib/gcc] ==> [/home/toolchain/S73/SGW/gcc-linaro-7.3.1-2018.05-x86_64_aarch64-linux-gnu/lib/gcc]
  collapse library dir [/home/toolchain/S73/SGW/gcc-linaro-7.3.1-2018.05-x86_64_aarch64-linux-gnu/bin/../lib/gcc/aarch64-linux-gnu/7.3.1/../../../../aarch64-linux-gnu/lib/../lib64] ==> [/home/toolchain/S73/SGW/gcc-linaro-7.3.1-2018.05-x86_64_aarch64-linux-gnu/aarch64-linux-gnu/lib64]
  collapse library dir [/home/toolchain/S73/SGW/gcc-linaro-7.3.1-2018.05-x86_64_aarch64-linux-gnu/bin/../lib/gcc/aarch64-linux-gnu/7.3.1/../../../../aarch64-linux-gnu/lib] ==> [/home/toolchain/S73/SGW/gcc-linaro-7.3.1-2018.05-x86_64_aarch64-linux-gnu/aarch64-linux-gnu/lib]
  collapse library dir [/home/toolchain/S73/SGW/gcc-linaro-7.3.1-2018.05-x86_64_aarch64-linux-gnu/bin/../aarch64-linux-gnu/libc/lib] ==> [/home/toolchain/S73/SGW/gcc-linaro-7.3.1-2018.05-x86_64_aarch64-linux-gnu/aarch64-linux-gnu/libc/lib]
  collapse library dir [/home/toolchain/S73/SGW/gcc-linaro-7.3.1-2018.05-x86_64_aarch64-linux-gnu/bin/../aarch64-linux-gnu/libc/usr/lib] ==> [/home/toolchain/S73/SGW/gcc-linaro-7.3.1-2018.05-x86_64_aarch64-linux-gnu/aarch64-linux-gnu/libc/usr/lib]
  implicit libs: [gcc;gcc_s;c;gcc;gcc_s]
  implicit dirs: [/home/toolchain/S73/SGW/gcc-linaro-7.3.1-2018.05-x86_64_aarch64-linux-gnu/lib/gcc/aarch64-linux-gnu/7.3.1;/home/toolchain/S73/SGW/gcc-linaro-7.3.1-2018.05-x86_64_aarch64-linux-gnu/lib/gcc/aarch64-linux-gnu;/home/toolchain/S73/SGW/gcc-linaro-7.3.1-2018.05-x86_64_aarch64-linux-gnu/lib/gcc;/home/toolchain/S73/SGW/gcc-linaro-7.3.1-2018.05-x86_64_aarch64-linux-gnu/aarch64-linux-gnu/lib64;/home/toolchain/S73/SGW/gcc-linaro-7.3.1-2018.05-x86_64_aarch64-linux-gnu/aarch64-linux-gnu/lib;/home/toolchain/S73/SGW/gcc-linaro-7.3.1-2018.05-x86_64_aarch64-linux-gnu/aarch64-linux-gnu/libc/lib;/home/toolchain/S73/SGW/gcc-linaro-7.3.1-2018.05-x86_64_aarch64-linux-gnu/aarch64-linux-gnu/libc/usr/lib]
  implicit fwks: []




Detecting C [-std=c11] compiler features compiled with the following output:
Change Dir: /home/nvidia/df/S73_SGW/build/CMakeFiles/CMakeTmp

Run Build Command:"/usr/bin/gmake" "cmTC_2a3a3/fast"
/usr/bin/gmake -f CMakeFiles/cmTC_2a3a3.dir/build.make CMakeFiles/cmTC_2a3a3.dir/build
gmake[1]: Entering directory '/home/nvidia/df/S73_SGW/build/CMakeFiles/CMakeTmp'
Building C object CMakeFiles/cmTC_2a3a3.dir/feature_tests.c.o
/home/toolchain/S73/SGW/gcc-linaro-7.3.1-2018.05-x86_64_aarch64-linux-gnu/bin/aarch64-linux-gnu-gcc   -O2 -pipe -g -feliminate-unused-debug-types  -DMTK_BOOTDEV_TYPE=1 -Os    -std=c11 -o CMakeFiles/cmTC_2a3a3.dir/feature_tests.c.o   -c /home/nvidia/df/S73_SGW/build/CMakeFiles/feature_tests.c
Linking C executable cmTC_2a3a3
/home/toolchain/S73/TBOX/oecore-x86_64/ql-ol-crosstool/sysroots/x86_64-oesdk-linux/usr/bin/cmake -E cmake_link_script CMakeFiles/cmTC_2a3a3.dir/link.txt --verbose=1
/home/toolchain/S73/SGW/gcc-linaro-7.3.1-2018.05-x86_64_aarch64-linux-gnu/bin/aarch64-linux-gnu-gcc -O2 -pipe -g -feliminate-unused-debug-types  -DMTK_BOOTDEV_TYPE=1 -Os   -Wl,-O1 -Wl,--hash-style=gnu -Wl,--as-needed  -rdynamic CMakeFiles/cmTC_2a3a3.dir/feature_tests.c.o  -o cmTC_2a3a3 
gmake[1]: Leaving directory '/home/nvidia/df/S73_SGW/build/CMakeFiles/CMakeTmp'


    Feature record: C_FEATURE:1c_function_prototypes
    Feature record: C_FEATURE:1c_restrict
    Feature record: C_FEATURE:1c_static_assert
    Feature record: C_FEATURE:1c_variadic_macros


Detecting C [-std=c99] compiler features compiled with the following output:
Change Dir: /home/nvidia/df/S73_SGW/build/CMakeFiles/CMakeTmp

Run Build Command:"/usr/bin/gmake" "cmTC_0b3b2/fast"
/usr/bin/gmake -f CMakeFiles/cmTC_0b3b2.dir/build.make CMakeFiles/cmTC_0b3b2.dir/build
gmake[1]: Entering directory '/home/nvidia/df/S73_SGW/build/CMakeFiles/CMakeTmp'
Building C object CMakeFiles/cmTC_0b3b2.dir/feature_tests.c.o
/home/toolchain/S73/SGW/gcc-linaro-7.3.1-2018.05-x86_64_aarch64-linux-gnu/bin/aarch64-linux-gnu-gcc   -O2 -pipe -g -feliminate-unused-debug-types  -DMTK_BOOTDEV_TYPE=1 -Os    -std=c99 -o CMakeFiles/cmTC_0b3b2.dir/feature_tests.c.o   -c /home/nvidia/df/S73_SGW/build/CMakeFiles/feature_tests.c
Linking C executable cmTC_0b3b2
/home/toolchain/S73/TBOX/oecore-x86_64/ql-ol-crosstool/sysroots/x86_64-oesdk-linux/usr/bin/cmake -E cmake_link_script CMakeFiles/cmTC_0b3b2.dir/link.txt --verbose=1
/home/toolchain/S73/SGW/gcc-linaro-7.3.1-2018.05-x86_64_aarch64-linux-gnu/bin/aarch64-linux-gnu-gcc -O2 -pipe -g -feliminate-unused-debug-types  -DMTK_BOOTDEV_TYPE=1 -Os   -Wl,-O1 -Wl,--hash-style=gnu -Wl,--as-needed  -rdynamic CMakeFiles/cmTC_0b3b2.dir/feature_tests.c.o  -o cmTC_0b3b2 
gmake[1]: Leaving directory '/home/nvidia/df/S73_SGW/build/CMakeFiles/CMakeTmp'


    Feature record: C_FEATURE:1c_function_prototypes
    Feature record: C_FEATURE:1c_restrict
    Feature record: C_FEATURE:0c_static_assert
    Feature record: C_FEATURE:1c_variadic_macros


Detecting C [-std=c90] compiler features compiled with the following output:
Change Dir: /home/nvidia/df/S73_SGW/build/CMakeFiles/CMakeTmp

Run Build Command:"/usr/bin/gmake" "cmTC_e165e/fast"
/usr/bin/gmake -f CMakeFiles/cmTC_e165e.dir/build.make CMakeFiles/cmTC_e165e.dir/build
gmake[1]: Entering directory '/home/nvidia/df/S73_SGW/build/CMakeFiles/CMakeTmp'
Building C object CMakeFiles/cmTC_e165e.dir/feature_tests.c.o
/home/toolchain/S73/SGW/gcc-linaro-7.3.1-2018.05-x86_64_aarch64-linux-gnu/bin/aarch64-linux-gnu-gcc   -O2 -pipe -g -feliminate-unused-debug-types  -DMTK_BOOTDEV_TYPE=1 -Os    -std=c90 -o CMakeFiles/cmTC_e165e.dir/feature_tests.c.o   -c /home/nvidia/df/S73_SGW/build/CMakeFiles/feature_tests.c
Linking C executable cmTC_e165e
/home/toolchain/S73/TBOX/oecore-x86_64/ql-ol-crosstool/sysroots/x86_64-oesdk-linux/usr/bin/cmake -E cmake_link_script CMakeFiles/cmTC_e165e.dir/link.txt --verbose=1
/home/toolchain/S73/SGW/gcc-linaro-7.3.1-2018.05-x86_64_aarch64-linux-gnu/bin/aarch64-linux-gnu-gcc -O2 -pipe -g -feliminate-unused-debug-types  -DMTK_BOOTDEV_TYPE=1 -Os   -Wl,-O1 -Wl,--hash-style=gnu -Wl,--as-needed  -rdynamic CMakeFiles/cmTC_e165e.dir/feature_tests.c.o  -o cmTC_e165e 
gmake[1]: Leaving directory '/home/nvidia/df/S73_SGW/build/CMakeFiles/CMakeTmp'


    Feature record: C_FEATURE:1c_function_prototypes
    Feature record: C_FEATURE:0c_restrict
    Feature record: C_FEATURE:0c_static_assert
    Feature record: C_FEATURE:0c_variadic_macros
Determining if the CXX compiler works passed with the following output:
Change Dir: /home/nvidia/df/S73_SGW/build/CMakeFiles/CMakeTmp

Run Build Command:"/usr/bin/gmake" "cmTC_0df98/fast"
/usr/bin/gmake -f CMakeFiles/cmTC_0df98.dir/build.make CMakeFiles/cmTC_0df98.dir/build
gmake[1]: Entering directory '/home/nvidia/df/S73_SGW/build/CMakeFiles/CMakeTmp'
Building CXX object CMakeFiles/cmTC_0df98.dir/testCXXCompiler.cxx.o
/home/toolchain/S73/SGW/gcc-linaro-7.3.1-2018.05-x86_64_aarch64-linux-gnu/bin/aarch64-linux-gnu-g++    -O2 -pipe -g -feliminate-unused-debug-types  -DMTK_BOOTDEV_TYPE=1 -Os    -o CMakeFiles/cmTC_0df98.dir/testCXXCompiler.cxx.o -c /home/nvidia/df/S73_SGW/build/CMakeFiles/CMakeTmp/testCXXCompiler.cxx
Linking CXX executable cmTC_0df98
/home/toolchain/S73/TBOX/oecore-x86_64/ql-ol-crosstool/sysroots/x86_64-oesdk-linux/usr/bin/cmake -E cmake_link_script CMakeFiles/cmTC_0df98.dir/link.txt --verbose=1
/home/toolchain/S73/SGW/gcc-linaro-7.3.1-2018.05-x86_64_aarch64-linux-gnu/bin/aarch64-linux-gnu-g++  -O2 -pipe -g -feliminate-unused-debug-types  -DMTK_BOOTDEV_TYPE=1 -Os   -Wl,-O1 -Wl,--hash-style=gnu -Wl,--as-needed  -rdynamic CMakeFiles/cmTC_0df98.dir/testCXXCompiler.cxx.o  -o cmTC_0df98 
gmake[1]: Leaving directory '/home/nvidia/df/S73_SGW/build/CMakeFiles/CMakeTmp'


Detecting CXX compiler ABI info compiled with the following output:
Change Dir: /home/nvidia/df/S73_SGW/build/CMakeFiles/CMakeTmp

Run Build Command:"/usr/bin/gmake" "cmTC_22331/fast"
/usr/bin/gmake -f CMakeFiles/cmTC_22331.dir/build.make CMakeFiles/cmTC_22331.dir/build
gmake[1]: Entering directory '/home/nvidia/df/S73_SGW/build/CMakeFiles/CMakeTmp'
Building CXX object CMakeFiles/cmTC_22331.dir/CMakeCXXCompilerABI.cpp.o
/home/toolchain/S73/SGW/gcc-linaro-7.3.1-2018.05-x86_64_aarch64-linux-gnu/bin/aarch64-linux-gnu-g++    -O2 -pipe -g -feliminate-unused-debug-types  -DMTK_BOOTDEV_TYPE=1 -Os    -o CMakeFiles/cmTC_22331.dir/CMakeCXXCompilerABI.cpp.o -c /home/toolchain/S73/TBOX/oecore-x86_64/ql-ol-crosstool/sysroots/x86_64-oesdk-linux/usr/share/cmake-3.12/Modules/CMakeCXXCompilerABI.cpp
Linking CXX executable cmTC_22331
/home/toolchain/S73/TBOX/oecore-x86_64/ql-ol-crosstool/sysroots/x86_64-oesdk-linux/usr/bin/cmake -E cmake_link_script CMakeFiles/cmTC_22331.dir/link.txt --verbose=1
/home/toolchain/S73/SGW/gcc-linaro-7.3.1-2018.05-x86_64_aarch64-linux-gnu/bin/aarch64-linux-gnu-g++  -O2 -pipe -g -feliminate-unused-debug-types  -DMTK_BOOTDEV_TYPE=1 -Os   -Wl,-O1 -Wl,--hash-style=gnu -Wl,--as-needed -v -rdynamic CMakeFiles/cmTC_22331.dir/CMakeCXXCompilerABI.cpp.o  -o cmTC_22331 
Using built-in specs.
COLLECT_GCC=/home/toolchain/S73/SGW/gcc-linaro-7.3.1-2018.05-x86_64_aarch64-linux-gnu/bin/aarch64-linux-gnu-g++
COLLECT_LTO_WRAPPER=/home/toolchain/S73/SGW/gcc-linaro-7.3.1-2018.05-x86_64_aarch64-linux-gnu/bin/../libexec/gcc/aarch64-linux-gnu/7.3.1/lto-wrapper
Target: aarch64-linux-gnu
Configured with: '/home/tcwg-buildslave/workspace/tcwg-make-release/builder_arch/amd64/label/tcwg-x86_64-build/target/aarch64-linux-gnu/snapshots/gcc.git~linaro-7.3-2018.05/configure' SHELL=/bin/bash --with-mpc=/home/tcwg-buildslave/workspace/tcwg-make-release/builder_arch/amd64/label/tcwg-x86_64-build/target/aarch64-linux-gnu/_build/builds/destdir/x86_64-unknown-linux-gnu --with-mpfr=/home/tcwg-buildslave/workspace/tcwg-make-release/builder_arch/amd64/label/tcwg-x86_64-build/target/aarch64-linux-gnu/_build/builds/destdir/x86_64-unknown-linux-gnu --with-gmp=/home/tcwg-buildslave/workspace/tcwg-make-release/builder_arch/amd64/label/tcwg-x86_64-build/target/aarch64-linux-gnu/_build/builds/destdir/x86_64-unknown-linux-gnu --with-gnu-as --with-gnu-ld --disable-libmudflap --enable-lto --enable-shared --without-included-gettext --enable-nls --with-system-zlib --disable-sjlj-exceptions --enable-gnu-unique-object --enable-linker-build-id --disable-libstdcxx-pch --enable-c99 --enable-clocale=gnu --enable-libstdcxx-debug --enable-long-long --with-cloog=no --with-ppl=no --with-isl=no --disable-multilib --enable-fix-cortex-a53-835769 --enable-fix-cortex-a53-843419 --with-arch=armv8-a --enable-threads=posix --enable-multiarch --enable-libstdcxx-time=yes --enable-gnu-indirect-function --with-build-sysroot=/home/tcwg-buildslave/workspace/tcwg-make-release/builder_arch/amd64/label/tcwg-x86_64-build/target/aarch64-linux-gnu/_build/sysroots/aarch64-linux-gnu --with-sysroot=/home/tcwg-buildslave/workspace/tcwg-make-release/builder_arch/amd64/label/tcwg-x86_64-build/target/aarch64-linux-gnu/_build/builds/destdir/x86_64-unknown-linux-gnu/aarch64-linux-gnu/libc --enable-checking=release --disable-bootstrap --enable-languages=c,c++,fortran,lto --build=x86_64-unknown-linux-gnu --host=x86_64-unknown-linux-gnu --target=aarch64-linux-gnu --prefix=/home/tcwg-buildslave/workspace/tcwg-make-release/builder_arch/amd64/label/tcwg-x86_64-build/target/aarch64-linux-gnu/_build/builds/destdir/x86_64-unknown-linux-gnu
Thread model: posix
gcc version 7.3.1 20180425 [linaro-7.3-2018.05 revision d29120a424ecfbc167ef90065c0eeb7f91977701] (Linaro GCC 7.3-2018.05) 
COMPILER_PATH=/home/toolchain/S73/SGW/gcc-linaro-7.3.1-2018.05-x86_64_aarch64-linux-gnu/bin/../libexec/gcc/aarch64-linux-gnu/7.3.1/:/home/toolchain/S73/SGW/gcc-linaro-7.3.1-2018.05-x86_64_aarch64-linux-gnu/bin/../libexec/gcc/aarch64-linux-gnu/:/home/toolchain/S73/SGW/gcc-linaro-7.3.1-2018.05-x86_64_aarch64-linux-gnu/bin/../libexec/gcc/:/home/toolchain/S73/SGW/gcc-linaro-7.3.1-2018.05-x86_64_aarch64-linux-gnu/bin/../lib/gcc/aarch64-linux-gnu/7.3.1/../../../../aarch64-linux-gnu/bin/
LIBRARY_PATH=/home/toolchain/S73/SGW/gcc-linaro-7.3.1-2018.05-x86_64_aarch64-linux-gnu/bin/../lib/gcc/aarch64-linux-gnu/7.3.1/:/home/toolchain/S73/SGW/gcc-linaro-7.3.1-2018.05-x86_64_aarch64-linux-gnu/bin/../lib/gcc/aarch64-linux-gnu/:/home/toolchain/S73/SGW/gcc-linaro-7.3.1-2018.05-x86_64_aarch64-linux-gnu/bin/../lib/gcc/:/home/toolchain/S73/SGW/gcc-linaro-7.3.1-2018.05-x86_64_aarch64-linux-gnu/bin/../lib/gcc/aarch64-linux-gnu/7.3.1/../../../../aarch64-linux-gnu/lib/../lib64/:/home/toolchain/S73/SGW/gcc-linaro-7.3.1-2018.05-x86_64_aarch64-linux-gnu/bin/../lib/gcc/aarch64-linux-gnu/7.3.1/../../../../aarch64-linux-gnu/lib/:/home/toolchain/S73/SGW/gcc-linaro-7.3.1-2018.05-x86_64_aarch64-linux-gnu/bin/../aarch64-linux-gnu/libc/lib/:/home/toolchain/S73/SGW/gcc-linaro-7.3.1-2018.05-x86_64_aarch64-linux-gnu/bin/../aarch64-linux-gnu/libc/usr/lib/
COLLECT_GCC_OPTIONS='-O2' '-pipe' '-g' '-feliminate-unused-debug-types' '-D' 'MTK_BOOTDEV_TYPE=1' '-Os' '-v' '-rdynamic' '-o' 'cmTC_22331' '-shared-libgcc' '-march=armv8-a' '-mlittle-endian' '-mabi=lp64'
 /home/toolchain/S73/SGW/gcc-linaro-7.3.1-2018.05-x86_64_aarch64-linux-gnu/bin/../libexec/gcc/aarch64-linux-gnu/7.3.1/collect2 -plugin /home/toolchain/S73/SGW/gcc-linaro-7.3.1-2018.05-x86_64_aarch64-linux-gnu/bin/../libexec/gcc/aarch64-linux-gnu/7.3.1/liblto_plugin.so -plugin-opt=/home/toolchain/S73/SGW/gcc-linaro-7.3.1-2018.05-x86_64_aarch64-linux-gnu/bin/../libexec/gcc/aarch64-linux-gnu/7.3.1/lto-wrapper -plugin-opt=-fresolution=/tmp/ccccDo9E.res -plugin-opt=-pass-through=-lgcc_s -plugin-opt=-pass-through=-lgcc -plugin-opt=-pass-through=-lc -plugin-opt=-pass-through=-lgcc_s -plugin-opt=-pass-through=-lgcc --sysroot=/home/toolchain/S73/SGW/gcc-linaro-7.3.1-2018.05-x86_64_aarch64-linux-gnu/bin/../aarch64-linux-gnu/libc --build-id --eh-frame-hdr -export-dynamic -dynamic-linker /lib/ld-linux-aarch64.so.1 -X -EL -maarch64linux --fix-cortex-a53-835769 --fix-cortex-a53-843419 -o cmTC_22331 /home/toolchain/S73/SGW/gcc-linaro-7.3.1-2018.05-x86_64_aarch64-linux-gnu/bin/../aarch64-linux-gnu/libc/usr/lib/crt1.o /home/toolchain/S73/SGW/gcc-linaro-7.3.1-2018.05-x86_64_aarch64-linux-gnu/bin/../aarch64-linux-gnu/libc/usr/lib/crti.o /home/toolchain/S73/SGW/gcc-linaro-7.3.1-2018.05-x86_64_aarch64-linux-gnu/bin/../lib/gcc/aarch64-linux-gnu/7.3.1/crtbegin.o -L/home/toolchain/S73/SGW/gcc-linaro-7.3.1-2018.05-x86_64_aarch64-linux-gnu/bin/../lib/gcc/aarch64-linux-gnu/7.3.1 -L/home/toolchain/S73/SGW/gcc-linaro-7.3.1-2018.05-x86_64_aarch64-linux-gnu/bin/../lib/gcc/aarch64-linux-gnu -L/home/toolchain/S73/SGW/gcc-linaro-7.3.1-2018.05-x86_64_aarch64-linux-gnu/bin/../lib/gcc -L/home/toolchain/S73/SGW/gcc-linaro-7.3.1-2018.05-x86_64_aarch64-linux-gnu/bin/../lib/gcc/aarch64-linux-gnu/7.3.1/../../../../aarch64-linux-gnu/lib/../lib64 -L/home/toolchain/S73/SGW/gcc-linaro-7.3.1-2018.05-x86_64_aarch64-linux-gnu/bin/../lib/gcc/aarch64-linux-gnu/7.3.1/../../../../aarch64-linux-gnu/lib -L/home/toolchain/S73/SGW/gcc-linaro-7.3.1-2018.05-x86_64_aarch64-linux-gnu/bin/../aarch64-linux-gnu/libc/lib -L/home/toolchain/S73/SGW/gcc-linaro-7.3.1-2018.05-x86_64_aarch64-linux-gnu/bin/../aarch64-linux-gnu/libc/usr/lib -O1 --hash-style=gnu --as-needed CMakeFiles/cmTC_22331.dir/CMakeCXXCompilerABI.cpp.o -lstdc++ -lm -lgcc_s -lgcc -lc -lgcc_s -lgcc /home/toolchain/S73/SGW/gcc-linaro-7.3.1-2018.05-x86_64_aarch64-linux-gnu/bin/../lib/gcc/aarch64-linux-gnu/7.3.1/crtend.o /home/toolchain/S73/SGW/gcc-linaro-7.3.1-2018.05-x86_64_aarch64-linux-gnu/bin/../aarch64-linux-gnu/libc/usr/lib/crtn.o
COLLECT_GCC_OPTIONS='-O2' '-pipe' '-g' '-feliminate-unused-debug-types' '-D' 'MTK_BOOTDEV_TYPE=1' '-Os' '-v' '-rdynamic' '-o' 'cmTC_22331' '-shared-libgcc' '-march=armv8-a' '-mlittle-endian' '-mabi=lp64'
gmake[1]: Leaving directory '/home/nvidia/df/S73_SGW/build/CMakeFiles/CMakeTmp'


Parsed CXX implicit link information from above output:
  link line regex: [^( *|.*[/\])(CMAKE_LINKER-NOTFOUND|CMAKE_LINK_STARTFILE-NOTFOUND|([^/\]+-)?ld|collect2)[^/\]*( |$)]
  ignore line: [Change Dir: /home/nvidia/df/S73_SGW/build/CMakeFiles/CMakeTmp]
  ignore line: []
  ignore line: [Run Build Command:"/usr/bin/gmake" "cmTC_22331/fast"]
  ignore line: [/usr/bin/gmake -f CMakeFiles/cmTC_22331.dir/build.make CMakeFiles/cmTC_22331.dir/build]
  ignore line: [gmake[1]: Entering directory '/home/nvidia/df/S73_SGW/build/CMakeFiles/CMakeTmp']
  ignore line: [Building CXX object CMakeFiles/cmTC_22331.dir/CMakeCXXCompilerABI.cpp.o]
  ignore line: [/home/toolchain/S73/SGW/gcc-linaro-7.3.1-2018.05-x86_64_aarch64-linux-gnu/bin/aarch64-linux-gnu-g++    -O2 -pipe -g -feliminate-unused-debug-types  -DMTK_BOOTDEV_TYPE=1 -Os    -o CMakeFiles/cmTC_22331.dir/CMakeCXXCompilerABI.cpp.o -c /home/toolchain/S73/TBOX/oecore-x86_64/ql-ol-crosstool/sysroots/x86_64-oesdk-linux/usr/share/cmake-3.12/Modules/CMakeCXXCompilerABI.cpp]
  ignore line: [Linking CXX executable cmTC_22331]
  ignore line: [/home/toolchain/S73/TBOX/oecore-x86_64/ql-ol-crosstool/sysroots/x86_64-oesdk-linux/usr/bin/cmake -E cmake_link_script CMakeFiles/cmTC_22331.dir/link.txt --verbose=1]
  ignore line: [/home/toolchain/S73/SGW/gcc-linaro-7.3.1-2018.05-x86_64_aarch64-linux-gnu/bin/aarch64-linux-gnu-g++  -O2 -pipe -g -feliminate-unused-debug-types  -DMTK_BOOTDEV_TYPE=1 -Os   -Wl,-O1 -Wl,--hash-style=gnu -Wl,--as-needed -v -rdynamic CMakeFiles/cmTC_22331.dir/CMakeCXXCompilerABI.cpp.o  -o cmTC_22331 ]
  ignore line: [Using built-in specs.]
  ignore line: [COLLECT_GCC=/home/toolchain/S73/SGW/gcc-linaro-7.3.1-2018.05-x86_64_aarch64-linux-gnu/bin/aarch64-linux-gnu-g++]
  ignore line: [COLLECT_LTO_WRAPPER=/home/toolchain/S73/SGW/gcc-linaro-7.3.1-2018.05-x86_64_aarch64-linux-gnu/bin/../libexec/gcc/aarch64-linux-gnu/7.3.1/lto-wrapper]
  ignore line: [Target: aarch64-linux-gnu]
  ignore line: [Configured with: '/home/tcwg-buildslave/workspace/tcwg-make-release/builder_arch/amd64/label/tcwg-x86_64-build/target/aarch64-linux-gnu/snapshots/gcc.git~linaro-7.3-2018.05/configure' SHELL=/bin/bash --with-mpc=/home/tcwg-buildslave/workspace/tcwg-make-release/builder_arch/amd64/label/tcwg-x86_64-build/target/aarch64-linux-gnu/_build/builds/destdir/x86_64-unknown-linux-gnu --with-mpfr=/home/tcwg-buildslave/workspace/tcwg-make-release/builder_arch/amd64/label/tcwg-x86_64-build/target/aarch64-linux-gnu/_build/builds/destdir/x86_64-unknown-linux-gnu --with-gmp=/home/tcwg-buildslave/workspace/tcwg-make-release/builder_arch/amd64/label/tcwg-x86_64-build/target/aarch64-linux-gnu/_build/builds/destdir/x86_64-unknown-linux-gnu --with-gnu-as --with-gnu-ld --disable-libmudflap --enable-lto --enable-shared --without-included-gettext --enable-nls --with-system-zlib --disable-sjlj-exceptions --enable-gnu-unique-object --enable-linker-build-id --disable-libstdcxx-pch --enable-c99 --enable-clocale=gnu --enable-libstdcxx-debug --enable-long-long --with-cloog=no --with-ppl=no --with-isl=no --disable-multilib --enable-fix-cortex-a53-835769 --enable-fix-cortex-a53-843419 --with-arch=armv8-a --enable-threads=posix --enable-multiarch --enable-libstdcxx-time=yes --enable-gnu-indirect-function --with-build-sysroot=/home/tcwg-buildslave/workspace/tcwg-make-release/builder_arch/amd64/label/tcwg-x86_64-build/target/aarch64-linux-gnu/_build/sysroots/aarch64-linux-gnu --with-sysroot=/home/tcwg-buildslave/workspace/tcwg-make-release/builder_arch/amd64/label/tcwg-x86_64-build/target/aarch64-linux-gnu/_build/builds/destdir/x86_64-unknown-linux-gnu/aarch64-linux-gnu/libc --enable-checking=release --disable-bootstrap --enable-languages=c,c++,fortran,lto --build=x86_64-unknown-linux-gnu --host=x86_64-unknown-linux-gnu --target=aarch64-linux-gnu --prefix=/home/tcwg-buildslave/workspace/tcwg-make-release/builder_arch/amd64/label/tcwg-x86_64-build/target/aarch64-linux-gnu/_build/builds/destdir/x86_64-unknown-linux-gnu]
  ignore line: [Thread model: posix]
  ignore line: [gcc version 7.3.1 20180425 [linaro-7.3-2018.05 revision d29120a424ecfbc167ef90065c0eeb7f91977701] (Linaro GCC 7.3-2018.05) ]
  ignore line: [COMPILER_PATH=/home/toolchain/S73/SGW/gcc-linaro-7.3.1-2018.05-x86_64_aarch64-linux-gnu/bin/../libexec/gcc/aarch64-linux-gnu/7.3.1/:/home/toolchain/S73/SGW/gcc-linaro-7.3.1-2018.05-x86_64_aarch64-linux-gnu/bin/../libexec/gcc/aarch64-linux-gnu/:/home/toolchain/S73/SGW/gcc-linaro-7.3.1-2018.05-x86_64_aarch64-linux-gnu/bin/../libexec/gcc/:/home/toolchain/S73/SGW/gcc-linaro-7.3.1-2018.05-x86_64_aarch64-linux-gnu/bin/../lib/gcc/aarch64-linux-gnu/7.3.1/../../../../aarch64-linux-gnu/bin/]
  ignore line: [LIBRARY_PATH=/home/toolchain/S73/SGW/gcc-linaro-7.3.1-2018.05-x86_64_aarch64-linux-gnu/bin/../lib/gcc/aarch64-linux-gnu/7.3.1/:/home/toolchain/S73/SGW/gcc-linaro-7.3.1-2018.05-x86_64_aarch64-linux-gnu/bin/../lib/gcc/aarch64-linux-gnu/:/home/toolchain/S73/SGW/gcc-linaro-7.3.1-2018.05-x86_64_aarch64-linux-gnu/bin/../lib/gcc/:/home/toolchain/S73/SGW/gcc-linaro-7.3.1-2018.05-x86_64_aarch64-linux-gnu/bin/../lib/gcc/aarch64-linux-gnu/7.3.1/../../../../aarch64-linux-gnu/lib/../lib64/:/home/toolchain/S73/SGW/gcc-linaro-7.3.1-2018.05-x86_64_aarch64-linux-gnu/bin/../lib/gcc/aarch64-linux-gnu/7.3.1/../../../../aarch64-linux-gnu/lib/:/home/toolchain/S73/SGW/gcc-linaro-7.3.1-2018.05-x86_64_aarch64-linux-gnu/bin/../aarch64-linux-gnu/libc/lib/:/home/toolchain/S73/SGW/gcc-linaro-7.3.1-2018.05-x86_64_aarch64-linux-gnu/bin/../aarch64-linux-gnu/libc/usr/lib/]
  ignore line: [COLLECT_GCC_OPTIONS='-O2' '-pipe' '-g' '-feliminate-unused-debug-types' '-D' 'MTK_BOOTDEV_TYPE=1' '-Os' '-v' '-rdynamic' '-o' 'cmTC_22331' '-shared-libgcc' '-march=armv8-a' '-mlittle-endian' '-mabi=lp64']
  link line: [ /home/toolchain/S73/SGW/gcc-linaro-7.3.1-2018.05-x86_64_aarch64-linux-gnu/bin/../libexec/gcc/aarch64-linux-gnu/7.3.1/collect2 -plugin /home/toolchain/S73/SGW/gcc-linaro-7.3.1-2018.05-x86_64_aarch64-linux-gnu/bin/../libexec/gcc/aarch64-linux-gnu/7.3.1/liblto_plugin.so -plugin-opt=/home/toolchain/S73/SGW/gcc-linaro-7.3.1-2018.05-x86_64_aarch64-linux-gnu/bin/../libexec/gcc/aarch64-linux-gnu/7.3.1/lto-wrapper -plugin-opt=-fresolution=/tmp/ccccDo9E.res -plugin-opt=-pass-through=-lgcc_s -plugin-opt=-pass-through=-lgcc -plugin-opt=-pass-through=-lc -plugin-opt=-pass-through=-lgcc_s -plugin-opt=-pass-through=-lgcc --sysroot=/home/toolchain/S73/SGW/gcc-linaro-7.3.1-2018.05-x86_64_aarch64-linux-gnu/bin/../aarch64-linux-gnu/libc --build-id --eh-frame-hdr -export-dynamic -dynamic-linker /lib/ld-linux-aarch64.so.1 -X -EL -maarch64linux --fix-cortex-a53-835769 --fix-cortex-a53-843419 -o cmTC_22331 /home/toolchain/S73/SGW/gcc-linaro-7.3.1-2018.05-x86_64_aarch64-linux-gnu/bin/../aarch64-linux-gnu/libc/usr/lib/crt1.o /home/toolchain/S73/SGW/gcc-linaro-7.3.1-2018.05-x86_64_aarch64-linux-gnu/bin/../aarch64-linux-gnu/libc/usr/lib/crti.o /home/toolchain/S73/SGW/gcc-linaro-7.3.1-2018.05-x86_64_aarch64-linux-gnu/bin/../lib/gcc/aarch64-linux-gnu/7.3.1/crtbegin.o -L/home/toolchain/S73/SGW/gcc-linaro-7.3.1-2018.05-x86_64_aarch64-linux-gnu/bin/../lib/gcc/aarch64-linux-gnu/7.3.1 -L/home/toolchain/S73/SGW/gcc-linaro-7.3.1-2018.05-x86_64_aarch64-linux-gnu/bin/../lib/gcc/aarch64-linux-gnu -L/home/toolchain/S73/SGW/gcc-linaro-7.3.1-2018.05-x86_64_aarch64-linux-gnu/bin/../lib/gcc -L/home/toolchain/S73/SGW/gcc-linaro-7.3.1-2018.05-x86_64_aarch64-linux-gnu/bin/../lib/gcc/aarch64-linux-gnu/7.3.1/../../../../aarch64-linux-gnu/lib/../lib64 -L/home/toolchain/S73/SGW/gcc-linaro-7.3.1-2018.05-x86_64_aarch64-linux-gnu/bin/../lib/gcc/aarch64-linux-gnu/7.3.1/../../../../aarch64-linux-gnu/lib -L/home/toolchain/S73/SGW/gcc-linaro-7.3.1-2018.05-x86_64_aarch64-linux-gnu/bin/../aarch64-linux-gnu/libc/lib -L/home/toolchain/S73/SGW/gcc-linaro-7.3.1-2018.05-x86_64_aarch64-linux-gnu/bin/../aarch64-linux-gnu/libc/usr/lib -O1 --hash-style=gnu --as-needed CMakeFiles/cmTC_22331.dir/CMakeCXXCompilerABI.cpp.o -lstdc++ -lm -lgcc_s -lgcc -lc -lgcc_s -lgcc /home/toolchain/S73/SGW/gcc-linaro-7.3.1-2018.05-x86_64_aarch64-linux-gnu/bin/../lib/gcc/aarch64-linux-gnu/7.3.1/crtend.o /home/toolchain/S73/SGW/gcc-linaro-7.3.1-2018.05-x86_64_aarch64-linux-gnu/bin/../aarch64-linux-gnu/libc/usr/lib/crtn.o]
    arg [/home/toolchain/S73/SGW/gcc-linaro-7.3.1-2018.05-x86_64_aarch64-linux-gnu/bin/../libexec/gcc/aarch64-linux-gnu/7.3.1/collect2] ==> ignore
    arg [-plugin] ==> ignore
    arg [/home/toolchain/S73/SGW/gcc-linaro-7.3.1-2018.05-x86_64_aarch64-linux-gnu/bin/../libexec/gcc/aarch64-linux-gnu/7.3.1/liblto_plugin.so] ==> ignore
    arg [-plugin-opt=/home/toolchain/S73/SGW/gcc-linaro-7.3.1-2018.05-x86_64_aarch64-linux-gnu/bin/../libexec/gcc/aarch64-linux-gnu/7.3.1/lto-wrapper] ==> ignore
    arg [-plugin-opt=-fresolution=/tmp/ccccDo9E.res] ==> ignore
    arg [-plugin-opt=-pass-through=-lgcc_s] ==> ignore
    arg [-plugin-opt=-pass-through=-lgcc] ==> ignore
    arg [-plugin-opt=-pass-through=-lc] ==> ignore
    arg [-plugin-opt=-pass-through=-lgcc_s] ==> ignore
    arg [-plugin-opt=-pass-through=-lgcc] ==> ignore
    arg [--sysroot=/home/toolchain/S73/SGW/gcc-linaro-7.3.1-2018.05-x86_64_aarch64-linux-gnu/bin/../aarch64-linux-gnu/libc] ==> ignore
    arg [--build-id] ==> ignore
    arg [--eh-frame-hdr] ==> ignore
    arg [-export-dynamic] ==> ignore
    arg [-dynamic-linker] ==> ignore
    arg [/lib/ld-linux-aarch64.so.1] ==> ignore
    arg [-X] ==> ignore
    arg [-EL] ==> ignore
    arg [-maarch64linux] ==> ignore
    arg [--fix-cortex-a53-835769] ==> ignore
    arg [--fix-cortex-a53-843419] ==> ignore
    arg [-o] ==> ignore
    arg [cmTC_22331] ==> ignore
    arg [/home/toolchain/S73/SGW/gcc-linaro-7.3.1-2018.05-x86_64_aarch64-linux-gnu/bin/../aarch64-linux-gnu/libc/usr/lib/crt1.o] ==> ignore
    arg [/home/toolchain/S73/SGW/gcc-linaro-7.3.1-2018.05-x86_64_aarch64-linux-gnu/bin/../aarch64-linux-gnu/libc/usr/lib/crti.o] ==> ignore
    arg [/home/toolchain/S73/SGW/gcc-linaro-7.3.1-2018.05-x86_64_aarch64-linux-gnu/bin/../lib/gcc/aarch64-linux-gnu/7.3.1/crtbegin.o] ==> ignore
    arg [-L/home/toolchain/S73/SGW/gcc-linaro-7.3.1-2018.05-x86_64_aarch64-linux-gnu/bin/../lib/gcc/aarch64-linux-gnu/7.3.1] ==> dir [/home/toolchain/S73/SGW/gcc-linaro-7.3.1-2018.05-x86_64_aarch64-linux-gnu/bin/../lib/gcc/aarch64-linux-gnu/7.3.1]
    arg [-L/home/toolchain/S73/SGW/gcc-linaro-7.3.1-2018.05-x86_64_aarch64-linux-gnu/bin/../lib/gcc/aarch64-linux-gnu] ==> dir [/home/toolchain/S73/SGW/gcc-linaro-7.3.1-2018.05-x86_64_aarch64-linux-gnu/bin/../lib/gcc/aarch64-linux-gnu]
    arg [-L/home/toolchain/S73/SGW/gcc-linaro-7.3.1-2018.05-x86_64_aarch64-linux-gnu/bin/../lib/gcc] ==> dir [/home/toolchain/S73/SGW/gcc-linaro-7.3.1-2018.05-x86_64_aarch64-linux-gnu/bin/../lib/gcc]
    arg [-L/home/toolchain/S73/SGW/gcc-linaro-7.3.1-2018.05-x86_64_aarch64-linux-gnu/bin/../lib/gcc/aarch64-linux-gnu/7.3.1/../../../../aarch64-linux-gnu/lib/../lib64] ==> dir [/home/toolchain/S73/SGW/gcc-linaro-7.3.1-2018.05-x86_64_aarch64-linux-gnu/bin/../lib/gcc/aarch64-linux-gnu/7.3.1/../../../../aarch64-linux-gnu/lib/../lib64]
    arg [-L/home/toolchain/S73/SGW/gcc-linaro-7.3.1-2018.05-x86_64_aarch64-linux-gnu/bin/../lib/gcc/aarch64-linux-gnu/7.3.1/../../../../aarch64-linux-gnu/lib] ==> dir [/home/toolchain/S73/SGW/gcc-linaro-7.3.1-2018.05-x86_64_aarch64-linux-gnu/bin/../lib/gcc/aarch64-linux-gnu/7.3.1/../../../../aarch64-linux-gnu/lib]
    arg [-L/home/toolchain/S73/SGW/gcc-linaro-7.3.1-2018.05-x86_64_aarch64-linux-gnu/bin/../aarch64-linux-gnu/libc/lib] ==> dir [/home/toolchain/S73/SGW/gcc-linaro-7.3.1-2018.05-x86_64_aarch64-linux-gnu/bin/../aarch64-linux-gnu/libc/lib]
    arg [-L/home/toolchain/S73/SGW/gcc-linaro-7.3.1-2018.05-x86_64_aarch64-linux-gnu/bin/../aarch64-linux-gnu/libc/usr/lib] ==> dir [/home/toolchain/S73/SGW/gcc-linaro-7.3.1-2018.05-x86_64_aarch64-linux-gnu/bin/../aarch64-linux-gnu/libc/usr/lib]
    arg [-O1] ==> ignore
    arg [--hash-style=gnu] ==> ignore
    arg [--as-needed] ==> ignore
    arg [CMakeFiles/cmTC_22331.dir/CMakeCXXCompilerABI.cpp.o] ==> ignore
    arg [-lstdc++] ==> lib [stdc++]
    arg [-lm] ==> lib [m]
    arg [-lgcc_s] ==> lib [gcc_s]
    arg [-lgcc] ==> lib [gcc]
    arg [-lc] ==> lib [c]
    arg [-lgcc_s] ==> lib [gcc_s]
    arg [-lgcc] ==> lib [gcc]
    arg [/home/toolchain/S73/SGW/gcc-linaro-7.3.1-2018.05-x86_64_aarch64-linux-gnu/bin/../lib/gcc/aarch64-linux-gnu/7.3.1/crtend.o] ==> ignore
    arg [/home/toolchain/S73/SGW/gcc-linaro-7.3.1-2018.05-x86_64_aarch64-linux-gnu/bin/../aarch64-linux-gnu/libc/usr/lib/crtn.o] ==> ignore
  collapse library dir [/home/toolchain/S73/SGW/gcc-linaro-7.3.1-2018.05-x86_64_aarch64-linux-gnu/bin/../lib/gcc/aarch64-linux-gnu/7.3.1] ==> [/home/toolchain/S73/SGW/gcc-linaro-7.3.1-2018.05-x86_64_aarch64-linux-gnu/lib/gcc/aarch64-linux-gnu/7.3.1]
  collapse library dir [/home/toolchain/S73/SGW/gcc-linaro-7.3.1-2018.05-x86_64_aarch64-linux-gnu/bin/../lib/gcc/aarch64-linux-gnu] ==> [/home/toolchain/S73/SGW/gcc-linaro-7.3.1-2018.05-x86_64_aarch64-linux-gnu/lib/gcc/aarch64-linux-gnu]
  collapse library dir [/home/toolchain/S73/SGW/gcc-linaro-7.3.1-2018.05-x86_64_aarch64-linux-gnu/bin/../lib/gcc] ==> [/home/toolchain/S73/SGW/gcc-linaro-7.3.1-2018.05-x86_64_aarch64-linux-gnu/lib/gcc]
  collapse library dir [/home/toolchain/S73/SGW/gcc-linaro-7.3.1-2018.05-x86_64_aarch64-linux-gnu/bin/../lib/gcc/aarch64-linux-gnu/7.3.1/../../../../aarch64-linux-gnu/lib/../lib64] ==> [/home/toolchain/S73/SGW/gcc-linaro-7.3.1-2018.05-x86_64_aarch64-linux-gnu/aarch64-linux-gnu/lib64]
  collapse library dir [/home/toolchain/S73/SGW/gcc-linaro-7.3.1-2018.05-x86_64_aarch64-linux-gnu/bin/../lib/gcc/aarch64-linux-gnu/7.3.1/../../../../aarch64-linux-gnu/lib] ==> [/home/toolchain/S73/SGW/gcc-linaro-7.3.1-2018.05-x86_64_aarch64-linux-gnu/aarch64-linux-gnu/lib]
  collapse library dir [/home/toolchain/S73/SGW/gcc-linaro-7.3.1-2018.05-x86_64_aarch64-linux-gnu/bin/../aarch64-linux-gnu/libc/lib] ==> [/home/toolchain/S73/SGW/gcc-linaro-7.3.1-2018.05-x86_64_aarch64-linux-gnu/aarch64-linux-gnu/libc/lib]
  collapse library dir [/home/toolchain/S73/SGW/gcc-linaro-7.3.1-2018.05-x86_64_aarch64-linux-gnu/bin/../aarch64-linux-gnu/libc/usr/lib] ==> [/home/toolchain/S73/SGW/gcc-linaro-7.3.1-2018.05-x86_64_aarch64-linux-gnu/aarch64-linux-gnu/libc/usr/lib]
  implicit libs: [stdc++;m;gcc_s;gcc;c;gcc_s;gcc]
  implicit dirs: [/home/toolchain/S73/SGW/gcc-linaro-7.3.1-2018.05-x86_64_aarch64-linux-gnu/lib/gcc/aarch64-linux-gnu/7.3.1;/home/toolchain/S73/SGW/gcc-linaro-7.3.1-2018.05-x86_64_aarch64-linux-gnu/lib/gcc/aarch64-linux-gnu;/home/toolchain/S73/SGW/gcc-linaro-7.3.1-2018.05-x86_64_aarch64-linux-gnu/lib/gcc;/home/toolchain/S73/SGW/gcc-linaro-7.3.1-2018.05-x86_64_aarch64-linux-gnu/aarch64-linux-gnu/lib64;/home/toolchain/S73/SGW/gcc-linaro-7.3.1-2018.05-x86_64_aarch64-linux-gnu/aarch64-linux-gnu/lib;/home/toolchain/S73/SGW/gcc-linaro-7.3.1-2018.05-x86_64_aarch64-linux-gnu/aarch64-linux-gnu/libc/lib;/home/toolchain/S73/SGW/gcc-linaro-7.3.1-2018.05-x86_64_aarch64-linux-gnu/aarch64-linux-gnu/libc/usr/lib]
  implicit fwks: []




Detecting CXX [-std=c++1z] compiler features compiled with the following output:
Change Dir: /home/nvidia/df/S73_SGW/build/CMakeFiles/CMakeTmp

Run Build Command:"/usr/bin/gmake" "cmTC_2aa73/fast"
/usr/bin/gmake -f CMakeFiles/cmTC_2aa73.dir/build.make CMakeFiles/cmTC_2aa73.dir/build
gmake[1]: Entering directory '/home/nvidia/df/S73_SGW/build/CMakeFiles/CMakeTmp'
Building CXX object CMakeFiles/cmTC_2aa73.dir/feature_tests.cxx.o
/home/toolchain/S73/SGW/gcc-linaro-7.3.1-2018.05-x86_64_aarch64-linux-gnu/bin/aarch64-linux-gnu-g++    -O2 -pipe -g -feliminate-unused-debug-types  -DMTK_BOOTDEV_TYPE=1 -Os    -std=c++1z -o CMakeFiles/cmTC_2aa73.dir/feature_tests.cxx.o -c /home/nvidia/df/S73_SGW/build/CMakeFiles/feature_tests.cxx
Linking CXX executable cmTC_2aa73
/home/toolchain/S73/TBOX/oecore-x86_64/ql-ol-crosstool/sysroots/x86_64-oesdk-linux/usr/bin/cmake -E cmake_link_script CMakeFiles/cmTC_2aa73.dir/link.txt --verbose=1
/home/toolchain/S73/SGW/gcc-linaro-7.3.1-2018.05-x86_64_aarch64-linux-gnu/bin/aarch64-linux-gnu-g++  -O2 -pipe -g -feliminate-unused-debug-types  -DMTK_BOOTDEV_TYPE=1 -Os   -Wl,-O1 -Wl,--hash-style=gnu -Wl,--as-needed  -rdynamic CMakeFiles/cmTC_2aa73.dir/feature_tests.cxx.o  -o cmTC_2aa73 
gmake[1]: Leaving directory '/home/nvidia/df/S73_SGW/build/CMakeFiles/CMakeTmp'


    Feature record: CXX_FEATURE:1cxx_aggregate_default_initializers
    Feature record: CXX_FEATURE:1cxx_alias_templates
    Feature record: CXX_FEATURE:1cxx_alignas
    Feature record: CXX_FEATURE:1cxx_alignof
    Feature record: CXX_FEATURE:1cxx_attributes
    Feature record: CXX_FEATURE:1cxx_attribute_deprecated
    Feature record: CXX_FEATURE:1cxx_auto_type
    Feature record: CXX_FEATURE:1cxx_binary_literals
    Feature record: CXX_FEATURE:1cxx_constexpr
    Feature record: CXX_FEATURE:1cxx_contextual_conversions
    Feature record: CXX_FEATURE:1cxx_decltype
    Feature record: CXX_FEATURE:1cxx_decltype_auto
    Feature record: CXX_FEATURE:1cxx_decltype_incomplete_return_types
    Feature record: CXX_FEATURE:1cxx_default_function_template_args
    Feature record: CXX_FEATURE:1cxx_defaulted_functions
    Feature record: CXX_FEATURE:1cxx_defaulted_move_initializers
    Feature record: CXX_FEATURE:1cxx_delegating_constructors
    Feature record: CXX_FEATURE:1cxx_deleted_functions
    Feature record: CXX_FEATURE:1cxx_digit_separators
    Feature record: CXX_FEATURE:1cxx_enum_forward_declarations
    Feature record: CXX_FEATURE:1cxx_explicit_conversions
    Feature record: CXX_FEATURE:1cxx_extended_friend_declarations
    Feature record: CXX_FEATURE:1cxx_extern_templates
    Feature record: CXX_FEATURE:1cxx_final
    Feature record: CXX_FEATURE:1cxx_func_identifier
    Feature record: CXX_FEATURE:1cxx_generalized_initializers
    Feature record: CXX_FEATURE:1cxx_generic_lambdas
    Feature record: CXX_FEATURE:1cxx_inheriting_constructors
    Feature record: CXX_FEATURE:1cxx_inline_namespaces
    Feature record: CXX_FEATURE:1cxx_lambdas
    Feature record: CXX_FEATURE:1cxx_lambda_init_captures
    Feature record: CXX_FEATURE:1cxx_local_type_template_args
    Feature record: CXX_FEATURE:1cxx_long_long_type
    Feature record: CXX_FEATURE:1cxx_noexcept
    Feature record: CXX_FEATURE:1cxx_nonstatic_member_init
    Feature record: CXX_FEATURE:1cxx_nullptr
    Feature record: CXX_FEATURE:1cxx_override
    Feature record: CXX_FEATURE:1cxx_range_for
    Feature record: CXX_FEATURE:1cxx_raw_string_literals
    Feature record: CXX_FEATURE:1cxx_reference_qualified_functions
    Feature record: CXX_FEATURE:1cxx_relaxed_constexpr
    Feature record: CXX_FEATURE:1cxx_return_type_deduction
    Feature record: CXX_FEATURE:1cxx_right_angle_brackets
    Feature record: CXX_FEATURE:1cxx_rvalue_references
    Feature record: CXX_FEATURE:1cxx_sizeof_member
    Feature record: CXX_FEATURE:1cxx_static_assert
    Feature record: CXX_FEATURE:1cxx_strong_enums
    Feature record: CXX_FEATURE:1cxx_template_template_parameters
    Feature record: CXX_FEATURE:1cxx_thread_local
    Feature record: CXX_FEATURE:1cxx_trailing_return_types
    Feature record: CXX_FEATURE:1cxx_unicode_literals
    Feature record: CXX_FEATURE:1cxx_uniform_initialization
    Feature record: CXX_FEATURE:1cxx_unrestricted_unions
    Feature record: CXX_FEATURE:1cxx_user_literals
    Feature record: CXX_FEATURE:1cxx_variable_templates
    Feature record: CXX_FEATURE:1cxx_variadic_macros
    Feature record: CXX_FEATURE:1cxx_variadic_templates


Detecting CXX [-std=c++14] compiler features compiled with the following output:
Change Dir: /home/nvidia/df/S73_SGW/build/CMakeFiles/CMakeTmp

Run Build Command:"/usr/bin/gmake" "cmTC_8d0c9/fast"
/usr/bin/gmake -f CMakeFiles/cmTC_8d0c9.dir/build.make CMakeFiles/cmTC_8d0c9.dir/build
gmake[1]: Entering directory '/home/nvidia/df/S73_SGW/build/CMakeFiles/CMakeTmp'
Building CXX object CMakeFiles/cmTC_8d0c9.dir/feature_tests.cxx.o
/home/toolchain/S73/SGW/gcc-linaro-7.3.1-2018.05-x86_64_aarch64-linux-gnu/bin/aarch64-linux-gnu-g++    -O2 -pipe -g -feliminate-unused-debug-types  -DMTK_BOOTDEV_TYPE=1 -Os    -std=c++14 -o CMakeFiles/cmTC_8d0c9.dir/feature_tests.cxx.o -c /home/nvidia/df/S73_SGW/build/CMakeFiles/feature_tests.cxx
Linking CXX executable cmTC_8d0c9
/home/toolchain/S73/TBOX/oecore-x86_64/ql-ol-crosstool/sysroots/x86_64-oesdk-linux/usr/bin/cmake -E cmake_link_script CMakeFiles/cmTC_8d0c9.dir/link.txt --verbose=1
/home/toolchain/S73/SGW/gcc-linaro-7.3.1-2018.05-x86_64_aarch64-linux-gnu/bin/aarch64-linux-gnu-g++  -O2 -pipe -g -feliminate-unused-debug-types  -DMTK_BOOTDEV_TYPE=1 -Os   -Wl,-O1 -Wl,--hash-style=gnu -Wl,--as-needed  -rdynamic CMakeFiles/cmTC_8d0c9.dir/feature_tests.cxx.o  -o cmTC_8d0c9 
gmake[1]: Leaving directory '/home/nvidia/df/S73_SGW/build/CMakeFiles/CMakeTmp'


    Feature record: CXX_FEATURE:1cxx_aggregate_default_initializers
    Feature record: CXX_FEATURE:1cxx_alias_templates
    Feature record: CXX_FEATURE:1cxx_alignas
    Feature record: CXX_FEATURE:1cxx_alignof
    Feature record: CXX_FEATURE:1cxx_attributes
    Feature record: CXX_FEATURE:1cxx_attribute_deprecated
    Feature record: CXX_FEATURE:1cxx_auto_type
    Feature record: CXX_FEATURE:1cxx_binary_literals
    Feature record: CXX_FEATURE:1cxx_constexpr
    Feature record: CXX_FEATURE:1cxx_contextual_conversions
    Feature record: CXX_FEATURE:1cxx_decltype
    Feature record: CXX_FEATURE:1cxx_decltype_auto
    Feature record: CXX_FEATURE:1cxx_decltype_incomplete_return_types
    Feature record: CXX_FEATURE:1cxx_default_function_template_args
    Feature record: CXX_FEATURE:1cxx_defaulted_functions
    Feature record: CXX_FEATURE:1cxx_defaulted_move_initializers
    Feature record: CXX_FEATURE:1cxx_delegating_constructors
    Feature record: CXX_FEATURE:1cxx_deleted_functions
    Feature record: CXX_FEATURE:1cxx_digit_separators
    Feature record: CXX_FEATURE:1cxx_enum_forward_declarations
    Feature record: CXX_FEATURE:1cxx_explicit_conversions
    Feature record: CXX_FEATURE:1cxx_extended_friend_declarations
    Feature record: CXX_FEATURE:1cxx_extern_templates
    Feature record: CXX_FEATURE:1cxx_final
    Feature record: CXX_FEATURE:1cxx_func_identifier
    Feature record: CXX_FEATURE:1cxx_generalized_initializers
    Feature record: CXX_FEATURE:1cxx_generic_lambdas
    Feature record: CXX_FEATURE:1cxx_inheriting_constructors
    Feature record: CXX_FEATURE:1cxx_inline_namespaces
    Feature record: CXX_FEATURE:1cxx_lambdas
    Feature record: CXX_FEATURE:1cxx_lambda_init_captures
    Feature record: CXX_FEATURE:1cxx_local_type_template_args
    Feature record: CXX_FEATURE:1cxx_long_long_type
    Feature record: CXX_FEATURE:1cxx_noexcept
    Feature record: CXX_FEATURE:1cxx_nonstatic_member_init
    Feature record: CXX_FEATURE:1cxx_nullptr
    Feature record: CXX_FEATURE:1cxx_override
    Feature record: CXX_FEATURE:1cxx_range_for
    Feature record: CXX_FEATURE:1cxx_raw_string_literals
    Feature record: CXX_FEATURE:1cxx_reference_qualified_functions
    Feature record: CXX_FEATURE:1cxx_relaxed_constexpr
    Feature record: CXX_FEATURE:1cxx_return_type_deduction
    Feature record: CXX_FEATURE:1cxx_right_angle_brackets
    Feature record: CXX_FEATURE:1cxx_rvalue_references
    Feature record: CXX_FEATURE:1cxx_sizeof_member
    Feature record: CXX_FEATURE:1cxx_static_assert
    Feature record: CXX_FEATURE:1cxx_strong_enums
    Feature record: CXX_FEATURE:1cxx_template_template_parameters
    Feature record: CXX_FEATURE:1cxx_thread_local
    Feature record: CXX_FEATURE:1cxx_trailing_return_types
    Feature record: CXX_FEATURE:1cxx_unicode_literals
    Feature record: CXX_FEATURE:1cxx_uniform_initialization
    Feature record: CXX_FEATURE:1cxx_unrestricted_unions
    Feature record: CXX_FEATURE:1cxx_user_literals
    Feature record: CXX_FEATURE:1cxx_variable_templates
    Feature record: CXX_FEATURE:1cxx_variadic_macros
    Feature record: CXX_FEATURE:1cxx_variadic_templates


Detecting CXX [-std=c++11] compiler features compiled with the following output:
Change Dir: /home/nvidia/df/S73_SGW/build/CMakeFiles/CMakeTmp

Run Build Command:"/usr/bin/gmake" "cmTC_90c61/fast"
/usr/bin/gmake -f CMakeFiles/cmTC_90c61.dir/build.make CMakeFiles/cmTC_90c61.dir/build
gmake[1]: Entering directory '/home/nvidia/df/S73_SGW/build/CMakeFiles/CMakeTmp'
Building CXX object CMakeFiles/cmTC_90c61.dir/feature_tests.cxx.o
/home/toolchain/S73/SGW/gcc-linaro-7.3.1-2018.05-x86_64_aarch64-linux-gnu/bin/aarch64-linux-gnu-g++    -O2 -pipe -g -feliminate-unused-debug-types  -DMTK_BOOTDEV_TYPE=1 -Os    -std=c++11 -o CMakeFiles/cmTC_90c61.dir/feature_tests.cxx.o -c /home/nvidia/df/S73_SGW/build/CMakeFiles/feature_tests.cxx
Linking CXX executable cmTC_90c61
/home/toolchain/S73/TBOX/oecore-x86_64/ql-ol-crosstool/sysroots/x86_64-oesdk-linux/usr/bin/cmake -E cmake_link_script CMakeFiles/cmTC_90c61.dir/link.txt --verbose=1
/home/toolchain/S73/SGW/gcc-linaro-7.3.1-2018.05-x86_64_aarch64-linux-gnu/bin/aarch64-linux-gnu-g++  -O2 -pipe -g -feliminate-unused-debug-types  -DMTK_BOOTDEV_TYPE=1 -Os   -Wl,-O1 -Wl,--hash-style=gnu -Wl,--as-needed  -rdynamic CMakeFiles/cmTC_90c61.dir/feature_tests.cxx.o  -o cmTC_90c61 
gmake[1]: Leaving directory '/home/nvidia/df/S73_SGW/build/CMakeFiles/CMakeTmp'


    Feature record: CXX_FEATURE:0cxx_aggregate_default_initializers
    Feature record: CXX_FEATURE:1cxx_alias_templates
    Feature record: CXX_FEATURE:1cxx_alignas
    Feature record: CXX_FEATURE:1cxx_alignof
    Feature record: CXX_FEATURE:1cxx_attributes
    Feature record: CXX_FEATURE:0cxx_attribute_deprecated
    Feature record: CXX_FEATURE:1cxx_auto_type
    Feature record: CXX_FEATURE:0cxx_binary_literals
    Feature record: CXX_FEATURE:1cxx_constexpr
    Feature record: CXX_FEATURE:0cxx_contextual_conversions
    Feature record: CXX_FEATURE:1cxx_decltype
    Feature record: CXX_FEATURE:0cxx_decltype_auto
    Feature record: CXX_FEATURE:1cxx_decltype_incomplete_return_types
    Feature record: CXX_FEATURE:1cxx_default_function_template_args
    Feature record: CXX_FEATURE:1cxx_defaulted_functions
    Feature record: CXX_FEATURE:1cxx_defaulted_move_initializers
    Feature record: CXX_FEATURE:1cxx_delegating_constructors
    Feature record: CXX_FEATURE:1cxx_deleted_functions
    Feature record: CXX_FEATURE:0cxx_digit_separators
    Feature record: CXX_FEATURE:1cxx_enum_forward_declarations
    Feature record: CXX_FEATURE:1cxx_explicit_conversions
    Feature record: CXX_FEATURE:1cxx_extended_friend_declarations
    Feature record: CXX_FEATURE:1cxx_extern_templates
    Feature record: CXX_FEATURE:1cxx_final
    Feature record: CXX_FEATURE:1cxx_func_identifier
    Feature record: CXX_FEATURE:1cxx_generalized_initializers
    Feature record: CXX_FEATURE:0cxx_generic_lambdas
    Feature record: CXX_FEATURE:1cxx_inheriting_constructors
    Feature record: CXX_FEATURE:1cxx_inline_namespaces
    Feature record: CXX_FEATURE:1cxx_lambdas
    Feature record: CXX_FEATURE:0cxx_lambda_init_captures
    Feature record: CXX_FEATURE:1cxx_local_type_template_args
    Feature record: CXX_FEATURE:1cxx_long_long_type
    Feature record: CXX_FEATURE:1cxx_noexcept
    Feature record: CXX_FEATURE:1cxx_nonstatic_member_init
    Feature record: CXX_FEATURE:1cxx_nullptr
    Feature record: CXX_FEATURE:1cxx_override
    Feature record: CXX_FEATURE:1cxx_range_for
    Feature record: CXX_FEATURE:1cxx_raw_string_literals
    Feature record: CXX_FEATURE:1cxx_reference_qualified_functions
    Feature record: CXX_FEATURE:0cxx_relaxed_constexpr
    Feature record: CXX_FEATURE:0cxx_return_type_deduction
    Feature record: CXX_FEATURE:1cxx_right_angle_brackets
    Feature record: CXX_FEATURE:1cxx_rvalue_references
    Feature record: CXX_FEATURE:1cxx_sizeof_member
    Feature record: CXX_FEATURE:1cxx_static_assert
    Feature record: CXX_FEATURE:1cxx_strong_enums
    Feature record: CXX_FEATURE:1cxx_template_template_parameters
    Feature record: CXX_FEATURE:1cxx_thread_local
    Feature record: CXX_FEATURE:1cxx_trailing_return_types
    Feature record: CXX_FEATURE:1cxx_unicode_literals
    Feature record: CXX_FEATURE:1cxx_uniform_initialization
    Feature record: CXX_FEATURE:1cxx_unrestricted_unions
    Feature record: CXX_FEATURE:1cxx_user_literals
    Feature record: CXX_FEATURE:0cxx_variable_templates
    Feature record: CXX_FEATURE:1cxx_variadic_macros
    Feature record: CXX_FEATURE:1cxx_variadic_templates


Detecting CXX [-std=c++98] compiler features compiled with the following output:
Change Dir: /home/nvidia/df/S73_SGW/build/CMakeFiles/CMakeTmp

Run Build Command:"/usr/bin/gmake" "cmTC_67cc1/fast"
/usr/bin/gmake -f CMakeFiles/cmTC_67cc1.dir/build.make CMakeFiles/cmTC_67cc1.dir/build
gmake[1]: Entering directory '/home/nvidia/df/S73_SGW/build/CMakeFiles/CMakeTmp'
Building CXX object CMakeFiles/cmTC_67cc1.dir/feature_tests.cxx.o
/home/toolchain/S73/SGW/gcc-linaro-7.3.1-2018.05-x86_64_aarch64-linux-gnu/bin/aarch64-linux-gnu-g++    -O2 -pipe -g -feliminate-unused-debug-types  -DMTK_BOOTDEV_TYPE=1 -Os    -std=c++98 -o CMakeFiles/cmTC_67cc1.dir/feature_tests.cxx.o -c /home/nvidia/df/S73_SGW/build/CMakeFiles/feature_tests.cxx
Linking CXX executable cmTC_67cc1
/home/toolchain/S73/TBOX/oecore-x86_64/ql-ol-crosstool/sysroots/x86_64-oesdk-linux/usr/bin/cmake -E cmake_link_script CMakeFiles/cmTC_67cc1.dir/link.txt --verbose=1
/home/toolchain/S73/SGW/gcc-linaro-7.3.1-2018.05-x86_64_aarch64-linux-gnu/bin/aarch64-linux-gnu-g++  -O2 -pipe -g -feliminate-unused-debug-types  -DMTK_BOOTDEV_TYPE=1 -Os   -Wl,-O1 -Wl,--hash-style=gnu -Wl,--as-needed  -rdynamic CMakeFiles/cmTC_67cc1.dir/feature_tests.cxx.o  -o cmTC_67cc1 
gmake[1]: Leaving directory '/home/nvidia/df/S73_SGW/build/CMakeFiles/CMakeTmp'


    Feature record: CXX_FEATURE:0cxx_aggregate_default_initializers
    Feature record: CXX_FEATURE:0cxx_alias_templates
    Feature record: CXX_FEATURE:0cxx_alignas
    Feature record: CXX_FEATURE:0cxx_alignof
    Feature record: CXX_FEATURE:0cxx_attributes
    Feature record: CXX_FEATURE:0cxx_attribute_deprecated
    Feature record: CXX_FEATURE:0cxx_auto_type
    Feature record: CXX_FEATURE:0cxx_binary_literals
    Feature record: CXX_FEATURE:0cxx_constexpr
    Feature record: CXX_FEATURE:0cxx_contextual_conversions
    Feature record: CXX_FEATURE:0cxx_decltype
    Feature record: CXX_FEATURE:0cxx_decltype_auto
    Feature record: CXX_FEATURE:0cxx_decltype_incomplete_return_types
    Feature record: CXX_FEATURE:0cxx_default_function_template_args
    Feature record: CXX_FEATURE:0cxx_defaulted_functions
    Feature record: CXX_FEATURE:0cxx_defaulted_move_initializers
    Feature record: CXX_FEATURE:0cxx_delegating_constructors
    Feature record: CXX_FEATURE:0cxx_deleted_functions
    Feature record: CXX_FEATURE:0cxx_digit_separators
    Feature record: CXX_FEATURE:0cxx_enum_forward_declarations
    Feature record: CXX_FEATURE:0cxx_explicit_conversions
    Feature record: CXX_FEATURE:0cxx_extended_friend_declarations
    Feature record: CXX_FEATURE:0cxx_extern_templates
    Feature record: CXX_FEATURE:0cxx_final
    Feature record: CXX_FEATURE:0cxx_func_identifier
    Feature record: CXX_FEATURE:0cxx_generalized_initializers
    Feature record: CXX_FEATURE:0cxx_generic_lambdas
    Feature record: CXX_FEATURE:0cxx_inheriting_constructors
    Feature record: CXX_FEATURE:0cxx_inline_namespaces
    Feature record: CXX_FEATURE:0cxx_lambdas
    Feature record: CXX_FEATURE:0cxx_lambda_init_captures
    Feature record: CXX_FEATURE:0cxx_local_type_template_args
    Feature record: CXX_FEATURE:0cxx_long_long_type
    Feature record: CXX_FEATURE:0cxx_noexcept
    Feature record: CXX_FEATURE:0cxx_nonstatic_member_init
    Feature record: CXX_FEATURE:0cxx_nullptr
    Feature record: CXX_FEATURE:0cxx_override
    Feature record: CXX_FEATURE:0cxx_range_for
    Feature record: CXX_FEATURE:0cxx_raw_string_literals
    Feature record: CXX_FEATURE:0cxx_reference_qualified_functions
    Feature record: CXX_FEATURE:0cxx_relaxed_constexpr
    Feature record: CXX_FEATURE:0cxx_return_type_deduction
    Feature record: CXX_FEATURE:0cxx_right_angle_brackets
    Feature record: CXX_FEATURE:0cxx_rvalue_references
    Feature record: CXX_FEATURE:0cxx_sizeof_member
    Feature record: CXX_FEATURE:0cxx_static_assert
    Feature record: CXX_FEATURE:0cxx_strong_enums
    Feature record: CXX_FEATURE:1cxx_template_template_parameters
    Feature record: CXX_FEATURE:0cxx_thread_local
    Feature record: CXX_FEATURE:0cxx_trailing_return_types
    Feature record: CXX_FEATURE:0cxx_unicode_literals
    Feature record: CXX_FEATURE:0cxx_uniform_initialization
    Feature record: CXX_FEATURE:0cxx_unrestricted_unions
    Feature record: CXX_FEATURE:0cxx_user_literals
    Feature record: CXX_FEATURE:0cxx_variable_templates
    Feature record: CXX_FEATURE:0cxx_variadic_macros
    Feature record: CXX_FEATURE:0cxx_variadic_templates
