The target system is: Linux -  - 
The host system is: Linux - 6.8.0-60-generic - x86_64
Compiling the C compiler identification source file "CMakeCCompilerId.c" succeeded.
Compiler: /home/share/T106/esdk/tmp/sysroots/x86_64/usr/bin/arm-zxic-linux-gnueabi/arm-zxic-linux-gnueabi-gcc -march=armv7-a;-fstack-protector-all;-pie;-fPIE;-D_FORTIFY_SOURCE=2;-Wformat;-Wformat-security;-Werror=format-security;--sysroot=/home/share/T106/esdk/tmp/sysroots/zx297520v3
Build flags: ;-O2;-pipe;-g;-feliminate-unused-debug-types;
Id flags:  

The output was:
0


Compilation of the C compiler identification source "CMakeCCompilerId.c" produced "a.out"

The C compiler identification is GNU, found in "/home/nvidia/git/df/IDPS_DFCV/build/CMakeFiles/3.16.5/CompilerIdC/a.out"

Compiling the CXX compiler identification source file "CMakeCXXCompilerId.cpp" succeeded.
Compiler: /home/share/T106/esdk/tmp/sysroots/x86_64/usr/bin/arm-zxic-linux-gnueabi/arm-zxic-linux-gnueabi-g++ -march=armv7-a;-fstack-protector-all;-pie;-fPIE;-D_FORTIFY_SOURCE=2;-Wformat;-Wformat-security;-Werror=format-security;--sysroot=/home/share/T106/esdk/tmp/sysroots/zx297520v3
Build flags: ;-O2;-pipe;-g;-feliminate-unused-debug-types;
Id flags:  

The output was:
0


Compilation of the CXX compiler identification source "CMakeCXXCompilerId.cpp" produced "a.out"

The CXX compiler identification is GNU, found in "/home/nvidia/git/df/IDPS_DFCV/build/CMakeFiles/3.16.5/CompilerIdCXX/a.out"

Determining if the C compiler works passed with the following output:
Change Dir: /home/nvidia/git/df/IDPS_DFCV/build/CMakeFiles/CMakeTmp

Run Build Command(s):/usr/bin/gmake cmTC_791b2/fast && /usr/bin/gmake -f CMakeFiles/cmTC_791b2.dir/build.make CMakeFiles/cmTC_791b2.dir/build
gmake[1]: Entering directory '/home/nvidia/git/df/IDPS_DFCV/build/CMakeFiles/CMakeTmp'
Building C object CMakeFiles/cmTC_791b2.dir/testCCompiler.c.o
/home/share/T106/esdk/tmp/sysroots/x86_64/usr/bin/arm-zxic-linux-gnueabi/arm-zxic-linux-gnueabi-gcc   -march=armv7-a  -fstack-protector-all  -pie -fPIE -D_FORTIFY_SOURCE=2 -Wformat -Wformat-security -Werror=format-security --sysroot=/home/share/T106/esdk/tmp/sysroots/zx297520v3 --sysroot=/home/share/T106/esdk/tmp/sysroots/zx297520v3   -O2 -pipe -g -feliminate-unused-debug-types     -o CMakeFiles/cmTC_791b2.dir/testCCompiler.c.o   -c /home/nvidia/git/df/IDPS_DFCV/build/CMakeFiles/CMakeTmp/testCCompiler.c
Linking C executable cmTC_791b2
/home/share/T106/esdk/tmp/sysroots/x86_64/usr/bin/cmake -E cmake_link_script CMakeFiles/cmTC_791b2.dir/link.txt --verbose=1
/home/share/T106/esdk/tmp/sysroots/x86_64/usr/bin/arm-zxic-linux-gnueabi/arm-zxic-linux-gnueabi-gcc   -march=armv7-a  -fstack-protector-all  -pie -fPIE -D_FORTIFY_SOURCE=2 -Wformat -Wformat-security -Werror=format-security --sysroot=/home/share/T106/esdk/tmp/sysroots/zx297520v3 --sysroot=/home/share/T106/esdk/tmp/sysroots/zx297520v3  -O2 -pipe -g -feliminate-unused-debug-types    -Wl,-O1 -Wl,--hash-style=gnu -Wl,--as-needed  -fstack-protector-all -Wl,-z,relro,-z,now  -rdynamic CMakeFiles/cmTC_791b2.dir/testCCompiler.c.o  -o cmTC_791b2 
gmake[1]: Leaving directory '/home/nvidia/git/df/IDPS_DFCV/build/CMakeFiles/CMakeTmp'



Detecting C compiler ABI info compiled with the following output:
Change Dir: /home/nvidia/git/df/IDPS_DFCV/build/CMakeFiles/CMakeTmp

Run Build Command(s):/usr/bin/gmake cmTC_78c3f/fast && /usr/bin/gmake -f CMakeFiles/cmTC_78c3f.dir/build.make CMakeFiles/cmTC_78c3f.dir/build
gmake[1]: Entering directory '/home/nvidia/git/df/IDPS_DFCV/build/CMakeFiles/CMakeTmp'
Building C object CMakeFiles/cmTC_78c3f.dir/CMakeCCompilerABI.c.o
/home/share/T106/esdk/tmp/sysroots/x86_64/usr/bin/arm-zxic-linux-gnueabi/arm-zxic-linux-gnueabi-gcc   -march=armv7-a  -fstack-protector-all  -pie -fPIE -D_FORTIFY_SOURCE=2 -Wformat -Wformat-security -Werror=format-security --sysroot=/home/share/T106/esdk/tmp/sysroots/zx297520v3 --sysroot=/home/share/T106/esdk/tmp/sysroots/zx297520v3   -O2 -pipe -g -feliminate-unused-debug-types     -v -o CMakeFiles/cmTC_78c3f.dir/CMakeCCompilerABI.c.o   -c /home/share/T106/esdk/tmp/sysroots/x86_64/usr/share/cmake-3.16/Modules/CMakeCCompilerABI.c
Using built-in specs.
COLLECT_GCC=/home/share/T106/esdk/tmp/sysroots/x86_64/usr/bin/arm-zxic-linux-gnueabi/arm-zxic-linux-gnueabi-gcc
Target: arm-zxic-linux-gnueabi
Configured with: ../../../../../../work-shared/gcc-9.3.0-r0/gcc-9.3.0/configure --build=x86_64-linux --host=x86_64-linux --target=arm-zxic-linux-gnueabi --prefix=/host-native/usr --exec_prefix=/host-native/usr --bindir=/host-native/usr/bin/arm-zxic-linux-gnueabi --sbindir=/host-native/usr/bin/arm-zxic-linux-gnueabi --libexecdir=/host-native/usr/libexec/arm-zxic-linux-gnueabi --datadir=/host-native/usr/share --sysconfdir=/host-native/etc --sharedstatedir=/host-native/com --localstatedir=/host-native/var --libdir=/host-native/usr/lib/arm-zxic-linux-gnueabi --includedir=/host-native/usr/include --oldincludedir=/host-native/usr/include --infodir=/host-native/usr/share/info --mandir=/host-native/usr/share/man --disable-silent-rules --disable-dependency-tracking --with-libtool-sysroot=/host-native --enable-clocale=generic --with-gnu-ld --enable-shared --enable-languages=c,c++ --enable-threads=posix --disable-multilib --enable-default-pie --enable-c99 --enable-long-long --enable-symvers=gnu --enable-libstdcxx-pch --program-prefix=arm-zxic-linux-gnueabi- --without-local-prefix --disable-install-libiberty --enable-lto --disable-libssp --enable-libitm --disable-bootstrap --disable-libmudflap --with-system-zlib --with-linker-hash-style=sysv --enable-linker-build-id --with-ppl=no --with-cloog=no --enable-checking=release --enable-cheaders=c_global --without-isl --with-gxx-include-dir=/not/exist/usr/include/c++/9.3.0 --with-sysroot=/not/exist --with-build-sysroot=/host --enable-poison-system-directories --with-system-zlib --disable-static --disable-nls --with-glibc-version=2.28 --enable-initfini-array
Thread model: posix
gcc version 9.3.0 (GCC) 
COLLECT_GCC_OPTIONS='--sysroot=/home/share/T106/esdk/tmp/sysroots/zx297520v3'  '-fstack-protector-all' '-pie' '-fPIE' '-D' '_FORTIFY_SOURCE=2' '-Wformat=1' '-Wformat-security' '-Werror=format-security' '-O2' '-pipe' '-g' '-feliminate-unused-debug-types' '-v' '-o' 'CMakeFiles/cmTC_78c3f.dir/CMakeCCompilerABI.c.o' '-c' '-mtls-dialect=gnu' '-marm' '-march=armv7-a'
 /home/share/T106/esdk/tmp/sysroots/x86_64/usr/bin/arm-zxic-linux-gnueabi/../../libexec/arm-zxic-linux-gnueabi/gcc/arm-zxic-linux-gnueabi/9.3.0/cc1 -quiet -v -iprefix /home/share/T106/esdk/tmp/sysroots/x86_64/usr/bin/arm-zxic-linux-gnueabi/../../lib/arm-zxic-linux-gnueabi/gcc/arm-zxic-linux-gnueabi/9.3.0/ -isysroot /home/share/T106/esdk/tmp/sysroots/zx297520v3 -D _FORTIFY_SOURCE=2 /home/share/T106/esdk/tmp/sysroots/x86_64/usr/share/cmake-3.16/Modules/CMakeCCompilerABI.c -quiet -dumpbase CMakeCCompilerABI.c -mtls-dialect=gnu -marm -march=armv7-a -auxbase-strip CMakeFiles/cmTC_78c3f.dir/CMakeCCompilerABI.c.o -g -O2 -Wformat=1 -Wformat-security -Werror=format-security -version -fstack-protector-all -fPIE -feliminate-unused-debug-types -o - |
 /home/share/T106/esdk/tmp/sysroots/x86_64/usr/bin/arm-zxic-linux-gnueabi/../../libexec/arm-zxic-linux-gnueabi/gcc/arm-zxic-linux-gnueabi/9.3.0/as -v -march=armv7-a -meabi=5 -o CMakeFiles/cmTC_78c3f.dir/CMakeCCompilerABI.c.o
GNU assembler version 2.34.0 (arm-zxic-linux-gnueabi) using BFD version (GNU Binutils) 2.34.0.20200220
GNU C17 (GCC) version 9.3.0 (arm-zxic-linux-gnueabi)
	compiled by GNU C version 7.5.0, GMP version 6.2.0, MPFR version 4.0.2, MPC version 1.1.0, isl version none
GGC heuristics: --param ggc-min-expand=100 --param ggc-min-heapsize=131072
ignoring nonexistent directory "/home/share/T106/esdk/tmp/sysroots/x86_64/usr/bin/arm-zxic-linux-gnueabi/../../lib/arm-zxic-linux-gnueabi/gcc/arm-zxic-linux-gnueabi/9.3.0/../../../../../arm-zxic-linux-gnueabi/include"
ignoring duplicate directory "/home/share/T106/esdk/tmp/sysroots/x86_64/usr/bin/arm-zxic-linux-gnueabi/../../lib/arm-zxic-linux-gnueabi/gcc/../../../lib/arm-zxic-linux-gnueabi/gcc/arm-zxic-linux-gnueabi/9.3.0/include"
ignoring nonexistent directory "/home/share/T106/esdk/tmp/sysroots/zx297520v3/usr/local/include"
ignoring duplicate directory "/home/share/T106/esdk/tmp/sysroots/x86_64/usr/bin/arm-zxic-linux-gnueabi/../../lib/arm-zxic-linux-gnueabi/gcc/../../../lib/arm-zxic-linux-gnueabi/gcc/arm-zxic-linux-gnueabi/9.3.0/include-fixed"
ignoring nonexistent directory "/home/share/T106/esdk/tmp/sysroots/x86_64/usr/bin/arm-zxic-linux-gnueabi/../../lib/arm-zxic-linux-gnueabi/gcc/../../../lib/arm-zxic-linux-gnueabi/gcc/arm-zxic-linux-gnueabi/9.3.0/../../../../../arm-zxic-linux-gnueabi/include"
#include "..." search starts here:
#include <...> search starts here:
 /home/share/T106/esdk/tmp/sysroots/x86_64/usr/bin/arm-zxic-linux-gnueabi/../../lib/arm-zxic-linux-gnueabi/gcc/arm-zxic-linux-gnueabi/9.3.0/include
 /home/share/T106/esdk/tmp/sysroots/x86_64/usr/bin/arm-zxic-linux-gnueabi/../../lib/arm-zxic-linux-gnueabi/gcc/arm-zxic-linux-gnueabi/9.3.0/include-fixed
 /home/share/T106/esdk/tmp/sysroots/zx297520v3/usr/lib/arm-zxic-linux-gnueabi/9.3.0/include
 /home/share/T106/esdk/tmp/sysroots/zx297520v3/usr/include
End of search list.
GNU C17 (GCC) version 9.3.0 (arm-zxic-linux-gnueabi)
	compiled by GNU C version 7.5.0, GMP version 6.2.0, MPFR version 4.0.2, MPC version 1.1.0, isl version none
GGC heuristics: --param ggc-min-expand=100 --param ggc-min-heapsize=131072
Compiler executable checksum: 7f7b8295f519f8ff6e62e68d19390d4f
COMPILER_PATH=/home/share/T106/esdk/tmp/sysroots/x86_64/usr/bin/arm-zxic-linux-gnueabi/../../libexec/arm-zxic-linux-gnueabi/gcc/arm-zxic-linux-gnueabi/9.3.0/:/home/share/T106/esdk/tmp/sysroots/x86_64/usr/bin/arm-zxic-linux-gnueabi/../../libexec/arm-zxic-linux-gnueabi/gcc/
LIBRARY_PATH=/home/share/T106/esdk/tmp/sysroots/x86_64/usr/bin/arm-zxic-linux-gnueabi/../../lib/arm-zxic-linux-gnueabi/gcc/arm-zxic-linux-gnueabi/9.3.0/:/home/share/T106/esdk/tmp/sysroots/x86_64/usr/bin/arm-zxic-linux-gnueabi/../../lib/arm-zxic-linux-gnueabi/gcc/:/home/share/T106/esdk/tmp/sysroots/zx297520v3/lib/:/home/share/T106/esdk/tmp/sysroots/zx297520v3/usr/lib/arm-zxic-linux-gnueabi/9.3.0/:/home/share/T106/esdk/tmp/sysroots/zx297520v3/usr/lib/
COLLECT_GCC_OPTIONS='--sysroot=/home/share/T106/esdk/tmp/sysroots/zx297520v3'  '-fstack-protector-all' '-pie' '-fPIE' '-D' '_FORTIFY_SOURCE=2' '-Wformat=1' '-Wformat-security' '-Werror=format-security' '-O2' '-pipe' '-g' '-feliminate-unused-debug-types' '-v' '-o' 'CMakeFiles/cmTC_78c3f.dir/CMakeCCompilerABI.c.o' '-c' '-mtls-dialect=gnu' '-marm' '-march=armv7-a'
Linking C executable cmTC_78c3f
/home/share/T106/esdk/tmp/sysroots/x86_64/usr/bin/cmake -E cmake_link_script CMakeFiles/cmTC_78c3f.dir/link.txt --verbose=1
/home/share/T106/esdk/tmp/sysroots/x86_64/usr/bin/arm-zxic-linux-gnueabi/arm-zxic-linux-gnueabi-gcc   -march=armv7-a  -fstack-protector-all  -pie -fPIE -D_FORTIFY_SOURCE=2 -Wformat -Wformat-security -Werror=format-security --sysroot=/home/share/T106/esdk/tmp/sysroots/zx297520v3 --sysroot=/home/share/T106/esdk/tmp/sysroots/zx297520v3  -O2 -pipe -g -feliminate-unused-debug-types    -Wl,-O1 -Wl,--hash-style=gnu -Wl,--as-needed  -fstack-protector-all -Wl,-z,relro,-z,now -v -rdynamic CMakeFiles/cmTC_78c3f.dir/CMakeCCompilerABI.c.o  -o cmTC_78c3f 
Using built-in specs.
COLLECT_GCC=/home/share/T106/esdk/tmp/sysroots/x86_64/usr/bin/arm-zxic-linux-gnueabi/arm-zxic-linux-gnueabi-gcc
COLLECT_LTO_WRAPPER=/home/share/T106/esdk/tmp/sysroots/x86_64/usr/bin/arm-zxic-linux-gnueabi/../../libexec/arm-zxic-linux-gnueabi/gcc/arm-zxic-linux-gnueabi/9.3.0/lto-wrapper
Target: arm-zxic-linux-gnueabi
Configured with: ../../../../../../work-shared/gcc-9.3.0-r0/gcc-9.3.0/configure --build=x86_64-linux --host=x86_64-linux --target=arm-zxic-linux-gnueabi --prefix=/host-native/usr --exec_prefix=/host-native/usr --bindir=/host-native/usr/bin/arm-zxic-linux-gnueabi --sbindir=/host-native/usr/bin/arm-zxic-linux-gnueabi --libexecdir=/host-native/usr/libexec/arm-zxic-linux-gnueabi --datadir=/host-native/usr/share --sysconfdir=/host-native/etc --sharedstatedir=/host-native/com --localstatedir=/host-native/var --libdir=/host-native/usr/lib/arm-zxic-linux-gnueabi --includedir=/host-native/usr/include --oldincludedir=/host-native/usr/include --infodir=/host-native/usr/share/info --mandir=/host-native/usr/share/man --disable-silent-rules --disable-dependency-tracking --with-libtool-sysroot=/host-native --enable-clocale=generic --with-gnu-ld --enable-shared --enable-languages=c,c++ --enable-threads=posix --disable-multilib --enable-default-pie --enable-c99 --enable-long-long --enable-symvers=gnu --enable-libstdcxx-pch --program-prefix=arm-zxic-linux-gnueabi- --without-local-prefix --disable-install-libiberty --enable-lto --disable-libssp --enable-libitm --disable-bootstrap --disable-libmudflap --with-system-zlib --with-linker-hash-style=sysv --enable-linker-build-id --with-ppl=no --with-cloog=no --enable-checking=release --enable-cheaders=c_global --without-isl --with-gxx-include-dir=/not/exist/usr/include/c++/9.3.0 --with-sysroot=/not/exist --with-build-sysroot=/host --enable-poison-system-directories --with-system-zlib --disable-static --disable-nls --with-glibc-version=2.28 --enable-initfini-array
Thread model: posix
gcc version 9.3.0 (GCC) 
COMPILER_PATH=/home/share/T106/esdk/tmp/sysroots/x86_64/usr/bin/arm-zxic-linux-gnueabi/../../libexec/arm-zxic-linux-gnueabi/gcc/arm-zxic-linux-gnueabi/9.3.0/:/home/share/T106/esdk/tmp/sysroots/x86_64/usr/bin/arm-zxic-linux-gnueabi/../../libexec/arm-zxic-linux-gnueabi/gcc/
LIBRARY_PATH=/home/share/T106/esdk/tmp/sysroots/x86_64/usr/bin/arm-zxic-linux-gnueabi/../../lib/arm-zxic-linux-gnueabi/gcc/arm-zxic-linux-gnueabi/9.3.0/:/home/share/T106/esdk/tmp/sysroots/x86_64/usr/bin/arm-zxic-linux-gnueabi/../../lib/arm-zxic-linux-gnueabi/gcc/:/home/share/T106/esdk/tmp/sysroots/zx297520v3/lib/:/home/share/T106/esdk/tmp/sysroots/zx297520v3/usr/lib/arm-zxic-linux-gnueabi/9.3.0/:/home/share/T106/esdk/tmp/sysroots/zx297520v3/usr/lib/
COLLECT_GCC_OPTIONS='--sysroot=/home/share/T106/esdk/tmp/sysroots/zx297520v3'  '-fstack-protector-all' '-pie' '-fPIE' '-D' '_FORTIFY_SOURCE=2' '-Wformat=1' '-Wformat-security' '-Werror=format-security' '-O2' '-pipe' '-g' '-feliminate-unused-debug-types' '-fstack-protector-all' '-v' '-rdynamic' '-o' 'cmTC_78c3f' '-mtls-dialect=gnu' '-marm' '-march=armv7-a'
 /home/share/T106/esdk/tmp/sysroots/x86_64/usr/bin/arm-zxic-linux-gnueabi/../../libexec/arm-zxic-linux-gnueabi/gcc/arm-zxic-linux-gnueabi/9.3.0/collect2 -plugin /home/share/T106/esdk/tmp/sysroots/x86_64/usr/bin/arm-zxic-linux-gnueabi/../../libexec/arm-zxic-linux-gnueabi/gcc/arm-zxic-linux-gnueabi/9.3.0/liblto_plugin.so -plugin-opt=/home/share/T106/esdk/tmp/sysroots/x86_64/usr/bin/arm-zxic-linux-gnueabi/../../libexec/arm-zxic-linux-gnueabi/gcc/arm-zxic-linux-gnueabi/9.3.0/lto-wrapper -plugin-opt=-fresolution=/tmp/ccZZQk1J.res -plugin-opt=-pass-through=-lgcc -plugin-opt=-pass-through=-lgcc_s -plugin-opt=-pass-through=-lc -plugin-opt=-pass-through=-lgcc -plugin-opt=-pass-through=-lgcc_s --sysroot=/home/share/T106/esdk/tmp/sysroots/zx297520v3 --build-id --eh-frame-hdr --hash-style=sysv -export-dynamic -dynamic-linker /lib/ld-linux.so.3 -X -m armelf_linux_eabi -pie -o cmTC_78c3f /home/share/T106/esdk/tmp/sysroots/zx297520v3/usr/lib/Scrt1.o /home/share/T106/esdk/tmp/sysroots/zx297520v3/usr/lib/crti.o /home/share/T106/esdk/tmp/sysroots/zx297520v3/usr/lib/arm-zxic-linux-gnueabi/9.3.0/crtbeginS.o -L/home/share/T106/esdk/tmp/sysroots/x86_64/usr/bin/arm-zxic-linux-gnueabi/../../lib/arm-zxic-linux-gnueabi/gcc/arm-zxic-linux-gnueabi/9.3.0 -L/home/share/T106/esdk/tmp/sysroots/x86_64/usr/bin/arm-zxic-linux-gnueabi/../../lib/arm-zxic-linux-gnueabi/gcc -L/home/share/T106/esdk/tmp/sysroots/zx297520v3/lib -L/home/share/T106/esdk/tmp/sysroots/zx297520v3/usr/lib/arm-zxic-linux-gnueabi/9.3.0 -L/home/share/T106/esdk/tmp/sysroots/zx297520v3/usr/lib -O1 --hash-style=gnu --as-needed -z relro -z now CMakeFiles/cmTC_78c3f.dir/CMakeCCompilerABI.c.o -lgcc --push-state --as-needed -lgcc_s --pop-state -lc -lgcc --push-state --as-needed -lgcc_s --pop-state /home/share/T106/esdk/tmp/sysroots/zx297520v3/usr/lib/arm-zxic-linux-gnueabi/9.3.0/crtendS.o /home/share/T106/esdk/tmp/sysroots/zx297520v3/usr/lib/crtn.o
COLLECT_GCC_OPTIONS='--sysroot=/home/share/T106/esdk/tmp/sysroots/zx297520v3'  '-fstack-protector-all' '-pie' '-fPIE' '-D' '_FORTIFY_SOURCE=2' '-Wformat=1' '-Wformat-security' '-Werror=format-security' '-O2' '-pipe' '-g' '-feliminate-unused-debug-types' '-fstack-protector-all' '-v' '-rdynamic' '-o' 'cmTC_78c3f' '-mtls-dialect=gnu' '-marm' '-march=armv7-a'
gmake[1]: Leaving directory '/home/nvidia/git/df/IDPS_DFCV/build/CMakeFiles/CMakeTmp'



Parsed C implicit include dir info from above output: rv=done
  found start of include info
  found start of implicit include info
    add: [/home/share/T106/esdk/tmp/sysroots/x86_64/usr/bin/arm-zxic-linux-gnueabi/../../lib/arm-zxic-linux-gnueabi/gcc/arm-zxic-linux-gnueabi/9.3.0/include]
    add: [/home/share/T106/esdk/tmp/sysroots/x86_64/usr/bin/arm-zxic-linux-gnueabi/../../lib/arm-zxic-linux-gnueabi/gcc/arm-zxic-linux-gnueabi/9.3.0/include-fixed]
    add: [/home/share/T106/esdk/tmp/sysroots/zx297520v3/usr/lib/arm-zxic-linux-gnueabi/9.3.0/include]
    add: [/home/share/T106/esdk/tmp/sysroots/zx297520v3/usr/include]
  end of search list found
  collapse include dir [/home/share/T106/esdk/tmp/sysroots/x86_64/usr/bin/arm-zxic-linux-gnueabi/../../lib/arm-zxic-linux-gnueabi/gcc/arm-zxic-linux-gnueabi/9.3.0/include] ==> [/home/share/T106/esdk/tmp/sysroots/x86_64/usr/lib/arm-zxic-linux-gnueabi/gcc/arm-zxic-linux-gnueabi/9.3.0/include]
  collapse include dir [/home/share/T106/esdk/tmp/sysroots/x86_64/usr/bin/arm-zxic-linux-gnueabi/../../lib/arm-zxic-linux-gnueabi/gcc/arm-zxic-linux-gnueabi/9.3.0/include-fixed] ==> [/home/share/T106/esdk/tmp/sysroots/x86_64/usr/lib/arm-zxic-linux-gnueabi/gcc/arm-zxic-linux-gnueabi/9.3.0/include-fixed]
  collapse include dir [/home/share/T106/esdk/tmp/sysroots/zx297520v3/usr/lib/arm-zxic-linux-gnueabi/9.3.0/include] ==> [/home/share/T106/esdk/tmp/sysroots/zx297520v3/usr/lib/arm-zxic-linux-gnueabi/9.3.0/include]
  collapse include dir [/home/share/T106/esdk/tmp/sysroots/zx297520v3/usr/include] ==> [/home/share/T106/esdk/tmp/sysroots/zx297520v3/usr/include]
  implicit include dirs: [/home/share/T106/esdk/tmp/sysroots/x86_64/usr/lib/arm-zxic-linux-gnueabi/gcc/arm-zxic-linux-gnueabi/9.3.0/include;/home/share/T106/esdk/tmp/sysroots/x86_64/usr/lib/arm-zxic-linux-gnueabi/gcc/arm-zxic-linux-gnueabi/9.3.0/include-fixed;/home/share/T106/esdk/tmp/sysroots/zx297520v3/usr/lib/arm-zxic-linux-gnueabi/9.3.0/include;/home/share/T106/esdk/tmp/sysroots/zx297520v3/usr/include]


Parsed C implicit link information from above output:
  link line regex: [^( *|.*[/\])(arm-zxic-linux-gnueabi-ld|CMAKE_LINK_STARTFILE-NOTFOUND|([^/\]+-)?ld|collect2)[^/\]*( |$)]
  ignore line: [Change Dir: /home/nvidia/git/df/IDPS_DFCV/build/CMakeFiles/CMakeTmp]
  ignore line: []
  ignore line: [Run Build Command(s):/usr/bin/gmake cmTC_78c3f/fast && /usr/bin/gmake -f CMakeFiles/cmTC_78c3f.dir/build.make CMakeFiles/cmTC_78c3f.dir/build]
  ignore line: [gmake[1]: Entering directory '/home/nvidia/git/df/IDPS_DFCV/build/CMakeFiles/CMakeTmp']
  ignore line: [Building C object CMakeFiles/cmTC_78c3f.dir/CMakeCCompilerABI.c.o]
  ignore line: [/home/share/T106/esdk/tmp/sysroots/x86_64/usr/bin/arm-zxic-linux-gnueabi/arm-zxic-linux-gnueabi-gcc   -march=armv7-a  -fstack-protector-all  -pie -fPIE -D_FORTIFY_SOURCE=2 -Wformat -Wformat-security -Werror=format-security --sysroot=/home/share/T106/esdk/tmp/sysroots/zx297520v3 --sysroot=/home/share/T106/esdk/tmp/sysroots/zx297520v3   -O2 -pipe -g -feliminate-unused-debug-types     -v -o CMakeFiles/cmTC_78c3f.dir/CMakeCCompilerABI.c.o   -c /home/share/T106/esdk/tmp/sysroots/x86_64/usr/share/cmake-3.16/Modules/CMakeCCompilerABI.c]
  ignore line: [Using built-in specs.]
  ignore line: [COLLECT_GCC=/home/share/T106/esdk/tmp/sysroots/x86_64/usr/bin/arm-zxic-linux-gnueabi/arm-zxic-linux-gnueabi-gcc]
  ignore line: [Target: arm-zxic-linux-gnueabi]
  ignore line: [Configured with: ../../../../../../work-shared/gcc-9.3.0-r0/gcc-9.3.0/configure --build=x86_64-linux --host=x86_64-linux --target=arm-zxic-linux-gnueabi --prefix=/host-native/usr --exec_prefix=/host-native/usr --bindir=/host-native/usr/bin/arm-zxic-linux-gnueabi --sbindir=/host-native/usr/bin/arm-zxic-linux-gnueabi --libexecdir=/host-native/usr/libexec/arm-zxic-linux-gnueabi --datadir=/host-native/usr/share --sysconfdir=/host-native/etc --sharedstatedir=/host-native/com --localstatedir=/host-native/var --libdir=/host-native/usr/lib/arm-zxic-linux-gnueabi --includedir=/host-native/usr/include --oldincludedir=/host-native/usr/include --infodir=/host-native/usr/share/info --mandir=/host-native/usr/share/man --disable-silent-rules --disable-dependency-tracking --with-libtool-sysroot=/host-native --enable-clocale=generic --with-gnu-ld --enable-shared --enable-languages=c,c++ --enable-threads=posix --disable-multilib --enable-default-pie --enable-c99 --enable-long-long --enable-symvers=gnu --enable-libstdcxx-pch --program-prefix=arm-zxic-linux-gnueabi- --without-local-prefix --disable-install-libiberty --enable-lto --disable-libssp --enable-libitm --disable-bootstrap --disable-libmudflap --with-system-zlib --with-linker-hash-style=sysv --enable-linker-build-id --with-ppl=no --with-cloog=no --enable-checking=release --enable-cheaders=c_global --without-isl --with-gxx-include-dir=/not/exist/usr/include/c++/9.3.0 --with-sysroot=/not/exist --with-build-sysroot=/host --enable-poison-system-directories --with-system-zlib --disable-static --disable-nls --with-glibc-version=2.28 --enable-initfini-array]
  ignore line: [Thread model: posix]
  ignore line: [gcc version 9.3.0 (GCC) ]
  ignore line: [COLLECT_GCC_OPTIONS='--sysroot=/home/share/T106/esdk/tmp/sysroots/zx297520v3'  '-fstack-protector-all' '-pie' '-fPIE' '-D' '_FORTIFY_SOURCE=2' '-Wformat=1' '-Wformat-security' '-Werror=format-security' '-O2' '-pipe' '-g' '-feliminate-unused-debug-types' '-v' '-o' 'CMakeFiles/cmTC_78c3f.dir/CMakeCCompilerABI.c.o' '-c' '-mtls-dialect=gnu' '-marm' '-march=armv7-a']
  ignore line: [ /home/share/T106/esdk/tmp/sysroots/x86_64/usr/bin/arm-zxic-linux-gnueabi/../../libexec/arm-zxic-linux-gnueabi/gcc/arm-zxic-linux-gnueabi/9.3.0/cc1 -quiet -v -iprefix /home/share/T106/esdk/tmp/sysroots/x86_64/usr/bin/arm-zxic-linux-gnueabi/../../lib/arm-zxic-linux-gnueabi/gcc/arm-zxic-linux-gnueabi/9.3.0/ -isysroot /home/share/T106/esdk/tmp/sysroots/zx297520v3 -D _FORTIFY_SOURCE=2 /home/share/T106/esdk/tmp/sysroots/x86_64/usr/share/cmake-3.16/Modules/CMakeCCompilerABI.c -quiet -dumpbase CMakeCCompilerABI.c -mtls-dialect=gnu -marm -march=armv7-a -auxbase-strip CMakeFiles/cmTC_78c3f.dir/CMakeCCompilerABI.c.o -g -O2 -Wformat=1 -Wformat-security -Werror=format-security -version -fstack-protector-all -fPIE -feliminate-unused-debug-types -o - |]
  ignore line: [ /home/share/T106/esdk/tmp/sysroots/x86_64/usr/bin/arm-zxic-linux-gnueabi/../../libexec/arm-zxic-linux-gnueabi/gcc/arm-zxic-linux-gnueabi/9.3.0/as -v -march=armv7-a -meabi=5 -o CMakeFiles/cmTC_78c3f.dir/CMakeCCompilerABI.c.o]
  ignore line: [GNU assembler version 2.34.0 (arm-zxic-linux-gnueabi) using BFD version (GNU Binutils) 2.34.0.20200220]
  ignore line: [GNU C17 (GCC) version 9.3.0 (arm-zxic-linux-gnueabi)]
  ignore line: [	compiled by GNU C version 7.5.0  GMP version 6.2.0  MPFR version 4.0.2  MPC version 1.1.0  isl version none]
  ignore line: [GGC heuristics: --param ggc-min-expand=100 --param ggc-min-heapsize=131072]
  ignore line: [ignoring nonexistent directory "/home/share/T106/esdk/tmp/sysroots/x86_64/usr/bin/arm-zxic-linux-gnueabi/../../lib/arm-zxic-linux-gnueabi/gcc/arm-zxic-linux-gnueabi/9.3.0/../../../../../arm-zxic-linux-gnueabi/include"]
  ignore line: [ignoring duplicate directory "/home/share/T106/esdk/tmp/sysroots/x86_64/usr/bin/arm-zxic-linux-gnueabi/../../lib/arm-zxic-linux-gnueabi/gcc/../../../lib/arm-zxic-linux-gnueabi/gcc/arm-zxic-linux-gnueabi/9.3.0/include"]
  ignore line: [ignoring nonexistent directory "/home/share/T106/esdk/tmp/sysroots/zx297520v3/usr/local/include"]
  ignore line: [ignoring duplicate directory "/home/share/T106/esdk/tmp/sysroots/x86_64/usr/bin/arm-zxic-linux-gnueabi/../../lib/arm-zxic-linux-gnueabi/gcc/../../../lib/arm-zxic-linux-gnueabi/gcc/arm-zxic-linux-gnueabi/9.3.0/include-fixed"]
  ignore line: [ignoring nonexistent directory "/home/share/T106/esdk/tmp/sysroots/x86_64/usr/bin/arm-zxic-linux-gnueabi/../../lib/arm-zxic-linux-gnueabi/gcc/../../../lib/arm-zxic-linux-gnueabi/gcc/arm-zxic-linux-gnueabi/9.3.0/../../../../../arm-zxic-linux-gnueabi/include"]
  ignore line: [#include "..." search starts here:]
  ignore line: [#include <...> search starts here:]
  ignore line: [ /home/share/T106/esdk/tmp/sysroots/x86_64/usr/bin/arm-zxic-linux-gnueabi/../../lib/arm-zxic-linux-gnueabi/gcc/arm-zxic-linux-gnueabi/9.3.0/include]
  ignore line: [ /home/share/T106/esdk/tmp/sysroots/x86_64/usr/bin/arm-zxic-linux-gnueabi/../../lib/arm-zxic-linux-gnueabi/gcc/arm-zxic-linux-gnueabi/9.3.0/include-fixed]
  ignore line: [ /home/share/T106/esdk/tmp/sysroots/zx297520v3/usr/lib/arm-zxic-linux-gnueabi/9.3.0/include]
  ignore line: [ /home/share/T106/esdk/tmp/sysroots/zx297520v3/usr/include]
  ignore line: [End of search list.]
  ignore line: [GNU C17 (GCC) version 9.3.0 (arm-zxic-linux-gnueabi)]
  ignore line: [	compiled by GNU C version 7.5.0  GMP version 6.2.0  MPFR version 4.0.2  MPC version 1.1.0  isl version none]
  ignore line: [GGC heuristics: --param ggc-min-expand=100 --param ggc-min-heapsize=131072]
  ignore line: [Compiler executable checksum: 7f7b8295f519f8ff6e62e68d19390d4f]
  ignore line: [COMPILER_PATH=/home/share/T106/esdk/tmp/sysroots/x86_64/usr/bin/arm-zxic-linux-gnueabi/../../libexec/arm-zxic-linux-gnueabi/gcc/arm-zxic-linux-gnueabi/9.3.0/:/home/share/T106/esdk/tmp/sysroots/x86_64/usr/bin/arm-zxic-linux-gnueabi/../../libexec/arm-zxic-linux-gnueabi/gcc/]
  ignore line: [LIBRARY_PATH=/home/share/T106/esdk/tmp/sysroots/x86_64/usr/bin/arm-zxic-linux-gnueabi/../../lib/arm-zxic-linux-gnueabi/gcc/arm-zxic-linux-gnueabi/9.3.0/:/home/share/T106/esdk/tmp/sysroots/x86_64/usr/bin/arm-zxic-linux-gnueabi/../../lib/arm-zxic-linux-gnueabi/gcc/:/home/share/T106/esdk/tmp/sysroots/zx297520v3/lib/:/home/share/T106/esdk/tmp/sysroots/zx297520v3/usr/lib/arm-zxic-linux-gnueabi/9.3.0/:/home/share/T106/esdk/tmp/sysroots/zx297520v3/usr/lib/]
  ignore line: [COLLECT_GCC_OPTIONS='--sysroot=/home/share/T106/esdk/tmp/sysroots/zx297520v3'  '-fstack-protector-all' '-pie' '-fPIE' '-D' '_FORTIFY_SOURCE=2' '-Wformat=1' '-Wformat-security' '-Werror=format-security' '-O2' '-pipe' '-g' '-feliminate-unused-debug-types' '-v' '-o' 'CMakeFiles/cmTC_78c3f.dir/CMakeCCompilerABI.c.o' '-c' '-mtls-dialect=gnu' '-marm' '-march=armv7-a']
  ignore line: [Linking C executable cmTC_78c3f]
  ignore line: [/home/share/T106/esdk/tmp/sysroots/x86_64/usr/bin/cmake -E cmake_link_script CMakeFiles/cmTC_78c3f.dir/link.txt --verbose=1]
  ignore line: [/home/share/T106/esdk/tmp/sysroots/x86_64/usr/bin/arm-zxic-linux-gnueabi/arm-zxic-linux-gnueabi-gcc   -march=armv7-a  -fstack-protector-all  -pie -fPIE -D_FORTIFY_SOURCE=2 -Wformat -Wformat-security -Werror=format-security --sysroot=/home/share/T106/esdk/tmp/sysroots/zx297520v3 --sysroot=/home/share/T106/esdk/tmp/sysroots/zx297520v3  -O2 -pipe -g -feliminate-unused-debug-types    -Wl -O1 -Wl --hash-style=gnu -Wl --as-needed  -fstack-protector-all -Wl -z relro -z now -v -rdynamic CMakeFiles/cmTC_78c3f.dir/CMakeCCompilerABI.c.o  -o cmTC_78c3f ]
  ignore line: [Using built-in specs.]
  ignore line: [COLLECT_GCC=/home/share/T106/esdk/tmp/sysroots/x86_64/usr/bin/arm-zxic-linux-gnueabi/arm-zxic-linux-gnueabi-gcc]
  ignore line: [COLLECT_LTO_WRAPPER=/home/share/T106/esdk/tmp/sysroots/x86_64/usr/bin/arm-zxic-linux-gnueabi/../../libexec/arm-zxic-linux-gnueabi/gcc/arm-zxic-linux-gnueabi/9.3.0/lto-wrapper]
  ignore line: [Target: arm-zxic-linux-gnueabi]
  ignore line: [Configured with: ../../../../../../work-shared/gcc-9.3.0-r0/gcc-9.3.0/configure --build=x86_64-linux --host=x86_64-linux --target=arm-zxic-linux-gnueabi --prefix=/host-native/usr --exec_prefix=/host-native/usr --bindir=/host-native/usr/bin/arm-zxic-linux-gnueabi --sbindir=/host-native/usr/bin/arm-zxic-linux-gnueabi --libexecdir=/host-native/usr/libexec/arm-zxic-linux-gnueabi --datadir=/host-native/usr/share --sysconfdir=/host-native/etc --sharedstatedir=/host-native/com --localstatedir=/host-native/var --libdir=/host-native/usr/lib/arm-zxic-linux-gnueabi --includedir=/host-native/usr/include --oldincludedir=/host-native/usr/include --infodir=/host-native/usr/share/info --mandir=/host-native/usr/share/man --disable-silent-rules --disable-dependency-tracking --with-libtool-sysroot=/host-native --enable-clocale=generic --with-gnu-ld --enable-shared --enable-languages=c,c++ --enable-threads=posix --disable-multilib --enable-default-pie --enable-c99 --enable-long-long --enable-symvers=gnu --enable-libstdcxx-pch --program-prefix=arm-zxic-linux-gnueabi- --without-local-prefix --disable-install-libiberty --enable-lto --disable-libssp --enable-libitm --disable-bootstrap --disable-libmudflap --with-system-zlib --with-linker-hash-style=sysv --enable-linker-build-id --with-ppl=no --with-cloog=no --enable-checking=release --enable-cheaders=c_global --without-isl --with-gxx-include-dir=/not/exist/usr/include/c++/9.3.0 --with-sysroot=/not/exist --with-build-sysroot=/host --enable-poison-system-directories --with-system-zlib --disable-static --disable-nls --with-glibc-version=2.28 --enable-initfini-array]
  ignore line: [Thread model: posix]
  ignore line: [gcc version 9.3.0 (GCC) ]
  ignore line: [COMPILER_PATH=/home/share/T106/esdk/tmp/sysroots/x86_64/usr/bin/arm-zxic-linux-gnueabi/../../libexec/arm-zxic-linux-gnueabi/gcc/arm-zxic-linux-gnueabi/9.3.0/:/home/share/T106/esdk/tmp/sysroots/x86_64/usr/bin/arm-zxic-linux-gnueabi/../../libexec/arm-zxic-linux-gnueabi/gcc/]
  ignore line: [LIBRARY_PATH=/home/share/T106/esdk/tmp/sysroots/x86_64/usr/bin/arm-zxic-linux-gnueabi/../../lib/arm-zxic-linux-gnueabi/gcc/arm-zxic-linux-gnueabi/9.3.0/:/home/share/T106/esdk/tmp/sysroots/x86_64/usr/bin/arm-zxic-linux-gnueabi/../../lib/arm-zxic-linux-gnueabi/gcc/:/home/share/T106/esdk/tmp/sysroots/zx297520v3/lib/:/home/share/T106/esdk/tmp/sysroots/zx297520v3/usr/lib/arm-zxic-linux-gnueabi/9.3.0/:/home/share/T106/esdk/tmp/sysroots/zx297520v3/usr/lib/]
  ignore line: [COLLECT_GCC_OPTIONS='--sysroot=/home/share/T106/esdk/tmp/sysroots/zx297520v3'  '-fstack-protector-all' '-pie' '-fPIE' '-D' '_FORTIFY_SOURCE=2' '-Wformat=1' '-Wformat-security' '-Werror=format-security' '-O2' '-pipe' '-g' '-feliminate-unused-debug-types' '-fstack-protector-all' '-v' '-rdynamic' '-o' 'cmTC_78c3f' '-mtls-dialect=gnu' '-marm' '-march=armv7-a']
  link line: [ /home/share/T106/esdk/tmp/sysroots/x86_64/usr/bin/arm-zxic-linux-gnueabi/../../libexec/arm-zxic-linux-gnueabi/gcc/arm-zxic-linux-gnueabi/9.3.0/collect2 -plugin /home/share/T106/esdk/tmp/sysroots/x86_64/usr/bin/arm-zxic-linux-gnueabi/../../libexec/arm-zxic-linux-gnueabi/gcc/arm-zxic-linux-gnueabi/9.3.0/liblto_plugin.so -plugin-opt=/home/share/T106/esdk/tmp/sysroots/x86_64/usr/bin/arm-zxic-linux-gnueabi/../../libexec/arm-zxic-linux-gnueabi/gcc/arm-zxic-linux-gnueabi/9.3.0/lto-wrapper -plugin-opt=-fresolution=/tmp/ccZZQk1J.res -plugin-opt=-pass-through=-lgcc -plugin-opt=-pass-through=-lgcc_s -plugin-opt=-pass-through=-lc -plugin-opt=-pass-through=-lgcc -plugin-opt=-pass-through=-lgcc_s --sysroot=/home/share/T106/esdk/tmp/sysroots/zx297520v3 --build-id --eh-frame-hdr --hash-style=sysv -export-dynamic -dynamic-linker /lib/ld-linux.so.3 -X -m armelf_linux_eabi -pie -o cmTC_78c3f /home/share/T106/esdk/tmp/sysroots/zx297520v3/usr/lib/Scrt1.o /home/share/T106/esdk/tmp/sysroots/zx297520v3/usr/lib/crti.o /home/share/T106/esdk/tmp/sysroots/zx297520v3/usr/lib/arm-zxic-linux-gnueabi/9.3.0/crtbeginS.o -L/home/share/T106/esdk/tmp/sysroots/x86_64/usr/bin/arm-zxic-linux-gnueabi/../../lib/arm-zxic-linux-gnueabi/gcc/arm-zxic-linux-gnueabi/9.3.0 -L/home/share/T106/esdk/tmp/sysroots/x86_64/usr/bin/arm-zxic-linux-gnueabi/../../lib/arm-zxic-linux-gnueabi/gcc -L/home/share/T106/esdk/tmp/sysroots/zx297520v3/lib -L/home/share/T106/esdk/tmp/sysroots/zx297520v3/usr/lib/arm-zxic-linux-gnueabi/9.3.0 -L/home/share/T106/esdk/tmp/sysroots/zx297520v3/usr/lib -O1 --hash-style=gnu --as-needed -z relro -z now CMakeFiles/cmTC_78c3f.dir/CMakeCCompilerABI.c.o -lgcc --push-state --as-needed -lgcc_s --pop-state -lc -lgcc --push-state --as-needed -lgcc_s --pop-state /home/share/T106/esdk/tmp/sysroots/zx297520v3/usr/lib/arm-zxic-linux-gnueabi/9.3.0/crtendS.o /home/share/T106/esdk/tmp/sysroots/zx297520v3/usr/lib/crtn.o]
    arg [/home/share/T106/esdk/tmp/sysroots/x86_64/usr/bin/arm-zxic-linux-gnueabi/../../libexec/arm-zxic-linux-gnueabi/gcc/arm-zxic-linux-gnueabi/9.3.0/collect2] ==> ignore
    arg [-plugin] ==> ignore
    arg [/home/share/T106/esdk/tmp/sysroots/x86_64/usr/bin/arm-zxic-linux-gnueabi/../../libexec/arm-zxic-linux-gnueabi/gcc/arm-zxic-linux-gnueabi/9.3.0/liblto_plugin.so] ==> ignore
    arg [-plugin-opt=/home/share/T106/esdk/tmp/sysroots/x86_64/usr/bin/arm-zxic-linux-gnueabi/../../libexec/arm-zxic-linux-gnueabi/gcc/arm-zxic-linux-gnueabi/9.3.0/lto-wrapper] ==> ignore
    arg [-plugin-opt=-fresolution=/tmp/ccZZQk1J.res] ==> ignore
    arg [-plugin-opt=-pass-through=-lgcc] ==> ignore
    arg [-plugin-opt=-pass-through=-lgcc_s] ==> ignore
    arg [-plugin-opt=-pass-through=-lc] ==> ignore
    arg [-plugin-opt=-pass-through=-lgcc] ==> ignore
    arg [-plugin-opt=-pass-through=-lgcc_s] ==> ignore
    arg [--sysroot=/home/share/T106/esdk/tmp/sysroots/zx297520v3] ==> ignore
    arg [--build-id] ==> ignore
    arg [--eh-frame-hdr] ==> ignore
    arg [--hash-style=sysv] ==> ignore
    arg [-export-dynamic] ==> ignore
    arg [-dynamic-linker] ==> ignore
    arg [/lib/ld-linux.so.3] ==> ignore
    arg [-X] ==> ignore
    arg [-m] ==> ignore
    arg [armelf_linux_eabi] ==> ignore
    arg [-pie] ==> ignore
    arg [-o] ==> ignore
    arg [cmTC_78c3f] ==> ignore
    arg [/home/share/T106/esdk/tmp/sysroots/zx297520v3/usr/lib/Scrt1.o] ==> ignore
    arg [/home/share/T106/esdk/tmp/sysroots/zx297520v3/usr/lib/crti.o] ==> ignore
    arg [/home/share/T106/esdk/tmp/sysroots/zx297520v3/usr/lib/arm-zxic-linux-gnueabi/9.3.0/crtbeginS.o] ==> ignore
    arg [-L/home/share/T106/esdk/tmp/sysroots/x86_64/usr/bin/arm-zxic-linux-gnueabi/../../lib/arm-zxic-linux-gnueabi/gcc/arm-zxic-linux-gnueabi/9.3.0] ==> dir [/home/share/T106/esdk/tmp/sysroots/x86_64/usr/bin/arm-zxic-linux-gnueabi/../../lib/arm-zxic-linux-gnueabi/gcc/arm-zxic-linux-gnueabi/9.3.0]
    arg [-L/home/share/T106/esdk/tmp/sysroots/x86_64/usr/bin/arm-zxic-linux-gnueabi/../../lib/arm-zxic-linux-gnueabi/gcc] ==> dir [/home/share/T106/esdk/tmp/sysroots/x86_64/usr/bin/arm-zxic-linux-gnueabi/../../lib/arm-zxic-linux-gnueabi/gcc]
    arg [-L/home/share/T106/esdk/tmp/sysroots/zx297520v3/lib] ==> dir [/home/share/T106/esdk/tmp/sysroots/zx297520v3/lib]
    arg [-L/home/share/T106/esdk/tmp/sysroots/zx297520v3/usr/lib/arm-zxic-linux-gnueabi/9.3.0] ==> dir [/home/share/T106/esdk/tmp/sysroots/zx297520v3/usr/lib/arm-zxic-linux-gnueabi/9.3.0]
    arg [-L/home/share/T106/esdk/tmp/sysroots/zx297520v3/usr/lib] ==> dir [/home/share/T106/esdk/tmp/sysroots/zx297520v3/usr/lib]
    arg [-O1] ==> ignore
    arg [--hash-style=gnu] ==> ignore
    arg [--as-needed] ==> ignore
    arg [-zrelro] ==> ignore
    arg [-znow] ==> ignore
    arg [CMakeFiles/cmTC_78c3f.dir/CMakeCCompilerABI.c.o] ==> ignore
    arg [-lgcc] ==> lib [gcc]
    arg [--push-state] ==> ignore
    arg [--as-needed] ==> ignore
    arg [-lgcc_s] ==> lib [gcc_s]
    arg [--pop-state] ==> ignore
    arg [-lc] ==> lib [c]
    arg [-lgcc] ==> lib [gcc]
    arg [--push-state] ==> ignore
    arg [--as-needed] ==> ignore
    arg [-lgcc_s] ==> lib [gcc_s]
    arg [--pop-state] ==> ignore
    arg [/home/share/T106/esdk/tmp/sysroots/zx297520v3/usr/lib/arm-zxic-linux-gnueabi/9.3.0/crtendS.o] ==> ignore
    arg [/home/share/T106/esdk/tmp/sysroots/zx297520v3/usr/lib/crtn.o] ==> ignore
  collapse library dir [/home/share/T106/esdk/tmp/sysroots/x86_64/usr/bin/arm-zxic-linux-gnueabi/../../lib/arm-zxic-linux-gnueabi/gcc/arm-zxic-linux-gnueabi/9.3.0] ==> [/home/share/T106/esdk/tmp/sysroots/x86_64/usr/lib/arm-zxic-linux-gnueabi/gcc/arm-zxic-linux-gnueabi/9.3.0]
  collapse library dir [/home/share/T106/esdk/tmp/sysroots/x86_64/usr/bin/arm-zxic-linux-gnueabi/../../lib/arm-zxic-linux-gnueabi/gcc] ==> [/home/share/T106/esdk/tmp/sysroots/x86_64/usr/lib/arm-zxic-linux-gnueabi/gcc]
  collapse library dir [/home/share/T106/esdk/tmp/sysroots/zx297520v3/lib] ==> [/home/share/T106/esdk/tmp/sysroots/zx297520v3/lib]
  collapse library dir [/home/share/T106/esdk/tmp/sysroots/zx297520v3/usr/lib/arm-zxic-linux-gnueabi/9.3.0] ==> [/home/share/T106/esdk/tmp/sysroots/zx297520v3/usr/lib/arm-zxic-linux-gnueabi/9.3.0]
  collapse library dir [/home/share/T106/esdk/tmp/sysroots/zx297520v3/usr/lib] ==> [/home/share/T106/esdk/tmp/sysroots/zx297520v3/usr/lib]
  implicit libs: [gcc;gcc_s;c;gcc;gcc_s]
  implicit dirs: [/home/share/T106/esdk/tmp/sysroots/x86_64/usr/lib/arm-zxic-linux-gnueabi/gcc/arm-zxic-linux-gnueabi/9.3.0;/home/share/T106/esdk/tmp/sysroots/x86_64/usr/lib/arm-zxic-linux-gnueabi/gcc;/home/share/T106/esdk/tmp/sysroots/zx297520v3/lib;/home/share/T106/esdk/tmp/sysroots/zx297520v3/usr/lib/arm-zxic-linux-gnueabi/9.3.0;/home/share/T106/esdk/tmp/sysroots/zx297520v3/usr/lib]
  implicit fwks: []


Determining if the CXX compiler works passed with the following output:
Change Dir: /home/nvidia/git/df/IDPS_DFCV/build/CMakeFiles/CMakeTmp

Run Build Command(s):/usr/bin/gmake cmTC_3129e/fast && /usr/bin/gmake -f CMakeFiles/cmTC_3129e.dir/build.make CMakeFiles/cmTC_3129e.dir/build
gmake[1]: Entering directory '/home/nvidia/git/df/IDPS_DFCV/build/CMakeFiles/CMakeTmp'
Building CXX object CMakeFiles/cmTC_3129e.dir/testCXXCompiler.cxx.o
/home/share/T106/esdk/tmp/sysroots/x86_64/usr/bin/arm-zxic-linux-gnueabi/arm-zxic-linux-gnueabi-g++   -march=armv7-a  -fstack-protector-all  -pie -fPIE -D_FORTIFY_SOURCE=2 -Wformat -Wformat-security -Werror=format-security --sysroot=/home/share/T106/esdk/tmp/sysroots/zx297520v3 --sysroot=/home/share/T106/esdk/tmp/sysroots/zx297520v3    -O2 -pipe -g -feliminate-unused-debug-types     -o CMakeFiles/cmTC_3129e.dir/testCXXCompiler.cxx.o -c /home/nvidia/git/df/IDPS_DFCV/build/CMakeFiles/CMakeTmp/testCXXCompiler.cxx
Linking CXX executable cmTC_3129e
/home/share/T106/esdk/tmp/sysroots/x86_64/usr/bin/cmake -E cmake_link_script CMakeFiles/cmTC_3129e.dir/link.txt --verbose=1
/home/share/T106/esdk/tmp/sysroots/x86_64/usr/bin/arm-zxic-linux-gnueabi/arm-zxic-linux-gnueabi-g++   -march=armv7-a  -fstack-protector-all  -pie -fPIE -D_FORTIFY_SOURCE=2 -Wformat -Wformat-security -Werror=format-security --sysroot=/home/share/T106/esdk/tmp/sysroots/zx297520v3 --sysroot=/home/share/T106/esdk/tmp/sysroots/zx297520v3   -O2 -pipe -g -feliminate-unused-debug-types    -Wl,-O1 -Wl,--hash-style=gnu -Wl,--as-needed  -fstack-protector-all -Wl,-z,relro,-z,now  -rdynamic CMakeFiles/cmTC_3129e.dir/testCXXCompiler.cxx.o  -o cmTC_3129e 
gmake[1]: Leaving directory '/home/nvidia/git/df/IDPS_DFCV/build/CMakeFiles/CMakeTmp'



Detecting CXX compiler ABI info compiled with the following output:
Change Dir: /home/nvidia/git/df/IDPS_DFCV/build/CMakeFiles/CMakeTmp

Run Build Command(s):/usr/bin/gmake cmTC_e6616/fast && /usr/bin/gmake -f CMakeFiles/cmTC_e6616.dir/build.make CMakeFiles/cmTC_e6616.dir/build
gmake[1]: Entering directory '/home/nvidia/git/df/IDPS_DFCV/build/CMakeFiles/CMakeTmp'
Building CXX object CMakeFiles/cmTC_e6616.dir/CMakeCXXCompilerABI.cpp.o
/home/share/T106/esdk/tmp/sysroots/x86_64/usr/bin/arm-zxic-linux-gnueabi/arm-zxic-linux-gnueabi-g++   -march=armv7-a  -fstack-protector-all  -pie -fPIE -D_FORTIFY_SOURCE=2 -Wformat -Wformat-security -Werror=format-security --sysroot=/home/share/T106/esdk/tmp/sysroots/zx297520v3 --sysroot=/home/share/T106/esdk/tmp/sysroots/zx297520v3    -O2 -pipe -g -feliminate-unused-debug-types     -v -o CMakeFiles/cmTC_e6616.dir/CMakeCXXCompilerABI.cpp.o -c /home/share/T106/esdk/tmp/sysroots/x86_64/usr/share/cmake-3.16/Modules/CMakeCXXCompilerABI.cpp
Using built-in specs.
COLLECT_GCC=/home/share/T106/esdk/tmp/sysroots/x86_64/usr/bin/arm-zxic-linux-gnueabi/arm-zxic-linux-gnueabi-g++
Target: arm-zxic-linux-gnueabi
Configured with: ../../../../../../work-shared/gcc-9.3.0-r0/gcc-9.3.0/configure --build=x86_64-linux --host=x86_64-linux --target=arm-zxic-linux-gnueabi --prefix=/host-native/usr --exec_prefix=/host-native/usr --bindir=/host-native/usr/bin/arm-zxic-linux-gnueabi --sbindir=/host-native/usr/bin/arm-zxic-linux-gnueabi --libexecdir=/host-native/usr/libexec/arm-zxic-linux-gnueabi --datadir=/host-native/usr/share --sysconfdir=/host-native/etc --sharedstatedir=/host-native/com --localstatedir=/host-native/var --libdir=/host-native/usr/lib/arm-zxic-linux-gnueabi --includedir=/host-native/usr/include --oldincludedir=/host-native/usr/include --infodir=/host-native/usr/share/info --mandir=/host-native/usr/share/man --disable-silent-rules --disable-dependency-tracking --with-libtool-sysroot=/host-native --enable-clocale=generic --with-gnu-ld --enable-shared --enable-languages=c,c++ --enable-threads=posix --disable-multilib --enable-default-pie --enable-c99 --enable-long-long --enable-symvers=gnu --enable-libstdcxx-pch --program-prefix=arm-zxic-linux-gnueabi- --without-local-prefix --disable-install-libiberty --enable-lto --disable-libssp --enable-libitm --disable-bootstrap --disable-libmudflap --with-system-zlib --with-linker-hash-style=sysv --enable-linker-build-id --with-ppl=no --with-cloog=no --enable-checking=release --enable-cheaders=c_global --without-isl --with-gxx-include-dir=/not/exist/usr/include/c++/9.3.0 --with-sysroot=/not/exist --with-build-sysroot=/host --enable-poison-system-directories --with-system-zlib --disable-static --disable-nls --with-glibc-version=2.28 --enable-initfini-array
Thread model: posix
gcc version 9.3.0 (GCC) 
COLLECT_GCC_OPTIONS='--sysroot=/home/share/T106/esdk/tmp/sysroots/zx297520v3'  '-fstack-protector-all' '-pie' '-fPIE' '-D' '_FORTIFY_SOURCE=2' '-Wformat=1' '-Wformat-security' '-Werror=format-security' '-O2' '-pipe' '-g' '-feliminate-unused-debug-types' '-v' '-o' 'CMakeFiles/cmTC_e6616.dir/CMakeCXXCompilerABI.cpp.o' '-c' '-shared-libgcc' '-mtls-dialect=gnu' '-marm' '-march=armv7-a'
 /home/share/T106/esdk/tmp/sysroots/x86_64/usr/bin/arm-zxic-linux-gnueabi/../../libexec/arm-zxic-linux-gnueabi/gcc/arm-zxic-linux-gnueabi/9.3.0/cc1plus -quiet -v -iprefix /home/share/T106/esdk/tmp/sysroots/x86_64/usr/bin/arm-zxic-linux-gnueabi/../../lib/arm-zxic-linux-gnueabi/gcc/arm-zxic-linux-gnueabi/9.3.0/ -isysroot /home/share/T106/esdk/tmp/sysroots/zx297520v3 -D_GNU_SOURCE -D _FORTIFY_SOURCE=2 /home/share/T106/esdk/tmp/sysroots/x86_64/usr/share/cmake-3.16/Modules/CMakeCXXCompilerABI.cpp -quiet -dumpbase CMakeCXXCompilerABI.cpp -mtls-dialect=gnu -marm -march=armv7-a -auxbase-strip CMakeFiles/cmTC_e6616.dir/CMakeCXXCompilerABI.cpp.o -g -O2 -Wformat=1 -Wformat-security -Werror=format-security -version -fstack-protector-all -fPIE -feliminate-unused-debug-types -o - |
 /home/share/T106/esdk/tmp/sysroots/x86_64/usr/bin/arm-zxic-linux-gnueabi/../../libexec/arm-zxic-linux-gnueabi/gcc/arm-zxic-linux-gnueabi/9.3.0/as -v -march=armv7-a -meabi=5 -o CMakeFiles/cmTC_e6616.dir/CMakeCXXCompilerABI.cpp.o
GNU assembler version 2.34.0 (arm-zxic-linux-gnueabi) using BFD version (GNU Binutils) 2.34.0.20200220
GNU C++14 (GCC) version 9.3.0 (arm-zxic-linux-gnueabi)
	compiled by GNU C version 7.5.0, GMP version 6.2.0, MPFR version 4.0.2, MPC version 1.1.0, isl version none
GGC heuristics: --param ggc-min-expand=100 --param ggc-min-heapsize=131072
ignoring nonexistent directory "/home/share/T106/esdk/tmp/sysroots/x86_64/usr/bin/arm-zxic-linux-gnueabi/../../lib/arm-zxic-linux-gnueabi/gcc/arm-zxic-linux-gnueabi/9.3.0/../../../../../arm-zxic-linux-gnueabi/include"
ignoring duplicate directory "/home/share/T106/esdk/tmp/sysroots/x86_64/usr/bin/arm-zxic-linux-gnueabi/../../lib/arm-zxic-linux-gnueabi/gcc/../../../lib/arm-zxic-linux-gnueabi/gcc/arm-zxic-linux-gnueabi/9.3.0/include"
ignoring nonexistent directory "/home/share/T106/esdk/tmp/sysroots/zx297520v3/usr/local/include"
ignoring duplicate directory "/home/share/T106/esdk/tmp/sysroots/x86_64/usr/bin/arm-zxic-linux-gnueabi/../../lib/arm-zxic-linux-gnueabi/gcc/../../../lib/arm-zxic-linux-gnueabi/gcc/arm-zxic-linux-gnueabi/9.3.0/include-fixed"
ignoring nonexistent directory "/home/share/T106/esdk/tmp/sysroots/x86_64/usr/bin/arm-zxic-linux-gnueabi/../../lib/arm-zxic-linux-gnueabi/gcc/../../../lib/arm-zxic-linux-gnueabi/gcc/arm-zxic-linux-gnueabi/9.3.0/../../../../../arm-zxic-linux-gnueabi/include"
#include "..." search starts here:
#include <...> search starts here:
 /home/share/T106/esdk/tmp/sysroots/x86_64/usr/bin/arm-zxic-linux-gnueabi/../../lib/arm-zxic-linux-gnueabi/gcc/arm-zxic-linux-gnueabi/9.3.0/include
 /home/share/T106/esdk/tmp/sysroots/x86_64/usr/bin/arm-zxic-linux-gnueabi/../../lib/arm-zxic-linux-gnueabi/gcc/arm-zxic-linux-gnueabi/9.3.0/include-fixed
 /home/share/T106/esdk/tmp/sysroots/zx297520v3/usr/include/c++/9.3.0
 /home/share/T106/esdk/tmp/sysroots/zx297520v3/usr/include/c++/9.3.0/arm-zxic-linux-gnueabi
 /home/share/T106/esdk/tmp/sysroots/zx297520v3/usr/include/c++/9.3.0/backward
 /home/share/T106/esdk/tmp/sysroots/zx297520v3/usr/lib/arm-zxic-linux-gnueabi/9.3.0/include
 /home/share/T106/esdk/tmp/sysroots/zx297520v3/usr/include
End of search list.
GNU C++14 (GCC) version 9.3.0 (arm-zxic-linux-gnueabi)
	compiled by GNU C version 7.5.0, GMP version 6.2.0, MPFR version 4.0.2, MPC version 1.1.0, isl version none
GGC heuristics: --param ggc-min-expand=100 --param ggc-min-heapsize=131072
Compiler executable checksum: 8a4f1978918481de1c7fcb52beb93af3
COMPILER_PATH=/home/share/T106/esdk/tmp/sysroots/x86_64/usr/bin/arm-zxic-linux-gnueabi/../../libexec/arm-zxic-linux-gnueabi/gcc/arm-zxic-linux-gnueabi/9.3.0/:/home/share/T106/esdk/tmp/sysroots/x86_64/usr/bin/arm-zxic-linux-gnueabi/../../libexec/arm-zxic-linux-gnueabi/gcc/
LIBRARY_PATH=/home/share/T106/esdk/tmp/sysroots/x86_64/usr/bin/arm-zxic-linux-gnueabi/../../lib/arm-zxic-linux-gnueabi/gcc/arm-zxic-linux-gnueabi/9.3.0/:/home/share/T106/esdk/tmp/sysroots/x86_64/usr/bin/arm-zxic-linux-gnueabi/../../lib/arm-zxic-linux-gnueabi/gcc/:/home/share/T106/esdk/tmp/sysroots/zx297520v3/lib/:/home/share/T106/esdk/tmp/sysroots/zx297520v3/usr/lib/arm-zxic-linux-gnueabi/9.3.0/:/home/share/T106/esdk/tmp/sysroots/zx297520v3/usr/lib/
COLLECT_GCC_OPTIONS='--sysroot=/home/share/T106/esdk/tmp/sysroots/zx297520v3'  '-fstack-protector-all' '-pie' '-fPIE' '-D' '_FORTIFY_SOURCE=2' '-Wformat=1' '-Wformat-security' '-Werror=format-security' '-O2' '-pipe' '-g' '-feliminate-unused-debug-types' '-v' '-o' 'CMakeFiles/cmTC_e6616.dir/CMakeCXXCompilerABI.cpp.o' '-c' '-shared-libgcc' '-mtls-dialect=gnu' '-marm' '-march=armv7-a'
Linking CXX executable cmTC_e6616
/home/share/T106/esdk/tmp/sysroots/x86_64/usr/bin/cmake -E cmake_link_script CMakeFiles/cmTC_e6616.dir/link.txt --verbose=1
/home/share/T106/esdk/tmp/sysroots/x86_64/usr/bin/arm-zxic-linux-gnueabi/arm-zxic-linux-gnueabi-g++   -march=armv7-a  -fstack-protector-all  -pie -fPIE -D_FORTIFY_SOURCE=2 -Wformat -Wformat-security -Werror=format-security --sysroot=/home/share/T106/esdk/tmp/sysroots/zx297520v3 --sysroot=/home/share/T106/esdk/tmp/sysroots/zx297520v3   -O2 -pipe -g -feliminate-unused-debug-types    -Wl,-O1 -Wl,--hash-style=gnu -Wl,--as-needed  -fstack-protector-all -Wl,-z,relro,-z,now -v -rdynamic CMakeFiles/cmTC_e6616.dir/CMakeCXXCompilerABI.cpp.o  -o cmTC_e6616 
Using built-in specs.
COLLECT_GCC=/home/share/T106/esdk/tmp/sysroots/x86_64/usr/bin/arm-zxic-linux-gnueabi/arm-zxic-linux-gnueabi-g++
COLLECT_LTO_WRAPPER=/home/share/T106/esdk/tmp/sysroots/x86_64/usr/bin/arm-zxic-linux-gnueabi/../../libexec/arm-zxic-linux-gnueabi/gcc/arm-zxic-linux-gnueabi/9.3.0/lto-wrapper
Target: arm-zxic-linux-gnueabi
Configured with: ../../../../../../work-shared/gcc-9.3.0-r0/gcc-9.3.0/configure --build=x86_64-linux --host=x86_64-linux --target=arm-zxic-linux-gnueabi --prefix=/host-native/usr --exec_prefix=/host-native/usr --bindir=/host-native/usr/bin/arm-zxic-linux-gnueabi --sbindir=/host-native/usr/bin/arm-zxic-linux-gnueabi --libexecdir=/host-native/usr/libexec/arm-zxic-linux-gnueabi --datadir=/host-native/usr/share --sysconfdir=/host-native/etc --sharedstatedir=/host-native/com --localstatedir=/host-native/var --libdir=/host-native/usr/lib/arm-zxic-linux-gnueabi --includedir=/host-native/usr/include --oldincludedir=/host-native/usr/include --infodir=/host-native/usr/share/info --mandir=/host-native/usr/share/man --disable-silent-rules --disable-dependency-tracking --with-libtool-sysroot=/host-native --enable-clocale=generic --with-gnu-ld --enable-shared --enable-languages=c,c++ --enable-threads=posix --disable-multilib --enable-default-pie --enable-c99 --enable-long-long --enable-symvers=gnu --enable-libstdcxx-pch --program-prefix=arm-zxic-linux-gnueabi- --without-local-prefix --disable-install-libiberty --enable-lto --disable-libssp --enable-libitm --disable-bootstrap --disable-libmudflap --with-system-zlib --with-linker-hash-style=sysv --enable-linker-build-id --with-ppl=no --with-cloog=no --enable-checking=release --enable-cheaders=c_global --without-isl --with-gxx-include-dir=/not/exist/usr/include/c++/9.3.0 --with-sysroot=/not/exist --with-build-sysroot=/host --enable-poison-system-directories --with-system-zlib --disable-static --disable-nls --with-glibc-version=2.28 --enable-initfini-array
Thread model: posix
gcc version 9.3.0 (GCC) 
COMPILER_PATH=/home/share/T106/esdk/tmp/sysroots/x86_64/usr/bin/arm-zxic-linux-gnueabi/../../libexec/arm-zxic-linux-gnueabi/gcc/arm-zxic-linux-gnueabi/9.3.0/:/home/share/T106/esdk/tmp/sysroots/x86_64/usr/bin/arm-zxic-linux-gnueabi/../../libexec/arm-zxic-linux-gnueabi/gcc/
LIBRARY_PATH=/home/share/T106/esdk/tmp/sysroots/x86_64/usr/bin/arm-zxic-linux-gnueabi/../../lib/arm-zxic-linux-gnueabi/gcc/arm-zxic-linux-gnueabi/9.3.0/:/home/share/T106/esdk/tmp/sysroots/x86_64/usr/bin/arm-zxic-linux-gnueabi/../../lib/arm-zxic-linux-gnueabi/gcc/:/home/share/T106/esdk/tmp/sysroots/zx297520v3/lib/:/home/share/T106/esdk/tmp/sysroots/zx297520v3/usr/lib/arm-zxic-linux-gnueabi/9.3.0/:/home/share/T106/esdk/tmp/sysroots/zx297520v3/usr/lib/
COLLECT_GCC_OPTIONS='--sysroot=/home/share/T106/esdk/tmp/sysroots/zx297520v3'  '-fstack-protector-all' '-pie' '-fPIE' '-D' '_FORTIFY_SOURCE=2' '-Wformat=1' '-Wformat-security' '-Werror=format-security' '-O2' '-pipe' '-g' '-feliminate-unused-debug-types' '-fstack-protector-all' '-v' '-rdynamic' '-o' 'cmTC_e6616' '-shared-libgcc' '-mtls-dialect=gnu' '-marm' '-march=armv7-a'
 /home/share/T106/esdk/tmp/sysroots/x86_64/usr/bin/arm-zxic-linux-gnueabi/../../libexec/arm-zxic-linux-gnueabi/gcc/arm-zxic-linux-gnueabi/9.3.0/collect2 -plugin /home/share/T106/esdk/tmp/sysroots/x86_64/usr/bin/arm-zxic-linux-gnueabi/../../libexec/arm-zxic-linux-gnueabi/gcc/arm-zxic-linux-gnueabi/9.3.0/liblto_plugin.so -plugin-opt=/home/share/T106/esdk/tmp/sysroots/x86_64/usr/bin/arm-zxic-linux-gnueabi/../../libexec/arm-zxic-linux-gnueabi/gcc/arm-zxic-linux-gnueabi/9.3.0/lto-wrapper -plugin-opt=-fresolution=/tmp/ccKJpsBq.res -plugin-opt=-pass-through=-lgcc_s -plugin-opt=-pass-through=-lgcc -plugin-opt=-pass-through=-lc -plugin-opt=-pass-through=-lgcc_s -plugin-opt=-pass-through=-lgcc --sysroot=/home/share/T106/esdk/tmp/sysroots/zx297520v3 --build-id --eh-frame-hdr --hash-style=sysv -export-dynamic -dynamic-linker /lib/ld-linux.so.3 -X -m armelf_linux_eabi -pie -o cmTC_e6616 /home/share/T106/esdk/tmp/sysroots/zx297520v3/usr/lib/Scrt1.o /home/share/T106/esdk/tmp/sysroots/zx297520v3/usr/lib/crti.o /home/share/T106/esdk/tmp/sysroots/zx297520v3/usr/lib/arm-zxic-linux-gnueabi/9.3.0/crtbeginS.o -L/home/share/T106/esdk/tmp/sysroots/x86_64/usr/bin/arm-zxic-linux-gnueabi/../../lib/arm-zxic-linux-gnueabi/gcc/arm-zxic-linux-gnueabi/9.3.0 -L/home/share/T106/esdk/tmp/sysroots/x86_64/usr/bin/arm-zxic-linux-gnueabi/../../lib/arm-zxic-linux-gnueabi/gcc -L/home/share/T106/esdk/tmp/sysroots/zx297520v3/lib -L/home/share/T106/esdk/tmp/sysroots/zx297520v3/usr/lib/arm-zxic-linux-gnueabi/9.3.0 -L/home/share/T106/esdk/tmp/sysroots/zx297520v3/usr/lib -O1 --hash-style=gnu --as-needed -z relro -z now CMakeFiles/cmTC_e6616.dir/CMakeCXXCompilerABI.cpp.o -lstdc++ -lm -lgcc_s -lgcc -lc -lgcc_s -lgcc /home/share/T106/esdk/tmp/sysroots/zx297520v3/usr/lib/arm-zxic-linux-gnueabi/9.3.0/crtendS.o /home/share/T106/esdk/tmp/sysroots/zx297520v3/usr/lib/crtn.o
COLLECT_GCC_OPTIONS='--sysroot=/home/share/T106/esdk/tmp/sysroots/zx297520v3'  '-fstack-protector-all' '-pie' '-fPIE' '-D' '_FORTIFY_SOURCE=2' '-Wformat=1' '-Wformat-security' '-Werror=format-security' '-O2' '-pipe' '-g' '-feliminate-unused-debug-types' '-fstack-protector-all' '-v' '-rdynamic' '-o' 'cmTC_e6616' '-shared-libgcc' '-mtls-dialect=gnu' '-marm' '-march=armv7-a'
gmake[1]: Leaving directory '/home/nvidia/git/df/IDPS_DFCV/build/CMakeFiles/CMakeTmp'



Parsed CXX implicit include dir info from above output: rv=done
  found start of include info
  found start of implicit include info
    add: [/home/share/T106/esdk/tmp/sysroots/x86_64/usr/bin/arm-zxic-linux-gnueabi/../../lib/arm-zxic-linux-gnueabi/gcc/arm-zxic-linux-gnueabi/9.3.0/include]
    add: [/home/share/T106/esdk/tmp/sysroots/x86_64/usr/bin/arm-zxic-linux-gnueabi/../../lib/arm-zxic-linux-gnueabi/gcc/arm-zxic-linux-gnueabi/9.3.0/include-fixed]
    add: [/home/share/T106/esdk/tmp/sysroots/zx297520v3/usr/include/c++/9.3.0]
    add: [/home/share/T106/esdk/tmp/sysroots/zx297520v3/usr/include/c++/9.3.0/arm-zxic-linux-gnueabi]
    add: [/home/share/T106/esdk/tmp/sysroots/zx297520v3/usr/include/c++/9.3.0/backward]
    add: [/home/share/T106/esdk/tmp/sysroots/zx297520v3/usr/lib/arm-zxic-linux-gnueabi/9.3.0/include]
    add: [/home/share/T106/esdk/tmp/sysroots/zx297520v3/usr/include]
  end of search list found
  collapse include dir [/home/share/T106/esdk/tmp/sysroots/x86_64/usr/bin/arm-zxic-linux-gnueabi/../../lib/arm-zxic-linux-gnueabi/gcc/arm-zxic-linux-gnueabi/9.3.0/include] ==> [/home/share/T106/esdk/tmp/sysroots/x86_64/usr/lib/arm-zxic-linux-gnueabi/gcc/arm-zxic-linux-gnueabi/9.3.0/include]
  collapse include dir [/home/share/T106/esdk/tmp/sysroots/x86_64/usr/bin/arm-zxic-linux-gnueabi/../../lib/arm-zxic-linux-gnueabi/gcc/arm-zxic-linux-gnueabi/9.3.0/include-fixed] ==> [/home/share/T106/esdk/tmp/sysroots/x86_64/usr/lib/arm-zxic-linux-gnueabi/gcc/arm-zxic-linux-gnueabi/9.3.0/include-fixed]
  collapse include dir [/home/share/T106/esdk/tmp/sysroots/zx297520v3/usr/include/c++/9.3.0] ==> [/home/share/T106/esdk/tmp/sysroots/zx297520v3/usr/include/c++/9.3.0]
  collapse include dir [/home/share/T106/esdk/tmp/sysroots/zx297520v3/usr/include/c++/9.3.0/arm-zxic-linux-gnueabi] ==> [/home/share/T106/esdk/tmp/sysroots/zx297520v3/usr/include/c++/9.3.0/arm-zxic-linux-gnueabi]
  collapse include dir [/home/share/T106/esdk/tmp/sysroots/zx297520v3/usr/include/c++/9.3.0/backward] ==> [/home/share/T106/esdk/tmp/sysroots/zx297520v3/usr/include/c++/9.3.0/backward]
  collapse include dir [/home/share/T106/esdk/tmp/sysroots/zx297520v3/usr/lib/arm-zxic-linux-gnueabi/9.3.0/include] ==> [/home/share/T106/esdk/tmp/sysroots/zx297520v3/usr/lib/arm-zxic-linux-gnueabi/9.3.0/include]
  collapse include dir [/home/share/T106/esdk/tmp/sysroots/zx297520v3/usr/include] ==> [/home/share/T106/esdk/tmp/sysroots/zx297520v3/usr/include]
  implicit include dirs: [/home/share/T106/esdk/tmp/sysroots/x86_64/usr/lib/arm-zxic-linux-gnueabi/gcc/arm-zxic-linux-gnueabi/9.3.0/include;/home/share/T106/esdk/tmp/sysroots/x86_64/usr/lib/arm-zxic-linux-gnueabi/gcc/arm-zxic-linux-gnueabi/9.3.0/include-fixed;/home/share/T106/esdk/tmp/sysroots/zx297520v3/usr/include/c++/9.3.0;/home/share/T106/esdk/tmp/sysroots/zx297520v3/usr/include/c++/9.3.0/arm-zxic-linux-gnueabi;/home/share/T106/esdk/tmp/sysroots/zx297520v3/usr/include/c++/9.3.0/backward;/home/share/T106/esdk/tmp/sysroots/zx297520v3/usr/lib/arm-zxic-linux-gnueabi/9.3.0/include;/home/share/T106/esdk/tmp/sysroots/zx297520v3/usr/include]


Parsed CXX implicit link information from above output:
  link line regex: [^( *|.*[/\])(arm-zxic-linux-gnueabi-ld|CMAKE_LINK_STARTFILE-NOTFOUND|([^/\]+-)?ld|collect2)[^/\]*( |$)]
  ignore line: [Change Dir: /home/nvidia/git/df/IDPS_DFCV/build/CMakeFiles/CMakeTmp]
  ignore line: []
  ignore line: [Run Build Command(s):/usr/bin/gmake cmTC_e6616/fast && /usr/bin/gmake -f CMakeFiles/cmTC_e6616.dir/build.make CMakeFiles/cmTC_e6616.dir/build]
  ignore line: [gmake[1]: Entering directory '/home/nvidia/git/df/IDPS_DFCV/build/CMakeFiles/CMakeTmp']
  ignore line: [Building CXX object CMakeFiles/cmTC_e6616.dir/CMakeCXXCompilerABI.cpp.o]
  ignore line: [/home/share/T106/esdk/tmp/sysroots/x86_64/usr/bin/arm-zxic-linux-gnueabi/arm-zxic-linux-gnueabi-g++   -march=armv7-a  -fstack-protector-all  -pie -fPIE -D_FORTIFY_SOURCE=2 -Wformat -Wformat-security -Werror=format-security --sysroot=/home/share/T106/esdk/tmp/sysroots/zx297520v3 --sysroot=/home/share/T106/esdk/tmp/sysroots/zx297520v3    -O2 -pipe -g -feliminate-unused-debug-types     -v -o CMakeFiles/cmTC_e6616.dir/CMakeCXXCompilerABI.cpp.o -c /home/share/T106/esdk/tmp/sysroots/x86_64/usr/share/cmake-3.16/Modules/CMakeCXXCompilerABI.cpp]
  ignore line: [Using built-in specs.]
  ignore line: [COLLECT_GCC=/home/share/T106/esdk/tmp/sysroots/x86_64/usr/bin/arm-zxic-linux-gnueabi/arm-zxic-linux-gnueabi-g++]
  ignore line: [Target: arm-zxic-linux-gnueabi]
  ignore line: [Configured with: ../../../../../../work-shared/gcc-9.3.0-r0/gcc-9.3.0/configure --build=x86_64-linux --host=x86_64-linux --target=arm-zxic-linux-gnueabi --prefix=/host-native/usr --exec_prefix=/host-native/usr --bindir=/host-native/usr/bin/arm-zxic-linux-gnueabi --sbindir=/host-native/usr/bin/arm-zxic-linux-gnueabi --libexecdir=/host-native/usr/libexec/arm-zxic-linux-gnueabi --datadir=/host-native/usr/share --sysconfdir=/host-native/etc --sharedstatedir=/host-native/com --localstatedir=/host-native/var --libdir=/host-native/usr/lib/arm-zxic-linux-gnueabi --includedir=/host-native/usr/include --oldincludedir=/host-native/usr/include --infodir=/host-native/usr/share/info --mandir=/host-native/usr/share/man --disable-silent-rules --disable-dependency-tracking --with-libtool-sysroot=/host-native --enable-clocale=generic --with-gnu-ld --enable-shared --enable-languages=c,c++ --enable-threads=posix --disable-multilib --enable-default-pie --enable-c99 --enable-long-long --enable-symvers=gnu --enable-libstdcxx-pch --program-prefix=arm-zxic-linux-gnueabi- --without-local-prefix --disable-install-libiberty --enable-lto --disable-libssp --enable-libitm --disable-bootstrap --disable-libmudflap --with-system-zlib --with-linker-hash-style=sysv --enable-linker-build-id --with-ppl=no --with-cloog=no --enable-checking=release --enable-cheaders=c_global --without-isl --with-gxx-include-dir=/not/exist/usr/include/c++/9.3.0 --with-sysroot=/not/exist --with-build-sysroot=/host --enable-poison-system-directories --with-system-zlib --disable-static --disable-nls --with-glibc-version=2.28 --enable-initfini-array]
  ignore line: [Thread model: posix]
  ignore line: [gcc version 9.3.0 (GCC) ]
  ignore line: [COLLECT_GCC_OPTIONS='--sysroot=/home/share/T106/esdk/tmp/sysroots/zx297520v3'  '-fstack-protector-all' '-pie' '-fPIE' '-D' '_FORTIFY_SOURCE=2' '-Wformat=1' '-Wformat-security' '-Werror=format-security' '-O2' '-pipe' '-g' '-feliminate-unused-debug-types' '-v' '-o' 'CMakeFiles/cmTC_e6616.dir/CMakeCXXCompilerABI.cpp.o' '-c' '-shared-libgcc' '-mtls-dialect=gnu' '-marm' '-march=armv7-a']
  ignore line: [ /home/share/T106/esdk/tmp/sysroots/x86_64/usr/bin/arm-zxic-linux-gnueabi/../../libexec/arm-zxic-linux-gnueabi/gcc/arm-zxic-linux-gnueabi/9.3.0/cc1plus -quiet -v -iprefix /home/share/T106/esdk/tmp/sysroots/x86_64/usr/bin/arm-zxic-linux-gnueabi/../../lib/arm-zxic-linux-gnueabi/gcc/arm-zxic-linux-gnueabi/9.3.0/ -isysroot /home/share/T106/esdk/tmp/sysroots/zx297520v3 -D_GNU_SOURCE -D _FORTIFY_SOURCE=2 /home/share/T106/esdk/tmp/sysroots/x86_64/usr/share/cmake-3.16/Modules/CMakeCXXCompilerABI.cpp -quiet -dumpbase CMakeCXXCompilerABI.cpp -mtls-dialect=gnu -marm -march=armv7-a -auxbase-strip CMakeFiles/cmTC_e6616.dir/CMakeCXXCompilerABI.cpp.o -g -O2 -Wformat=1 -Wformat-security -Werror=format-security -version -fstack-protector-all -fPIE -feliminate-unused-debug-types -o - |]
  ignore line: [ /home/share/T106/esdk/tmp/sysroots/x86_64/usr/bin/arm-zxic-linux-gnueabi/../../libexec/arm-zxic-linux-gnueabi/gcc/arm-zxic-linux-gnueabi/9.3.0/as -v -march=armv7-a -meabi=5 -o CMakeFiles/cmTC_e6616.dir/CMakeCXXCompilerABI.cpp.o]
  ignore line: [GNU assembler version 2.34.0 (arm-zxic-linux-gnueabi) using BFD version (GNU Binutils) 2.34.0.20200220]
  ignore line: [GNU C++14 (GCC) version 9.3.0 (arm-zxic-linux-gnueabi)]
  ignore line: [	compiled by GNU C version 7.5.0  GMP version 6.2.0  MPFR version 4.0.2  MPC version 1.1.0  isl version none]
  ignore line: [GGC heuristics: --param ggc-min-expand=100 --param ggc-min-heapsize=131072]
  ignore line: [ignoring nonexistent directory "/home/share/T106/esdk/tmp/sysroots/x86_64/usr/bin/arm-zxic-linux-gnueabi/../../lib/arm-zxic-linux-gnueabi/gcc/arm-zxic-linux-gnueabi/9.3.0/../../../../../arm-zxic-linux-gnueabi/include"]
  ignore line: [ignoring duplicate directory "/home/share/T106/esdk/tmp/sysroots/x86_64/usr/bin/arm-zxic-linux-gnueabi/../../lib/arm-zxic-linux-gnueabi/gcc/../../../lib/arm-zxic-linux-gnueabi/gcc/arm-zxic-linux-gnueabi/9.3.0/include"]
  ignore line: [ignoring nonexistent directory "/home/share/T106/esdk/tmp/sysroots/zx297520v3/usr/local/include"]
  ignore line: [ignoring duplicate directory "/home/share/T106/esdk/tmp/sysroots/x86_64/usr/bin/arm-zxic-linux-gnueabi/../../lib/arm-zxic-linux-gnueabi/gcc/../../../lib/arm-zxic-linux-gnueabi/gcc/arm-zxic-linux-gnueabi/9.3.0/include-fixed"]
  ignore line: [ignoring nonexistent directory "/home/share/T106/esdk/tmp/sysroots/x86_64/usr/bin/arm-zxic-linux-gnueabi/../../lib/arm-zxic-linux-gnueabi/gcc/../../../lib/arm-zxic-linux-gnueabi/gcc/arm-zxic-linux-gnueabi/9.3.0/../../../../../arm-zxic-linux-gnueabi/include"]
  ignore line: [#include "..." search starts here:]
  ignore line: [#include <...> search starts here:]
  ignore line: [ /home/share/T106/esdk/tmp/sysroots/x86_64/usr/bin/arm-zxic-linux-gnueabi/../../lib/arm-zxic-linux-gnueabi/gcc/arm-zxic-linux-gnueabi/9.3.0/include]
  ignore line: [ /home/share/T106/esdk/tmp/sysroots/x86_64/usr/bin/arm-zxic-linux-gnueabi/../../lib/arm-zxic-linux-gnueabi/gcc/arm-zxic-linux-gnueabi/9.3.0/include-fixed]
  ignore line: [ /home/share/T106/esdk/tmp/sysroots/zx297520v3/usr/include/c++/9.3.0]
  ignore line: [ /home/share/T106/esdk/tmp/sysroots/zx297520v3/usr/include/c++/9.3.0/arm-zxic-linux-gnueabi]
  ignore line: [ /home/share/T106/esdk/tmp/sysroots/zx297520v3/usr/include/c++/9.3.0/backward]
  ignore line: [ /home/share/T106/esdk/tmp/sysroots/zx297520v3/usr/lib/arm-zxic-linux-gnueabi/9.3.0/include]
  ignore line: [ /home/share/T106/esdk/tmp/sysroots/zx297520v3/usr/include]
  ignore line: [End of search list.]
  ignore line: [GNU C++14 (GCC) version 9.3.0 (arm-zxic-linux-gnueabi)]
  ignore line: [	compiled by GNU C version 7.5.0  GMP version 6.2.0  MPFR version 4.0.2  MPC version 1.1.0  isl version none]
  ignore line: [GGC heuristics: --param ggc-min-expand=100 --param ggc-min-heapsize=131072]
  ignore line: [Compiler executable checksum: 8a4f1978918481de1c7fcb52beb93af3]
  ignore line: [COMPILER_PATH=/home/share/T106/esdk/tmp/sysroots/x86_64/usr/bin/arm-zxic-linux-gnueabi/../../libexec/arm-zxic-linux-gnueabi/gcc/arm-zxic-linux-gnueabi/9.3.0/:/home/share/T106/esdk/tmp/sysroots/x86_64/usr/bin/arm-zxic-linux-gnueabi/../../libexec/arm-zxic-linux-gnueabi/gcc/]
  ignore line: [LIBRARY_PATH=/home/share/T106/esdk/tmp/sysroots/x86_64/usr/bin/arm-zxic-linux-gnueabi/../../lib/arm-zxic-linux-gnueabi/gcc/arm-zxic-linux-gnueabi/9.3.0/:/home/share/T106/esdk/tmp/sysroots/x86_64/usr/bin/arm-zxic-linux-gnueabi/../../lib/arm-zxic-linux-gnueabi/gcc/:/home/share/T106/esdk/tmp/sysroots/zx297520v3/lib/:/home/share/T106/esdk/tmp/sysroots/zx297520v3/usr/lib/arm-zxic-linux-gnueabi/9.3.0/:/home/share/T106/esdk/tmp/sysroots/zx297520v3/usr/lib/]
  ignore line: [COLLECT_GCC_OPTIONS='--sysroot=/home/share/T106/esdk/tmp/sysroots/zx297520v3'  '-fstack-protector-all' '-pie' '-fPIE' '-D' '_FORTIFY_SOURCE=2' '-Wformat=1' '-Wformat-security' '-Werror=format-security' '-O2' '-pipe' '-g' '-feliminate-unused-debug-types' '-v' '-o' 'CMakeFiles/cmTC_e6616.dir/CMakeCXXCompilerABI.cpp.o' '-c' '-shared-libgcc' '-mtls-dialect=gnu' '-marm' '-march=armv7-a']
  ignore line: [Linking CXX executable cmTC_e6616]
  ignore line: [/home/share/T106/esdk/tmp/sysroots/x86_64/usr/bin/cmake -E cmake_link_script CMakeFiles/cmTC_e6616.dir/link.txt --verbose=1]
  ignore line: [/home/share/T106/esdk/tmp/sysroots/x86_64/usr/bin/arm-zxic-linux-gnueabi/arm-zxic-linux-gnueabi-g++   -march=armv7-a  -fstack-protector-all  -pie -fPIE -D_FORTIFY_SOURCE=2 -Wformat -Wformat-security -Werror=format-security --sysroot=/home/share/T106/esdk/tmp/sysroots/zx297520v3 --sysroot=/home/share/T106/esdk/tmp/sysroots/zx297520v3   -O2 -pipe -g -feliminate-unused-debug-types    -Wl -O1 -Wl --hash-style=gnu -Wl --as-needed  -fstack-protector-all -Wl -z relro -z now -v -rdynamic CMakeFiles/cmTC_e6616.dir/CMakeCXXCompilerABI.cpp.o  -o cmTC_e6616 ]
  ignore line: [Using built-in specs.]
  ignore line: [COLLECT_GCC=/home/share/T106/esdk/tmp/sysroots/x86_64/usr/bin/arm-zxic-linux-gnueabi/arm-zxic-linux-gnueabi-g++]
  ignore line: [COLLECT_LTO_WRAPPER=/home/share/T106/esdk/tmp/sysroots/x86_64/usr/bin/arm-zxic-linux-gnueabi/../../libexec/arm-zxic-linux-gnueabi/gcc/arm-zxic-linux-gnueabi/9.3.0/lto-wrapper]
  ignore line: [Target: arm-zxic-linux-gnueabi]
  ignore line: [Configured with: ../../../../../../work-shared/gcc-9.3.0-r0/gcc-9.3.0/configure --build=x86_64-linux --host=x86_64-linux --target=arm-zxic-linux-gnueabi --prefix=/host-native/usr --exec_prefix=/host-native/usr --bindir=/host-native/usr/bin/arm-zxic-linux-gnueabi --sbindir=/host-native/usr/bin/arm-zxic-linux-gnueabi --libexecdir=/host-native/usr/libexec/arm-zxic-linux-gnueabi --datadir=/host-native/usr/share --sysconfdir=/host-native/etc --sharedstatedir=/host-native/com --localstatedir=/host-native/var --libdir=/host-native/usr/lib/arm-zxic-linux-gnueabi --includedir=/host-native/usr/include --oldincludedir=/host-native/usr/include --infodir=/host-native/usr/share/info --mandir=/host-native/usr/share/man --disable-silent-rules --disable-dependency-tracking --with-libtool-sysroot=/host-native --enable-clocale=generic --with-gnu-ld --enable-shared --enable-languages=c,c++ --enable-threads=posix --disable-multilib --enable-default-pie --enable-c99 --enable-long-long --enable-symvers=gnu --enable-libstdcxx-pch --program-prefix=arm-zxic-linux-gnueabi- --without-local-prefix --disable-install-libiberty --enable-lto --disable-libssp --enable-libitm --disable-bootstrap --disable-libmudflap --with-system-zlib --with-linker-hash-style=sysv --enable-linker-build-id --with-ppl=no --with-cloog=no --enable-checking=release --enable-cheaders=c_global --without-isl --with-gxx-include-dir=/not/exist/usr/include/c++/9.3.0 --with-sysroot=/not/exist --with-build-sysroot=/host --enable-poison-system-directories --with-system-zlib --disable-static --disable-nls --with-glibc-version=2.28 --enable-initfini-array]
  ignore line: [Thread model: posix]
  ignore line: [gcc version 9.3.0 (GCC) ]
  ignore line: [COMPILER_PATH=/home/share/T106/esdk/tmp/sysroots/x86_64/usr/bin/arm-zxic-linux-gnueabi/../../libexec/arm-zxic-linux-gnueabi/gcc/arm-zxic-linux-gnueabi/9.3.0/:/home/share/T106/esdk/tmp/sysroots/x86_64/usr/bin/arm-zxic-linux-gnueabi/../../libexec/arm-zxic-linux-gnueabi/gcc/]
  ignore line: [LIBRARY_PATH=/home/share/T106/esdk/tmp/sysroots/x86_64/usr/bin/arm-zxic-linux-gnueabi/../../lib/arm-zxic-linux-gnueabi/gcc/arm-zxic-linux-gnueabi/9.3.0/:/home/share/T106/esdk/tmp/sysroots/x86_64/usr/bin/arm-zxic-linux-gnueabi/../../lib/arm-zxic-linux-gnueabi/gcc/:/home/share/T106/esdk/tmp/sysroots/zx297520v3/lib/:/home/share/T106/esdk/tmp/sysroots/zx297520v3/usr/lib/arm-zxic-linux-gnueabi/9.3.0/:/home/share/T106/esdk/tmp/sysroots/zx297520v3/usr/lib/]
  ignore line: [COLLECT_GCC_OPTIONS='--sysroot=/home/share/T106/esdk/tmp/sysroots/zx297520v3'  '-fstack-protector-all' '-pie' '-fPIE' '-D' '_FORTIFY_SOURCE=2' '-Wformat=1' '-Wformat-security' '-Werror=format-security' '-O2' '-pipe' '-g' '-feliminate-unused-debug-types' '-fstack-protector-all' '-v' '-rdynamic' '-o' 'cmTC_e6616' '-shared-libgcc' '-mtls-dialect=gnu' '-marm' '-march=armv7-a']
  link line: [ /home/share/T106/esdk/tmp/sysroots/x86_64/usr/bin/arm-zxic-linux-gnueabi/../../libexec/arm-zxic-linux-gnueabi/gcc/arm-zxic-linux-gnueabi/9.3.0/collect2 -plugin /home/share/T106/esdk/tmp/sysroots/x86_64/usr/bin/arm-zxic-linux-gnueabi/../../libexec/arm-zxic-linux-gnueabi/gcc/arm-zxic-linux-gnueabi/9.3.0/liblto_plugin.so -plugin-opt=/home/share/T106/esdk/tmp/sysroots/x86_64/usr/bin/arm-zxic-linux-gnueabi/../../libexec/arm-zxic-linux-gnueabi/gcc/arm-zxic-linux-gnueabi/9.3.0/lto-wrapper -plugin-opt=-fresolution=/tmp/ccKJpsBq.res -plugin-opt=-pass-through=-lgcc_s -plugin-opt=-pass-through=-lgcc -plugin-opt=-pass-through=-lc -plugin-opt=-pass-through=-lgcc_s -plugin-opt=-pass-through=-lgcc --sysroot=/home/share/T106/esdk/tmp/sysroots/zx297520v3 --build-id --eh-frame-hdr --hash-style=sysv -export-dynamic -dynamic-linker /lib/ld-linux.so.3 -X -m armelf_linux_eabi -pie -o cmTC_e6616 /home/share/T106/esdk/tmp/sysroots/zx297520v3/usr/lib/Scrt1.o /home/share/T106/esdk/tmp/sysroots/zx297520v3/usr/lib/crti.o /home/share/T106/esdk/tmp/sysroots/zx297520v3/usr/lib/arm-zxic-linux-gnueabi/9.3.0/crtbeginS.o -L/home/share/T106/esdk/tmp/sysroots/x86_64/usr/bin/arm-zxic-linux-gnueabi/../../lib/arm-zxic-linux-gnueabi/gcc/arm-zxic-linux-gnueabi/9.3.0 -L/home/share/T106/esdk/tmp/sysroots/x86_64/usr/bin/arm-zxic-linux-gnueabi/../../lib/arm-zxic-linux-gnueabi/gcc -L/home/share/T106/esdk/tmp/sysroots/zx297520v3/lib -L/home/share/T106/esdk/tmp/sysroots/zx297520v3/usr/lib/arm-zxic-linux-gnueabi/9.3.0 -L/home/share/T106/esdk/tmp/sysroots/zx297520v3/usr/lib -O1 --hash-style=gnu --as-needed -z relro -z now CMakeFiles/cmTC_e6616.dir/CMakeCXXCompilerABI.cpp.o -lstdc++ -lm -lgcc_s -lgcc -lc -lgcc_s -lgcc /home/share/T106/esdk/tmp/sysroots/zx297520v3/usr/lib/arm-zxic-linux-gnueabi/9.3.0/crtendS.o /home/share/T106/esdk/tmp/sysroots/zx297520v3/usr/lib/crtn.o]
    arg [/home/share/T106/esdk/tmp/sysroots/x86_64/usr/bin/arm-zxic-linux-gnueabi/../../libexec/arm-zxic-linux-gnueabi/gcc/arm-zxic-linux-gnueabi/9.3.0/collect2] ==> ignore
    arg [-plugin] ==> ignore
    arg [/home/share/T106/esdk/tmp/sysroots/x86_64/usr/bin/arm-zxic-linux-gnueabi/../../libexec/arm-zxic-linux-gnueabi/gcc/arm-zxic-linux-gnueabi/9.3.0/liblto_plugin.so] ==> ignore
    arg [-plugin-opt=/home/share/T106/esdk/tmp/sysroots/x86_64/usr/bin/arm-zxic-linux-gnueabi/../../libexec/arm-zxic-linux-gnueabi/gcc/arm-zxic-linux-gnueabi/9.3.0/lto-wrapper] ==> ignore
    arg [-plugin-opt=-fresolution=/tmp/ccKJpsBq.res] ==> ignore
    arg [-plugin-opt=-pass-through=-lgcc_s] ==> ignore
    arg [-plugin-opt=-pass-through=-lgcc] ==> ignore
    arg [-plugin-opt=-pass-through=-lc] ==> ignore
    arg [-plugin-opt=-pass-through=-lgcc_s] ==> ignore
    arg [-plugin-opt=-pass-through=-lgcc] ==> ignore
    arg [--sysroot=/home/share/T106/esdk/tmp/sysroots/zx297520v3] ==> ignore
    arg [--build-id] ==> ignore
    arg [--eh-frame-hdr] ==> ignore
    arg [--hash-style=sysv] ==> ignore
    arg [-export-dynamic] ==> ignore
    arg [-dynamic-linker] ==> ignore
    arg [/lib/ld-linux.so.3] ==> ignore
    arg [-X] ==> ignore
    arg [-m] ==> ignore
    arg [armelf_linux_eabi] ==> ignore
    arg [-pie] ==> ignore
    arg [-o] ==> ignore
    arg [cmTC_e6616] ==> ignore
    arg [/home/share/T106/esdk/tmp/sysroots/zx297520v3/usr/lib/Scrt1.o] ==> ignore
    arg [/home/share/T106/esdk/tmp/sysroots/zx297520v3/usr/lib/crti.o] ==> ignore
    arg [/home/share/T106/esdk/tmp/sysroots/zx297520v3/usr/lib/arm-zxic-linux-gnueabi/9.3.0/crtbeginS.o] ==> ignore
    arg [-L/home/share/T106/esdk/tmp/sysroots/x86_64/usr/bin/arm-zxic-linux-gnueabi/../../lib/arm-zxic-linux-gnueabi/gcc/arm-zxic-linux-gnueabi/9.3.0] ==> dir [/home/share/T106/esdk/tmp/sysroots/x86_64/usr/bin/arm-zxic-linux-gnueabi/../../lib/arm-zxic-linux-gnueabi/gcc/arm-zxic-linux-gnueabi/9.3.0]
    arg [-L/home/share/T106/esdk/tmp/sysroots/x86_64/usr/bin/arm-zxic-linux-gnueabi/../../lib/arm-zxic-linux-gnueabi/gcc] ==> dir [/home/share/T106/esdk/tmp/sysroots/x86_64/usr/bin/arm-zxic-linux-gnueabi/../../lib/arm-zxic-linux-gnueabi/gcc]
    arg [-L/home/share/T106/esdk/tmp/sysroots/zx297520v3/lib] ==> dir [/home/share/T106/esdk/tmp/sysroots/zx297520v3/lib]
    arg [-L/home/share/T106/esdk/tmp/sysroots/zx297520v3/usr/lib/arm-zxic-linux-gnueabi/9.3.0] ==> dir [/home/share/T106/esdk/tmp/sysroots/zx297520v3/usr/lib/arm-zxic-linux-gnueabi/9.3.0]
    arg [-L/home/share/T106/esdk/tmp/sysroots/zx297520v3/usr/lib] ==> dir [/home/share/T106/esdk/tmp/sysroots/zx297520v3/usr/lib]
    arg [-O1] ==> ignore
    arg [--hash-style=gnu] ==> ignore
    arg [--as-needed] ==> ignore
    arg [-zrelro] ==> ignore
    arg [-znow] ==> ignore
    arg [CMakeFiles/cmTC_e6616.dir/CMakeCXXCompilerABI.cpp.o] ==> ignore
    arg [-lstdc++] ==> lib [stdc++]
    arg [-lm] ==> lib [m]
    arg [-lgcc_s] ==> lib [gcc_s]
    arg [-lgcc] ==> lib [gcc]
    arg [-lc] ==> lib [c]
    arg [-lgcc_s] ==> lib [gcc_s]
    arg [-lgcc] ==> lib [gcc]
    arg [/home/share/T106/esdk/tmp/sysroots/zx297520v3/usr/lib/arm-zxic-linux-gnueabi/9.3.0/crtendS.o] ==> ignore
    arg [/home/share/T106/esdk/tmp/sysroots/zx297520v3/usr/lib/crtn.o] ==> ignore
  collapse library dir [/home/share/T106/esdk/tmp/sysroots/x86_64/usr/bin/arm-zxic-linux-gnueabi/../../lib/arm-zxic-linux-gnueabi/gcc/arm-zxic-linux-gnueabi/9.3.0] ==> [/home/share/T106/esdk/tmp/sysroots/x86_64/usr/lib/arm-zxic-linux-gnueabi/gcc/arm-zxic-linux-gnueabi/9.3.0]
  collapse library dir [/home/share/T106/esdk/tmp/sysroots/x86_64/usr/bin/arm-zxic-linux-gnueabi/../../lib/arm-zxic-linux-gnueabi/gcc] ==> [/home/share/T106/esdk/tmp/sysroots/x86_64/usr/lib/arm-zxic-linux-gnueabi/gcc]
  collapse library dir [/home/share/T106/esdk/tmp/sysroots/zx297520v3/lib] ==> [/home/share/T106/esdk/tmp/sysroots/zx297520v3/lib]
  collapse library dir [/home/share/T106/esdk/tmp/sysroots/zx297520v3/usr/lib/arm-zxic-linux-gnueabi/9.3.0] ==> [/home/share/T106/esdk/tmp/sysroots/zx297520v3/usr/lib/arm-zxic-linux-gnueabi/9.3.0]
  collapse library dir [/home/share/T106/esdk/tmp/sysroots/zx297520v3/usr/lib] ==> [/home/share/T106/esdk/tmp/sysroots/zx297520v3/usr/lib]
  implicit libs: [stdc++;m;gcc_s;gcc;c;gcc_s;gcc]
  implicit dirs: [/home/share/T106/esdk/tmp/sysroots/x86_64/usr/lib/arm-zxic-linux-gnueabi/gcc/arm-zxic-linux-gnueabi/9.3.0;/home/share/T106/esdk/tmp/sysroots/x86_64/usr/lib/arm-zxic-linux-gnueabi/gcc;/home/share/T106/esdk/tmp/sysroots/zx297520v3/lib;/home/share/T106/esdk/tmp/sysroots/zx297520v3/usr/lib/arm-zxic-linux-gnueabi/9.3.0;/home/share/T106/esdk/tmp/sysroots/zx297520v3/usr/lib]
  implicit fwks: []


